<?xml version="1.0" encoding="UTF-8"?>
<testsuites>
  <testsuite name="between-within" timestamp="2023-08-25T03:37:11Z" hostname="a611bdc3347a" tests="53" skipped="1" failures="0" errors="0" time="0.682">
    <testcase time="0.0249999999999999" classname="between_within" name="h_within_or_between_works_as_expected"/>
    <testcase time="0.028" classname="between_within" name="h_within_or_between_works_as_expected"/>
    <testcase time="0.0329999999999999" classname="between_within" name="h_df_bw_calc_works_as_expected_for_the_vignette_example"/>
    <testcase time="0.00100000000000033" classname="between_within" name="h_df_bw_calc_works_as_expected_for_the_vignette_example"/>
    <testcase time="0.00099999999999989" classname="between_within" name="h_df_bw_calc_works_as_expected_for_the_vignette_example"/>
    <testcase time="0.004" classname="between_within" name="h_df_bw_calc_works_as_expected_for_the_vignette_example"/>
    <testcase time="0.004" classname="between_within" name="h_df_bw_calc_works_as_expected_for_the_vignette_example"/>
    <testcase time="0.00199999999999978" classname="between_within" name="h_df_bw_calc_works_as_expected_for_the_vignette_example"/>
    <testcase time="0.0700000000000003" classname="between_within" name="h_df_bw_calc_works_as_expected_for_the_vignette_example">
      <skipped message="Reason: On CRAN ('test-between-within.R:29:3')"/>
    </testcase>
    <testcase time="0.0669999999999997" classname="between_within" name="h_df_bw_calc_works_as_expected_for_a_model_with_only_intercept"/>
    <testcase time="0.004" classname="between_within" name="h_df_bw_calc_works_as_expected_for_a_model_with_only_intercept"/>
    <testcase time="0.004" classname="between_within" name="h_df_bw_calc_works_as_expected_for_a_model_with_only_intercept"/>
    <testcase time="0.0260000000000002" classname="between_within" name="h_df_min_bw_works_as_expected"/>
    <testcase time="0.004" classname="between_within" name="h_df_min_bw_works_as_expected"/>
    <testcase time="0.00199999999999978" classname="between_within" name="h_df_min_bw_works_as_expected"/>
    <testcase time="0.004" classname="between_within" name="h_df_min_bw_works_as_expected"/>
    <testcase time="0.0249999999999999" classname="between_within" name="h_df_min_bw_also_works_without_names_because_contrast_might_not_have_names_"/>
    <testcase time="0.00100000000000033" classname="between_within" name="h_df_min_bw_also_works_without_names_because_contrast_might_not_have_names_"/>
    <testcase time="0.0339999999999998" classname="between_within" name="h_df_1d_bw_works_as_expected_for_a_model_with_only_intercept"/>
    <testcase time="0.00099999999999989" classname="between_within" name="h_df_1d_bw_works_as_expected_for_a_model_with_only_intercept"/>
    <testcase time="0.00700000000000012" classname="between_within" name="h_df_1d_bw_works_as_expected_for_a_model_with_only_intercept"/>
    <testcase time="0.004" classname="between_within" name="h_df_1d_bw_works_as_expected_for_a_model_with_only_intercept"/>
    <testcase time="0.004" classname="between_within" name="h_df_1d_bw_works_as_expected_for_a_model_with_only_intercept"/>
    <testcase time="0.00499999999999989" classname="between_within" name="h_df_1d_bw_works_as_expected_for_a_model_with_only_intercept"/>
    <testcase time="0.0100000000000002" classname="between_within" name="h_df_1d_bw_works_as_expected_for_a_model_with_only_intercept"/>
    <testcase time="0.0429999999999997" classname="between_within" name="h_df_1d_bw_works_as_expected_for_univariate_linear_combination_contrasts"/>
    <testcase time="0.00500000000000034" classname="between_within" name="h_df_1d_bw_works_as_expected_for_univariate_linear_combination_contrasts"/>
    <testcase time="0.00800000000000001" classname="between_within" name="h_df_1d_bw_works_as_expected_for_univariate_linear_combination_contrasts"/>
    <testcase time="0.004" classname="between_within" name="h_df_1d_bw_works_as_expected_for_univariate_linear_combination_contrasts"/>
    <testcase time="0.0569999999999999" classname="between_within" name="h_df_1d_bw_works_as_expected_for_singular_fits"/>
    <testcase time="0.00300000000000011" classname="between_within" name="h_df_1d_bw_works_as_expected_for_singular_fits"/>
    <testcase time="0.004" classname="between_within" name="h_df_1d_bw_works_as_expected_for_singular_fits"/>
    <testcase time="0.0259999999999998" classname="between_within" name="h_df_md_bw_works_as_expected_between_effect"/>
    <testcase time="0.00099999999999989" classname="between_within" name="h_df_md_bw_works_as_expected_between_effect"/>
    <testcase time="0.004" classname="between_within" name="h_df_md_bw_works_as_expected_between_effect"/>
    <testcase time="0.004" classname="between_within" name="h_df_md_bw_works_as_expected_between_effect"/>
    <testcase time="0.00499999999999989" classname="between_within" name="h_df_md_bw_works_as_expected_between_effect"/>
    <testcase time="0.004" classname="between_within" name="h_df_md_bw_works_as_expected_between_effect"/>
    <testcase time="0.0310000000000001" classname="between_within" name="h_df_md_bw_works_as_expected_within_effect"/>
    <testcase time="0.00099999999999989" classname="between_within" name="h_df_md_bw_works_as_expected_within_effect"/>
    <testcase time="0.00500000000000034" classname="between_within" name="h_df_md_bw_works_as_expected_within_effect"/>
    <testcase time="0.004" classname="between_within" name="h_df_md_bw_works_as_expected_within_effect"/>
    <testcase time="0.00499999999999989" classname="between_within" name="h_df_md_bw_works_as_expected_within_effect"/>
    <testcase time="0.004" classname="between_within" name="h_df_md_bw_works_as_expected_within_effect"/>
    <testcase time="0.0249999999999999" classname="between_within" name="h_df_md_bw_works_as_expected_both_effects"/>
    <testcase time="0.00200000000000022" classname="between_within" name="h_df_md_bw_works_as_expected_both_effects"/>
    <testcase time="0.004" classname="between_within" name="h_df_md_bw_works_as_expected_both_effects"/>
    <testcase time="0.004" classname="between_within" name="h_df_md_bw_works_as_expected_both_effects"/>
    <testcase time="0.00499999999999989" classname="between_within" name="h_df_md_bw_works_as_expected_both_effects"/>
    <testcase time="0.004" classname="between_within" name="h_df_md_bw_works_as_expected_both_effects"/>
    <testcase time="0.0249999999999999" classname="between_within" name="h_df_md_bw_works_as_expected_for_rank_deficient_model"/>
    <testcase time="0.0209999999999999" classname="between_within" name="h_df_md_bw_works_as_expected_for_rank_deficient_model"/>
    <testcase time="0.004" classname="between_within" name="h_df_md_bw_works_as_expected_for_rank_deficient_model"/>
  </testsuite>
  <testsuite name="component" timestamp="2023-08-25T03:37:11Z" hostname="a611bdc3347a" tests="22" skipped="0" failures="0" errors="0" time="0.196">
    <testcase time="0.0289999999999999" classname="component" name="component_works_as_expected_for_mmrm_tmb_objects"/>
    <testcase time="0.00100000000000033" classname="component" name="component_works_as_expected_for_mmrm_tmb_objects"/>
    <testcase time="0.00499999999999989" classname="component" name="component_works_as_expected_for_mmrm_tmb_objects"/>
    <testcase time="0.00099999999999989" classname="component" name="component_works_as_expected_for_mmrm_tmb_objects"/>
    <testcase time="0.00099999999999989" classname="component" name="component_works_as_expected_for_mmrm_tmb_objects"/>
    <testcase time="0.00500000000000034" classname="component" name="component_works_as_expected_for_mmrm_tmb_objects"/>
    <testcase time="0.004" classname="component" name="component_works_as_expected_for_mmrm_tmb_objects"/>
    <testcase time="0.004" classname="component" name="component_works_as_expected_for_mmrm_tmb_objects"/>
    <testcase time="0.0109999999999997" classname="component" name="component_returns_adjusted_beta_vcov_matrix_for_Kenward_Roger_adjusted_mmrm"/>
    <testcase time="0.0110000000000001" classname="component" name="component_returns_empirical_beta_vcov_matrix"/>
    <testcase time="0.0100000000000002" classname="component" name="component_returns_Jackknife_beta_vcov_matrix"/>
    <testcase time="0.0109999999999997" classname="component" name="component_produces_complete_coefficient_vector_as_expected_in_full_rank_model"/>
    <testcase time="0.0340000000000003" classname="component" name="component_returns_coefficient_vectors_as_expected_in_rank_deficient_model"/>
    <testcase time="0.004" classname="component" name="component_returns_coefficient_vectors_as_expected_in_rank_deficient_model"/>
    <testcase time="0.004" classname="component" name="component_returns_coefficient_vectors_as_expected_in_rank_deficient_model"/>
    <testcase time="0.00199999999999978" classname="component" name="component_returns_coefficient_vectors_as_expected_in_rank_deficient_model"/>
    <testcase time="0.0089999999999999" classname="component" name="component_produces_complete_variance_covariance_matrix_as_expected_in_full_rank_model"/>
    <testcase time="0.036" classname="component" name="component_returns_complete_variance_covariance_matrix_as_expected_in_rank_deficient_model"/>
    <testcase time="0.00200000000000022" classname="component" name="component_returns_complete_variance_covariance_matrix_as_expected_in_rank_deficient_model"/>
    <testcase time="0.004" classname="component" name="component_returns_complete_variance_covariance_matrix_as_expected_in_rank_deficient_model"/>
    <testcase time="0.004" classname="component" name="component_returns_complete_variance_covariance_matrix_as_expected_in_rank_deficient_model"/>
    <testcase time="0.004" classname="component" name="component_returns_complete_variance_covariance_matrix_as_expected_in_rank_deficient_model"/>
  </testsuite>
  <testsuite name="cov-struct" timestamp="2023-08-25T03:37:11Z" hostname="a611bdc3347a" tests="34" skipped="0" failures="0" errors="0" time="0.269">
    <testcase time="0.024" classname="cov_struct" name="cov_struct_can_be_produced_from_string_variable_names"/>
    <testcase time="0.00699999999999967" classname="cov_struct" name="cov_struct_can_be_produced_from_string_variable_names"/>
    <testcase time="0.00500000000000034" classname="cov_struct" name="cov_struct_can_be_produced_from_string_variable_names"/>
    <testcase time="0.00499999999999989" classname="cov_struct" name="cov_struct_can_be_produced_from_string_variable_names"/>
    <testcase time="0.0209999999999999" classname="cov_struct" name="cov_struct_raises_errors_for_common_mis_specifications"/>
    <testcase time="0.00700000000000012" classname="cov_struct" name="cov_struct_raises_errors_for_common_mis_specifications"/>
    <testcase time="0.00599999999999978" classname="cov_struct" name="cov_struct_raises_errors_for_common_mis_specifications"/>
    <testcase time="0.00600000000000023" classname="cov_struct" name="cov_struct_raises_errors_for_common_mis_specifications"/>
    <testcase time="0.0110000000000001" classname="cov_struct" name="as.cov_struct_returns_self_if_already_a_cov_struct"/>
    <testcase time="0.0129999999999999" classname="cov_struct" name="as.cov_struct_can_derive_a_covariance_structure_from_a_formula"/>
    <testcase time="0.00599999999999978" classname="cov_struct" name="as.cov_struct_can_derive_a_covariance_structure_from_a_formula"/>
    <testcase time="0.00700000000000012" classname="cov_struct" name="as.cov_struct_can_derive_a_covariance_structure_from_a_formula"/>
    <testcase time="0.00600000000000023" classname="cov_struct" name="as.cov_struct_can_derive_a_covariance_structure_from_a_formula"/>
    <testcase time="0.0109999999999997" classname="cov_struct" name="tmb_cov_type_derives_abbreviated_string_from_covariance_structure"/>
    <testcase time="0.00500000000000034" classname="cov_struct" name="tmb_cov_type_derives_abbreviated_string_from_covariance_structure"/>
    <testcase time="0.00999999999999979" classname="cov_struct" name="cov_types_returns_list_of_covariance_structure_keywords"/>
    <testcase time="0.004" classname="cov_struct" name="cov_types_returns_list_of_covariance_structure_keywords"/>
    <testcase time="0.004" classname="cov_struct" name="cov_types_returns_list_of_covariance_structure_keywords"/>
    <testcase time="0.004" classname="cov_struct" name="cov_types_returns_list_of_covariance_structure_keywords"/>
    <testcase time="0.00999999999999979" classname="cov_struct" name="cov_type_abbr_converts_full_names_to_abbreviations"/>
    <testcase time="0.004" classname="cov_struct" name="cov_type_abbr_converts_full_names_to_abbreviations"/>
    <testcase time="0.004" classname="cov_struct" name="cov_type_abbr_converts_full_names_to_abbreviations"/>
    <testcase time="0.004" classname="cov_struct" name="cov_type_abbr_converts_full_names_to_abbreviations"/>
    <testcase time="0.0100000000000002" classname="cov_struct" name="cov_type_name_converts_full_names_to_full_name"/>
    <testcase time="0.00499999999999989" classname="cov_struct" name="cov_type_name_converts_full_names_to_full_name"/>
    <testcase time="0.0100000000000002" classname="cov_struct" name="cov_type_name_converts_full_names_to_full_name"/>
    <testcase time="0.00999999999999979" classname="cov_struct" name="print.cov_struct_pretty_formats_covariance_structure_object"/>
    <testcase time="0.004" classname="cov_struct" name="print.cov_struct_pretty_formats_covariance_structure_object"/>
    <testcase time="0.00499999999999989" classname="cov_struct" name="print.cov_struct_pretty_formats_covariance_structure_object"/>
    <testcase time="0.00900000000000034" classname="cov_struct" name="h_reconcile_cov_struct_works_if_covariance_is_a_formula"/>
    <testcase time="0.00499999999999989" classname="cov_struct" name="h_reconcile_cov_struct_works_if_covariance_is_a_formula"/>
    <testcase time="0.0089999999999999" classname="cov_struct" name="h_reconcile_cov_struct_works_if_covariance_is_a_cov_struct"/>
    <testcase time="0.004" classname="cov_struct" name="h_reconcile_cov_struct_works_if_covariance_is_a_cov_struct"/>
    <testcase time="0.0140000000000002" classname="cov_struct" name="h_reconcile_cov_struct_errors_if_multiple_covarinace_spotted"/>
  </testsuite>
  <testsuite name="cpp-covariance" timestamp="2023-08-25T03:37:12Z" hostname="a611bdc3347a" tests="11" skipped="0" failures="0" errors="0" time="0.123">
    <testcase time="0.016" classname="cpp_covariance" name="prepare_numbers_for_homogeneous_ante_dependence_tests"/>
    <testcase time="0.00999999999999979" classname="cpp_covariance" name="prepare_numbers_for_heterogeneous_ante_dependence_tests"/>
    <testcase time="0.0110000000000001" classname="cpp_covariance" name="prepare_numbers_for_homogeneous_toeplitz_tests"/>
    <testcase time="0.0109999999999997" classname="cpp_covariance" name="prepare_numbers_for_heterogeneous_toeplitz_tests"/>
    <testcase time="0.0100000000000002" classname="cpp_covariance" name="prepare_numbers_for_autoregressive_correlation_function_test"/>
    <testcase time="0.00499999999999989" classname="cpp_covariance" name="prepare_numbers_for_autoregressive_correlation_function_test"/>
    <testcase time="0.012" classname="cpp_covariance" name="prepare_numbers_for_homogeneous_autoregressive_tests"/>
    <testcase time="0.0110000000000001" classname="cpp_covariance" name="prepare_numbers_for_heterogeneous_autoregressive_tests"/>
    <testcase time="0.00999999999999979" classname="cpp_covariance" name="prepare_numbers_for_compound_symmetry_correlation_function_test"/>
    <testcase time="0.0110000000000001" classname="cpp_covariance" name="prepare_numbers_for_homogeneous_compound_symmetry_tests"/>
    <testcase time="0.016" classname="cpp_covariance" name="prepare_numbers_for_heterogeneous_compound_symmetry_tests"/>
  </testsuite>
  <testsuite name="cpp-utils" timestamp="2023-08-25T03:37:12Z" hostname="a611bdc3347a" tests="3" skipped="0" failures="0" errors="0" time="0.05">
    <testcase time="0.0150000000000001" classname="cpp_utils" name="prepare_numbers_for_get_corr_mat_chol_tests"/>
    <testcase time="0.0129999999999999" classname="cpp_utils" name="prepare_numbers_for_pseudoInverseSqrt"/>
    <testcase time="0.0219999999999998" classname="cpp_utils" name="prepare_numbers_for_pseudoInverseSqrt_rank_deficient"/>
  </testsuite>
  <testsuite name="cholesky cache" timestamp="2023-08-25T03:37:12Z" hostname="a611bdc3347a" tests="54" skipped="0" failures="0" errors="0" time="0.071">
    <testcase time="0.028" classname="cholesky_cache" name="cached_cholesky_stores_result_correctly"/>
    <testcase time="0.00100000000000033" classname="cholesky_cache" name="cached_cholesky_stores_result_correctly"/>
    <testcase time="0" classname="cholesky_cache" name="cached_cholesky_stores_result_correctly"/>
    <testcase time="0.00099999999999989" classname="cholesky_cache" name="cached_cholesky_stores_result_correctly"/>
    <testcase time="0.00099999999999989" classname="cholesky_cache" name="cached_cholesky_stores_result_correctly"/>
    <testcase time="0" classname="cholesky_cache" name="cached_cholesky_stores_result_correctly"/>
    <testcase time="0.00099999999999989" classname="cholesky_cache" name="cached_cholesky_stores_result_correctly"/>
    <testcase time="0.00100000000000033" classname="cholesky_cache" name="cached_cholesky_stores_result_correctly"/>
    <testcase time="0.00099999999999989" classname="cholesky_cache" name="cached_cholesky_stores_result_correctly"/>
    <testcase time="0" classname="cholesky_cache" name="cached_cholesky_stores_result_correctly"/>
    <testcase time="0.00099999999999989" classname="cholesky_cache" name="cached_cholesky_stores_result_correctly"/>
    <testcase time="0.00099999999999989" classname="cholesky_cache" name="cached_cholesky_stores_result_correctly"/>
    <testcase time="0.00100000000000033" classname="cholesky_cache" name="cached_cholesky_stores_result_correctly"/>
    <testcase time="0" classname="cholesky_cache" name="cached_cholesky_stores_result_correctly"/>
    <testcase time="0.00099999999999989" classname="cholesky_cache" name="cached_cholesky_stores_result_correctly"/>
    <testcase time="0.00099999999999989" classname="cholesky_cache" name="cached_cholesky_stores_result_correctly"/>
    <testcase time="0.00099999999999989" classname="cholesky_cache" name="cached_cholesky_stores_result_correctly"/>
    <testcase time="0" classname="cholesky_cache" name="cached_cholesky_stores_result_correctly"/>
    <testcase time="0.00100000000000033" classname="cholesky_cache" name="cached_cholesky_stores_result_correctly"/>
    <testcase time="0.00099999999999989" classname="cholesky_cache" name="cached_cholesky_stores_result_correctly"/>
    <testcase time="0.00099999999999989" classname="cholesky_cache" name="cached_cholesky_stores_result_correctly"/>
    <testcase time="0.00099999999999989" classname="cholesky_cache" name="cached_cholesky_stores_result_correctly"/>
    <testcase time="0" classname="cholesky_cache" name="cached_cholesky_stores_result_correctly"/>
    <testcase time="0.00100000000000033" classname="cholesky_cache" name="cached_cholesky_stores_result_correctly"/>
    <testcase time="0.00099999999999989" classname="cholesky_cache" name="cached_cholesky_stores_result_correctly"/>
    <testcase time="0.00099999999999989" classname="cholesky_cache" name="cached_cholesky_stores_result_correctly"/>
    <testcase time="0.00099999999999989" classname="cholesky_cache" name="cached_cholesky_stores_result_correctly"/>
    <testcase time="0" classname="cholesky_cache" name="cached_cholesky_stores_result_correctly"/>
    <testcase time="0.00100000000000033" classname="cholesky_cache" name="cached_cholesky_stores_result_correctly"/>
    <testcase time="0.00099999999999989" classname="cholesky_cache" name="cached_cholesky_stores_result_correctly"/>
    <testcase time="0.00099999999999989" classname="cholesky_cache" name="cached_cholesky_stores_result_correctly"/>
    <testcase time="0.00099999999999989" classname="cholesky_cache" name="cached_cholesky_stores_result_correctly"/>
    <testcase time="0.00100000000000033" classname="cholesky_cache" name="cached_cholesky_stores_result_correctly"/>
    <testcase time="0" classname="cholesky_cache" name="cached_cholesky_stores_result_correctly"/>
    <testcase time="0.00099999999999989" classname="cholesky_cache" name="cached_cholesky_stores_result_correctly"/>
    <testcase time="0.00099999999999989" classname="cholesky_cache" name="cached_cholesky_stores_result_correctly"/>
    <testcase time="0.00099999999999989" classname="cholesky_cache" name="cached_cholesky_stores_result_correctly"/>
    <testcase time="0.00100000000000033" classname="cholesky_cache" name="cached_cholesky_stores_result_correctly"/>
    <testcase time="0.00099999999999989" classname="cholesky_cache" name="cached_cholesky_stores_result_correctly"/>
    <testcase time="0.00099999999999989" classname="cholesky_cache" name="cached_cholesky_stores_result_correctly"/>
    <testcase time="0.00099999999999989" classname="cholesky_cache" name="cached_cholesky_stores_result_correctly"/>
    <testcase time="0" classname="cholesky_cache" name="cached_cholesky_stores_result_correctly"/>
    <testcase time="0.00100000000000033" classname="cholesky_cache" name="cached_cholesky_stores_result_correctly"/>
    <testcase time="0.00099999999999989" classname="cholesky_cache" name="cached_cholesky_stores_result_correctly"/>
    <testcase time="0.00099999999999989" classname="cholesky_cache" name="cached_cholesky_stores_result_correctly"/>
    <testcase time="0.00099999999999989" classname="cholesky_cache" name="cached_cholesky_stores_result_correctly"/>
    <testcase time="0.00100000000000033" classname="cholesky_cache" name="cached_cholesky_stores_result_correctly"/>
    <testcase time="0.00099999999999989" classname="cholesky_cache" name="cached_cholesky_stores_result_correctly"/>
    <testcase time="0.00099999999999989" classname="cholesky_cache" name="cached_cholesky_stores_result_correctly"/>
    <testcase time="0.00099999999999989" classname="cholesky_cache" name="cached_cholesky_stores_result_correctly"/>
    <testcase time="0.00100000000000033" classname="cholesky_cache" name="cached_cholesky_stores_result_correctly"/>
    <testcase time="0.00099999999999989" classname="cholesky_cache" name="cached_cholesky_stores_result_correctly"/>
    <testcase time="0.00099999999999989" classname="cholesky_cache" name="cached_cholesky_stores_result_correctly"/>
    <testcase time="0" classname="cholesky_cache" name="cached_cholesky_stores_result_correctly"/>
  </testsuite>
  <testsuite name="cholesky group object" timestamp="2023-08-25T03:37:12Z" hostname="a611bdc3347a" tests="12" skipped="0" failures="0" errors="0" time="0.011">
    <testcase time="0.00300000000000011" classname="cholesky_group_object" name="cholesky_group_return_result_correctly"/>
    <testcase time="0.00099999999999989" classname="cholesky_group_object" name="cholesky_group_return_result_correctly"/>
    <testcase time="0" classname="cholesky_group_object" name="cholesky_group_return_result_correctly"/>
    <testcase time="0.00099999999999989" classname="cholesky_group_object" name="cholesky_group_return_result_correctly"/>
    <testcase time="0.00100000000000033" classname="cholesky_group_object" name="cholesky_group_return_result_correctly"/>
    <testcase time="0" classname="cholesky_group_object" name="cholesky_group_return_result_correctly"/>
    <testcase time="0.00099999999999989" classname="cholesky_group_object" name="cholesky_group_return_result_correctly"/>
    <testcase time="0.00099999999999989" classname="cholesky_group_object" name="cholesky_group_return_result_correctly"/>
    <testcase time="0.00099999999999989" classname="cholesky_group_object" name="cholesky_group_return_result_correctly"/>
    <testcase time="0" classname="cholesky_group_object" name="cholesky_group_return_result_correctly"/>
    <testcase time="0.00100000000000033" classname="cholesky_group_object" name="cholesky_group_return_result_correctly"/>
    <testcase time="0.00099999999999989" classname="cholesky_group_object" name="cholesky_group_return_result_correctly"/>
  </testsuite>
  <testsuite name="unstructured" timestamp="2023-08-25T03:37:12Z" hostname="a611bdc3347a" tests="6" skipped="0" failures="0" errors="0" time="0.005">
    <testcase time="0.00199999999999978" classname="unstructured" name="get_unstructured_produces_expected_result"/>
    <testcase time="0.00100000000000033" classname="unstructured" name="get_unstructured_produces_expected_result"/>
    <testcase time="0" classname="unstructured" name="get_unstructured_produces_expected_result"/>
    <testcase time="0.00099999999999989" classname="unstructured" name="get_unstructured_produces_expected_result"/>
    <testcase time="0.00099999999999989" classname="unstructured" name="get_unstructured_produces_expected_result"/>
    <testcase time="0" classname="unstructured" name="get_unstructured_produces_expected_result"/>
  </testsuite>
  <testsuite name="ante_dependence" timestamp="2023-08-25T03:37:12Z" hostname="a611bdc3347a" tests="25" skipped="0" failures="0" errors="0" time="0.022">
    <testcase time="0.00300000000000011" classname="ante_dependence" name="corr_fun_ante_dependence_works_as_expected"/>
    <testcase time="0" classname="ante_dependence" name="corr_fun_ante_dependence_works_as_expected"/>
    <testcase time="0.00099999999999989" classname="ante_dependence" name="corr_fun_ante_dependence_works_as_expected"/>
    <testcase time="0.00099999999999989" classname="ante_dependence" name="get_ante_dependence_produces_expected_result"/>
    <testcase time="0.00100000000000033" classname="ante_dependence" name="get_ante_dependence_produces_expected_result"/>
    <testcase time="0.00099999999999989" classname="ante_dependence" name="get_ante_dependence_produces_expected_result"/>
    <testcase time="0" classname="ante_dependence" name="get_ante_dependence_produces_expected_result"/>
    <testcase time="0.00099999999999989" classname="ante_dependence" name="get_ante_dependence_produces_expected_result"/>
    <testcase time="0.00099999999999989" classname="ante_dependence" name="get_ante_dependence_produces_expected_result"/>
    <testcase time="0.00100000000000033" classname="ante_dependence" name="get_ante_dependence_produces_expected_result"/>
    <testcase time="0" classname="ante_dependence" name="get_ante_dependence_produces_expected_result"/>
    <testcase time="0.00099999999999989" classname="ante_dependence" name="get_ante_dependence_produces_expected_result"/>
    <testcase time="0.00099999999999989" classname="ante_dependence" name="get_ante_dependence_produces_expected_result"/>
    <testcase time="0.00099999999999989" classname="ante_dependence" name="get_ante_dependence_produces_expected_result"/>
    <testcase time="0.00099999999999989" classname="ante_dependence" name="get_ante_dependence_heterogeneous_produces_expected_result"/>
    <testcase time="0.00100000000000033" classname="ante_dependence" name="get_ante_dependence_heterogeneous_produces_expected_result"/>
    <testcase time="0" classname="ante_dependence" name="get_ante_dependence_heterogeneous_produces_expected_result"/>
    <testcase time="0.00099999999999989" classname="ante_dependence" name="get_ante_dependence_heterogeneous_produces_expected_result"/>
    <testcase time="0.00099999999999989" classname="ante_dependence" name="get_ante_dependence_heterogeneous_produces_expected_result"/>
    <testcase time="0.00099999999999989" classname="ante_dependence" name="get_ante_dependence_heterogeneous_produces_expected_result"/>
    <testcase time="0.00100000000000033" classname="ante_dependence" name="get_ante_dependence_heterogeneous_produces_expected_result"/>
    <testcase time="0" classname="ante_dependence" name="get_ante_dependence_heterogeneous_produces_expected_result"/>
    <testcase time="0.00099999999999989" classname="ante_dependence" name="get_ante_dependence_heterogeneous_produces_expected_result"/>
    <testcase time="0.00099999999999989" classname="ante_dependence" name="get_ante_dependence_heterogeneous_produces_expected_result"/>
    <testcase time="0.00099999999999989" classname="ante_dependence" name="get_ante_dependence_heterogeneous_produces_expected_result"/>
  </testsuite>
  <testsuite name="toeplitz" timestamp="2023-08-25T03:37:12Z" hostname="a611bdc3347a" tests="25" skipped="0" failures="0" errors="0" time="0.021">
    <testcase time="0.00200000000000022" classname="toeplitz" name="corr_fun_toeplitz_works_as_expected"/>
    <testcase time="0.00099999999999989" classname="toeplitz" name="corr_fun_toeplitz_works_as_expected"/>
    <testcase time="0" classname="toeplitz" name="corr_fun_toeplitz_works_as_expected"/>
    <testcase time="0.00200000000000022" classname="toeplitz" name="get_toeplitz_produces_expected_result"/>
    <testcase time="0" classname="toeplitz" name="get_toeplitz_produces_expected_result"/>
    <testcase time="0.00099999999999989" classname="toeplitz" name="get_toeplitz_produces_expected_result"/>
    <testcase time="0.00099999999999989" classname="toeplitz" name="get_toeplitz_produces_expected_result"/>
    <testcase time="0.00099999999999989" classname="toeplitz" name="get_toeplitz_produces_expected_result"/>
    <testcase time="0" classname="toeplitz" name="get_toeplitz_produces_expected_result"/>
    <testcase time="0.00100000000000033" classname="toeplitz" name="get_toeplitz_produces_expected_result"/>
    <testcase time="0.00099999999999989" classname="toeplitz" name="get_toeplitz_produces_expected_result"/>
    <testcase time="0" classname="toeplitz" name="get_toeplitz_produces_expected_result"/>
    <testcase time="0.00099999999999989" classname="toeplitz" name="get_toeplitz_produces_expected_result"/>
    <testcase time="0.00099999999999989" classname="toeplitz" name="get_toeplitz_produces_expected_result"/>
    <testcase time="0.00100000000000033" classname="toeplitz" name="get_toeplitz_heterogeneous_produces_expected_result"/>
    <testcase time="0.00099999999999989" classname="toeplitz" name="get_toeplitz_heterogeneous_produces_expected_result"/>
    <testcase time="0.00099999999999989" classname="toeplitz" name="get_toeplitz_heterogeneous_produces_expected_result"/>
    <testcase time="0.00099999999999989" classname="toeplitz" name="get_toeplitz_heterogeneous_produces_expected_result"/>
    <testcase time="0" classname="toeplitz" name="get_toeplitz_heterogeneous_produces_expected_result"/>
    <testcase time="0.00100000000000033" classname="toeplitz" name="get_toeplitz_heterogeneous_produces_expected_result"/>
    <testcase time="0.00099999999999989" classname="toeplitz" name="get_toeplitz_heterogeneous_produces_expected_result"/>
    <testcase time="0.00099999999999989" classname="toeplitz" name="get_toeplitz_heterogeneous_produces_expected_result"/>
    <testcase time="0.00099999999999989" classname="toeplitz" name="get_toeplitz_heterogeneous_produces_expected_result"/>
    <testcase time="0" classname="toeplitz" name="get_toeplitz_heterogeneous_produces_expected_result"/>
    <testcase time="0.00100000000000033" classname="toeplitz" name="get_toeplitz_heterogeneous_produces_expected_result"/>
  </testsuite>
  <testsuite name="autoregressive" timestamp="2023-08-25T03:37:12Z" hostname="a611bdc3347a" tests="24" skipped="0" failures="0" errors="0" time="0.02">
    <testcase time="0.00199999999999978" classname="autoregressive" name="corr_fun_autoregressive_works_as_expected"/>
    <testcase time="0.00099999999999989" classname="autoregressive" name="corr_fun_autoregressive_works_as_expected"/>
    <testcase time="0.00100000000000033" classname="autoregressive" name="get_auto_regressive_produces_expected_result"/>
    <testcase time="0.00099999999999989" classname="autoregressive" name="get_auto_regressive_produces_expected_result"/>
    <testcase time="0.00099999999999989" classname="autoregressive" name="get_auto_regressive_produces_expected_result"/>
    <testcase time="0.00099999999999989" classname="autoregressive" name="get_auto_regressive_produces_expected_result"/>
    <testcase time="0" classname="autoregressive" name="get_auto_regressive_produces_expected_result"/>
    <testcase time="0.00100000000000033" classname="autoregressive" name="get_auto_regressive_produces_expected_result"/>
    <testcase time="0.00099999999999989" classname="autoregressive" name="get_auto_regressive_produces_expected_result"/>
    <testcase time="0" classname="autoregressive" name="get_auto_regressive_produces_expected_result"/>
    <testcase time="0" classname="autoregressive" name="get_auto_regressive_produces_expected_result"/>
    <testcase time="0.00099999999999989" classname="autoregressive" name="get_auto_regressive_produces_expected_result"/>
    <testcase time="0.00100000000000033" classname="autoregressive" name="get_auto_regressive_produces_expected_result"/>
    <testcase time="0.00099999999999989" classname="autoregressive" name="get_auto_regressive_heterogeneous_produces_expected_result"/>
    <testcase time="0.00099999999999989" classname="autoregressive" name="get_auto_regressive_heterogeneous_produces_expected_result"/>
    <testcase time="0.00099999999999989" classname="autoregressive" name="get_auto_regressive_heterogeneous_produces_expected_result"/>
    <testcase time="0" classname="autoregressive" name="get_auto_regressive_heterogeneous_produces_expected_result"/>
    <testcase time="0.00100000000000033" classname="autoregressive" name="get_auto_regressive_heterogeneous_produces_expected_result"/>
    <testcase time="0.00099999999999989" classname="autoregressive" name="get_auto_regressive_heterogeneous_produces_expected_result"/>
    <testcase time="0.00099999999999989" classname="autoregressive" name="get_auto_regressive_heterogeneous_produces_expected_result"/>
    <testcase time="0.00099999999999989" classname="autoregressive" name="get_auto_regressive_heterogeneous_produces_expected_result"/>
    <testcase time="0" classname="autoregressive" name="get_auto_regressive_heterogeneous_produces_expected_result"/>
    <testcase time="0.00100000000000033" classname="autoregressive" name="get_auto_regressive_heterogeneous_produces_expected_result"/>
    <testcase time="0.00099999999999989" classname="autoregressive" name="get_auto_regressive_heterogeneous_produces_expected_result"/>
  </testsuite>
  <testsuite name="compound symmetry" timestamp="2023-08-25T03:37:12Z" hostname="a611bdc3347a" tests="25" skipped="0" failures="0" errors="0" time="0.028">
    <testcase time="0.00199999999999978" classname="compound_symmetry" name="corr_fun_compound_symmetry_works_as_expected"/>
    <testcase time="0.00100000000000033" classname="compound_symmetry" name="corr_fun_compound_symmetry_works_as_expected"/>
    <testcase time="0.00099999999999989" classname="compound_symmetry" name="corr_fun_compound_symmetry_works_as_expected"/>
    <testcase time="0.00700000000000012" classname="compound_symmetry" name="get_compound_symmetry_produces_expected_result"/>
    <testcase time="0.00099999999999989" classname="compound_symmetry" name="get_compound_symmetry_produces_expected_result"/>
    <testcase time="0.00099999999999989" classname="compound_symmetry" name="get_compound_symmetry_produces_expected_result"/>
    <testcase time="0" classname="compound_symmetry" name="get_compound_symmetry_produces_expected_result"/>
    <testcase time="0.00099999999999989" classname="compound_symmetry" name="get_compound_symmetry_produces_expected_result"/>
    <testcase time="0.00100000000000033" classname="compound_symmetry" name="get_compound_symmetry_produces_expected_result"/>
    <testcase time="0.00099999999999989" classname="compound_symmetry" name="get_compound_symmetry_produces_expected_result"/>
    <testcase time="0" classname="compound_symmetry" name="get_compound_symmetry_produces_expected_result"/>
    <testcase time="0.00099999999999989" classname="compound_symmetry" name="get_compound_symmetry_produces_expected_result"/>
    <testcase time="0.00099999999999989" classname="compound_symmetry" name="get_compound_symmetry_produces_expected_result"/>
    <testcase time="0.00100000000000033" classname="compound_symmetry" name="get_compound_symmetry_produces_expected_result"/>
    <testcase time="0.00099999999999989" classname="compound_symmetry" name="get_compound_symmetry_heterogeneous_produces_expected_result"/>
    <testcase time="0.00099999999999989" classname="compound_symmetry" name="get_compound_symmetry_heterogeneous_produces_expected_result"/>
    <testcase time="0" classname="compound_symmetry" name="get_compound_symmetry_heterogeneous_produces_expected_result"/>
    <testcase time="0.00099999999999989" classname="compound_symmetry" name="get_compound_symmetry_heterogeneous_produces_expected_result"/>
    <testcase time="0.00100000000000033" classname="compound_symmetry" name="get_compound_symmetry_heterogeneous_produces_expected_result"/>
    <testcase time="0.00099999999999989" classname="compound_symmetry" name="get_compound_symmetry_heterogeneous_produces_expected_result"/>
    <testcase time="0.00099999999999989" classname="compound_symmetry" name="get_compound_symmetry_heterogeneous_produces_expected_result"/>
    <testcase time="0" classname="compound_symmetry" name="get_compound_symmetry_heterogeneous_produces_expected_result"/>
    <testcase time="0.00099999999999989" classname="compound_symmetry" name="get_compound_symmetry_heterogeneous_produces_expected_result"/>
    <testcase time="0.00100000000000033" classname="compound_symmetry" name="get_compound_symmetry_heterogeneous_produces_expected_result"/>
    <testcase time="0.00099999999999989" classname="compound_symmetry" name="get_compound_symmetry_heterogeneous_produces_expected_result"/>
  </testsuite>
  <testsuite name="get_covariance_lower_chol" timestamp="2023-08-25T03:37:12Z" hostname="a611bdc3347a" tests="6" skipped="0" failures="0" errors="0" time="0.006">
    <testcase time="0.00199999999999978" classname="get_covariance_lower_chol" name="get_covariance_lower_chol_gives_expected_unstructured_result"/>
    <testcase time="0.00100000000000033" classname="get_covariance_lower_chol" name="get_covariance_lower_chol_gives_expected_unstructured_result"/>
    <testcase time="0.00099999999999989" classname="get_covariance_lower_chol" name="get_covariance_lower_chol_gives_expected_unstructured_result"/>
    <testcase time="0" classname="get_covariance_lower_chol" name="get_covariance_lower_chol_gives_expected_unstructured_result"/>
    <testcase time="0.00099999999999989" classname="get_covariance_lower_chol" name="get_covariance_lower_chol_gives_expected_unstructured_result"/>
    <testcase time="0.00099999999999989" classname="get_covariance_lower_chol" name="get_covariance_lower_chol_gives_expected_unstructured_result"/>
  </testsuite>
  <testsuite name="cho_jacobian" timestamp="2023-08-25T03:37:12Z" hostname="a611bdc3347a" tests="26" skipped="0" failures="0" errors="0" time="0.022">
    <testcase time="0.00200000000000022" classname="cho_jacobian" name="cho_jacobian_works_as_expected"/>
    <testcase time="0.00099999999999989" classname="cho_jacobian" name="cho_jacobian_works_as_expected"/>
    <testcase time="0" classname="cho_jacobian" name="cho_jacobian_works_as_expected"/>
    <testcase time="0.00099999999999989" classname="cho_jacobian" name="cho_jacobian_works_as_expected"/>
    <testcase time="0.00100000000000033" classname="cho_jacobian" name="cho_jacobian_works_as_expected"/>
    <testcase time="0.00099999999999989" classname="cho_jacobian" name="cho_jacobian_works_as_expected"/>
    <testcase time="0" classname="cho_jacobian" name="cho_jacobian_works_as_expected"/>
    <testcase time="0.00099999999999989" classname="cho_jacobian" name="cho_jacobian_works_as_expected"/>
    <testcase time="0.00099999999999989" classname="cho_jacobian" name="cho_jacobian_works_as_expected"/>
    <testcase time="0.00100000000000033" classname="cho_jacobian" name="cho_jacobian_s_jacabian_using_autodiff_works_as_expected"/>
    <testcase time="0.00099999999999989" classname="cho_jacobian" name="cho_jacobian_s_jacabian_using_autodiff_works_as_expected"/>
    <testcase time="0.00099999999999989" classname="cho_jacobian" name="cho_jacobian_s_jacabian_using_autodiff_works_as_expected"/>
    <testcase time="0" classname="cho_jacobian" name="cho_jacobian_s_jacabian_using_autodiff_works_as_expected"/>
    <testcase time="0.00099999999999989" classname="cho_jacobian" name="cho_jacobian_s_jacabian_using_autodiff_works_as_expected"/>
    <testcase time="0.00100000000000033" classname="cho_jacobian" name="cho_jacobian_s_jacabian_using_autodiff_works_as_expected"/>
    <testcase time="0.00099999999999989" classname="cho_jacobian" name="cho_jacobian_s_jacabian_using_autodiff_works_as_expected"/>
    <testcase time="0" classname="cho_jacobian" name="cho_jacobian_s_jacabian_using_autodiff_works_as_expected"/>
    <testcase time="0.00099999999999989" classname="cho_jacobian" name="cho_jacobian_s_jacabian_using_autodiff_works_as_expected"/>
    <testcase time="0.00099999999999989" classname="cho_jacobian" name="cho_jacobian_s_jacabian_using_autodiff_works_as_expected"/>
    <testcase time="0.00100000000000033" classname="cho_jacobian" name="cho_jacobian_s_jacabian_using_autodiff_works_as_expected"/>
    <testcase time="0.00099999999999989" classname="cho_jacobian" name="cho_jacobian_s_jacabian_using_autodiff_works_as_expected"/>
    <testcase time="0" classname="cho_jacobian" name="cho_jacobian_s_jacabian_using_autodiff_works_as_expected"/>
    <testcase time="0.00099999999999989" classname="cho_jacobian" name="cho_jacobian_s_jacabian_using_autodiff_works_as_expected"/>
    <testcase time="0.00099999999999989" classname="cho_jacobian" name="cho_jacobian_s_jacabian_using_autodiff_works_as_expected"/>
    <testcase time="0.00100000000000033" classname="cho_jacobian" name="cho_jacobian_s_jacabian_using_autodiff_works_as_expected"/>
    <testcase time="0.00099999999999989" classname="cho_jacobian" name="cho_jacobian_s_jacabian_using_autodiff_works_as_expected"/>
  </testsuite>
  <testsuite name="derivatives_nonspatial struct works as expected" timestamp="2023-08-25T03:37:12Z" hostname="a611bdc3347a" tests="87" skipped="0" failures="0" errors="0" time="0.08">
    <testcase time="0.00199999999999978" classname="derivatives_nonspatial_struct_works_as_expected" name="derivatives_nonspatial_struct_correct_sigma_inverse_and_derivatives"/>
    <testcase time="0.00100000000000033" classname="derivatives_nonspatial_struct_works_as_expected" name="derivatives_nonspatial_struct_correct_sigma_inverse_and_derivatives"/>
    <testcase time="0" classname="derivatives_nonspatial_struct_works_as_expected" name="derivatives_nonspatial_struct_correct_sigma_inverse_and_derivatives"/>
    <testcase time="0.00099999999999989" classname="derivatives_nonspatial_struct_works_as_expected" name="derivatives_nonspatial_struct_correct_sigma_inverse_and_derivatives"/>
    <testcase time="0.00099999999999989" classname="derivatives_nonspatial_struct_works_as_expected" name="derivatives_nonspatial_struct_correct_sigma_inverse_and_derivatives"/>
    <testcase time="0" classname="derivatives_nonspatial_struct_works_as_expected" name="derivatives_nonspatial_struct_correct_sigma_inverse_and_derivatives"/>
    <testcase time="0.00099999999999989" classname="derivatives_nonspatial_struct_works_as_expected" name="derivatives_nonspatial_struct_correct_sigma_inverse_and_derivatives"/>
    <testcase time="0.00100000000000033" classname="derivatives_nonspatial_struct_works_as_expected" name="derivatives_nonspatial_struct_correct_sigma_inverse_and_derivatives"/>
    <testcase time="0.00099999999999989" classname="derivatives_nonspatial_struct_works_as_expected" name="derivatives_nonspatial_struct_correct_sigma_inverse_and_derivatives"/>
    <testcase time="0" classname="derivatives_nonspatial_struct_works_as_expected" name="derivatives_nonspatial_struct_correct_sigma_inverse_and_derivatives"/>
    <testcase time="0.00099999999999989" classname="derivatives_nonspatial_struct_works_as_expected" name="derivatives_nonspatial_struct_correct_sigma_inverse_and_derivatives"/>
    <testcase time="0.00099999999999989" classname="derivatives_nonspatial_struct_works_as_expected" name="derivatives_nonspatial_struct_correct_sigma_inverse_and_derivatives"/>
    <testcase time="0.00100000000000033" classname="derivatives_nonspatial_struct_works_as_expected" name="derivatives_nonspatial_struct_correct_sigma_inverse_and_derivatives"/>
    <testcase time="0" classname="derivatives_nonspatial_struct_works_as_expected" name="derivatives_nonspatial_struct_correct_sigma_inverse_and_derivatives"/>
    <testcase time="0.00099999999999989" classname="derivatives_nonspatial_struct_works_as_expected" name="derivatives_nonspatial_struct_correct_sigma_inverse_and_derivatives"/>
    <testcase time="0.00099999999999989" classname="derivatives_nonspatial_struct_works_as_expected" name="derivatives_nonspatial_struct_correct_sigma_inverse_and_derivatives"/>
    <testcase time="0.00099999999999989" classname="derivatives_nonspatial_struct_works_as_expected" name="derivatives_nonspatial_struct_correct_sigma_inverse_and_derivatives"/>
    <testcase time="0.00100000000000033" classname="derivatives_nonspatial_struct_works_as_expected" name="derivatives_nonspatial_struct_correct_sigma_inverse_and_derivatives"/>
    <testcase time="0" classname="derivatives_nonspatial_struct_works_as_expected" name="derivatives_nonspatial_struct_correct_sigma_inverse_and_derivatives"/>
    <testcase time="0.00099999999999989" classname="derivatives_nonspatial_struct_works_as_expected" name="derivatives_nonspatial_struct_correct_sigma_inverse_and_derivatives"/>
    <testcase time="0.00099999999999989" classname="derivatives_nonspatial_struct_works_as_expected" name="derivatives_nonspatial_struct_correct_sigma_inverse_and_derivatives"/>
    <testcase time="0.00099999999999989" classname="derivatives_nonspatial_struct_works_as_expected" name="derivatives_nonspatial_struct_correct_sigma_inverse_and_derivatives"/>
    <testcase time="0.00100000000000033" classname="derivatives_nonspatial_struct_works_as_expected" name="derivatives_nonspatial_struct_correct_sigma_inverse_and_derivatives"/>
    <testcase time="0" classname="derivatives_nonspatial_struct_works_as_expected" name="derivatives_nonspatial_struct_correct_sigma_inverse_and_derivatives"/>
    <testcase time="0.00099999999999989" classname="derivatives_nonspatial_struct_works_as_expected" name="derivatives_nonspatial_struct_correct_sigma_inverse_and_derivatives"/>
    <testcase time="0.00099999999999989" classname="derivatives_nonspatial_struct_works_as_expected" name="derivatives_nonspatial_struct_correct_sigma_inverse_and_derivatives"/>
    <testcase time="0.00099999999999989" classname="derivatives_nonspatial_struct_works_as_expected" name="derivatives_nonspatial_struct_correct_sigma_inverse_and_derivatives"/>
    <testcase time="0.00099999999999989" classname="derivatives_nonspatial_struct_works_as_expected" name="derivatives_nonspatial_struct_correct_sigma_inverse_and_derivatives"/>
    <testcase time="0.00100000000000033" classname="derivatives_nonspatial_struct_works_as_expected" name="derivatives_nonspatial_struct_correct_sigma_inverse_and_derivatives"/>
    <testcase time="0" classname="derivatives_nonspatial_struct_works_as_expected" name="derivatives_nonspatial_struct_correct_sigma_inverse_and_derivatives"/>
    <testcase time="0.00099999999999989" classname="derivatives_nonspatial_struct_works_as_expected" name="derivatives_nonspatial_struct_correct_sigma_inverse_and_derivatives"/>
    <testcase time="0.00099999999999989" classname="derivatives_nonspatial_struct_works_as_expected" name="derivatives_nonspatial_struct_correct_sigma_inverse_and_derivatives"/>
    <testcase time="0.00099999999999989" classname="derivatives_nonspatial_struct_works_as_expected" name="derivatives_nonspatial_struct_correct_sigma_inverse_and_derivatives"/>
    <testcase time="0.00100000000000033" classname="derivatives_nonspatial_struct_works_as_expected" name="derivatives_nonspatial_struct_correct_sigma_inverse_and_derivatives"/>
    <testcase time="0.00099999999999989" classname="derivatives_nonspatial_struct_works_as_expected" name="derivatives_nonspatial_struct_correct_sigma_inverse_and_derivatives"/>
    <testcase time="0.00099999999999989" classname="derivatives_nonspatial_struct_works_as_expected" name="derivatives_nonspatial_struct_correct_sigma_inverse_and_derivatives"/>
    <testcase time="0" classname="derivatives_nonspatial_struct_works_as_expected" name="derivatives_nonspatial_struct_correct_sigma_inverse_and_derivatives"/>
    <testcase time="0.00099999999999989" classname="derivatives_nonspatial_struct_works_as_expected" name="derivatives_nonspatial_struct_correct_sigma_inverse_and_derivatives"/>
    <testcase time="0.00100000000000033" classname="derivatives_nonspatial_struct_works_as_expected" name="derivatives_nonspatial_struct_correct_sigma_inverse_and_derivatives"/>
    <testcase time="0.00099999999999989" classname="derivatives_nonspatial_struct_works_as_expected" name="derivatives_nonspatial_struct_correct_sigma_inverse_and_derivatives"/>
    <testcase time="0.00099999999999989" classname="derivatives_nonspatial_struct_works_as_expected" name="derivatives_nonspatial_struct_correct_sigma_inverse_and_derivatives"/>
    <testcase time="0.00099999999999989" classname="derivatives_nonspatial_struct_works_as_expected" name="derivatives_nonspatial_struct_correct_sigma_inverse_and_derivatives"/>
    <testcase time="0.00100000000000033" classname="derivatives_nonspatial_struct_works_as_expected" name="derivatives_nonspatial_struct_correct_sigma_inverse_and_derivatives"/>
    <testcase time="0.00099999999999989" classname="derivatives_nonspatial_struct_works_as_expected" name="derivatives_nonspatial_struct_correct_sigma_inverse_and_derivatives"/>
    <testcase time="0.00099999999999989" classname="derivatives_nonspatial_struct_works_as_expected" name="derivatives_nonspatial_struct_correct_sigma_inverse_and_derivatives"/>
    <testcase time="0.00099999999999989" classname="derivatives_nonspatial_struct_works_as_expected" name="derivatives_nonspatial_struct_correct_sigma_inverse_and_derivatives"/>
    <testcase time="0" classname="derivatives_nonspatial_struct_works_as_expected" name="derivatives_nonspatial_struct_correct_sigma_inverse_and_derivatives"/>
    <testcase time="0.00100000000000033" classname="derivatives_nonspatial_struct_works_as_expected" name="derivatives_nonspatial_struct_correct_sigma_inverse_and_derivatives"/>
    <testcase time="0.00099999999999989" classname="derivatives_nonspatial_struct_works_as_expected" name="derivatives_nonspatial_struct_correct_sigma_inverse_and_derivatives"/>
    <testcase time="0.00099999999999989" classname="derivatives_nonspatial_struct_works_as_expected" name="derivatives_nonspatial_struct_correct_sigma_inverse_and_derivatives"/>
    <testcase time="0.00099999999999989" classname="derivatives_nonspatial_struct_works_as_expected" name="derivatives_nonspatial_struct_correct_sigma_inverse_and_derivatives"/>
    <testcase time="0.00100000000000033" classname="derivatives_nonspatial_struct_works_as_expected" name="derivatives_nonspatial_struct_correct_sigma_inverse_and_derivatives"/>
    <testcase time="0.00099999999999989" classname="derivatives_nonspatial_struct_works_as_expected" name="derivatives_nonspatial_struct_correct_sigma_inverse_and_derivatives"/>
    <testcase time="0.00099999999999989" classname="derivatives_nonspatial_struct_works_as_expected" name="derivatives_nonspatial_struct_correct_sigma_inverse_and_derivatives"/>
    <testcase time="0.00099999999999989" classname="derivatives_nonspatial_struct_works_as_expected" name="derivatives_nonspatial_struct_correct_sigma_inverse_and_derivatives"/>
    <testcase time="0.00100000000000033" classname="derivatives_nonspatial_struct_works_as_expected" name="derivatives_nonspatial_struct_correct_sigma_inverse_and_derivatives"/>
    <testcase time="0.00099999999999989" classname="derivatives_nonspatial_struct_works_as_expected" name="derivatives_nonspatial_struct_correct_sigma_inverse_and_derivatives"/>
    <testcase time="0.00099999999999989" classname="derivatives_nonspatial_struct_works_as_expected" name="derivatives_nonspatial_struct_correct_sigma_inverse_and_derivatives"/>
    <testcase time="0.00099999999999989" classname="derivatives_nonspatial_struct_works_as_expected" name="derivatives_nonspatial_struct_correct_sigma_inverse_and_derivatives"/>
    <testcase time="0.00100000000000033" classname="derivatives_nonspatial_struct_works_as_expected" name="derivatives_nonspatial_struct_correct_sigma_inverse_and_derivatives"/>
    <testcase time="0.00099999999999989" classname="derivatives_nonspatial_struct_works_as_expected" name="derivatives_nonspatial_struct_correct_sigma_inverse_and_derivatives"/>
    <testcase time="0.00099999999999989" classname="derivatives_nonspatial_struct_works_as_expected" name="derivatives_nonspatial_struct_correct_sigma_inverse_and_derivatives"/>
    <testcase time="0.00099999999999989" classname="derivatives_nonspatial_struct_works_as_expected" name="derivatives_nonspatial_struct_correct_sigma_inverse_and_derivatives"/>
    <testcase time="0.00100000000000033" classname="derivatives_nonspatial_struct_works_as_expected" name="derivatives_nonspatial_struct_correct_sigma_inverse_and_derivatives"/>
    <testcase time="0.00099999999999989" classname="derivatives_nonspatial_struct_works_as_expected" name="derivatives_nonspatial_struct_correct_sigma_inverse_and_derivatives"/>
    <testcase time="0.00099999999999989" classname="derivatives_nonspatial_struct_works_as_expected" name="derivatives_nonspatial_struct_correct_sigma_inverse_and_derivatives"/>
    <testcase time="0.00099999999999989" classname="derivatives_nonspatial_struct_works_as_expected" name="derivatives_nonspatial_struct_correct_sigma_inverse_and_derivatives"/>
    <testcase time="0.00100000000000033" classname="derivatives_nonspatial_struct_works_as_expected" name="derivatives_nonspatial_struct_correct_sigma_inverse_and_derivatives"/>
    <testcase time="0.00099999999999989" classname="derivatives_nonspatial_struct_works_as_expected" name="derivatives_nonspatial_struct_correct_sigma_inverse_and_derivatives"/>
    <testcase time="0.00099999999999989" classname="derivatives_nonspatial_struct_works_as_expected" name="derivatives_nonspatial_struct_correct_sigma_inverse_and_derivatives"/>
    <testcase time="0.00099999999999989" classname="derivatives_nonspatial_struct_works_as_expected" name="derivatives_nonspatial_struct_correct_sigma_inverse_and_derivatives"/>
    <testcase time="0.00100000000000033" classname="derivatives_nonspatial_struct_works_as_expected" name="derivatives_nonspatial_struct_correct_sigma_inverse_and_derivatives"/>
    <testcase time="0.00099999999999989" classname="derivatives_nonspatial_struct_works_as_expected" name="derivatives_nonspatial_struct_correct_sigma_inverse_and_derivatives"/>
    <testcase time="0.00099999999999989" classname="derivatives_nonspatial_struct_works_as_expected" name="derivatives_nonspatial_struct_correct_sigma_inverse_and_derivatives"/>
    <testcase time="0.00099999999999989" classname="derivatives_nonspatial_struct_works_as_expected" name="derivatives_nonspatial_struct_correct_sigma_inverse_and_derivatives"/>
    <testcase time="0.00100000000000033" classname="derivatives_nonspatial_struct_works_as_expected" name="derivatives_nonspatial_struct_correct_sigma_inverse_and_derivatives"/>
    <testcase time="0.00099999999999989" classname="derivatives_nonspatial_struct_works_as_expected" name="derivatives_nonspatial_struct_correct_sigma_inverse_and_derivatives"/>
    <testcase time="0.00099999999999989" classname="derivatives_nonspatial_struct_works_as_expected" name="derivatives_nonspatial_struct_correct_sigma_inverse_and_derivatives"/>
    <testcase time="0.00099999999999989" classname="derivatives_nonspatial_struct_works_as_expected" name="derivatives_nonspatial_struct_correct_sigma_inverse_and_derivatives"/>
    <testcase time="0.00100000000000033" classname="derivatives_nonspatial_struct_works_as_expected" name="derivatives_nonspatial_struct_correct_sigma_inverse_and_derivatives"/>
    <testcase time="0.00099999999999989" classname="derivatives_nonspatial_struct_works_as_expected" name="derivatives_nonspatial_struct_correct_sigma_inverse_and_derivatives"/>
    <testcase time="0.00199999999999978" classname="derivatives_nonspatial_struct_works_as_expected" name="derivatives_nonspatial_struct_correct_sigma_inverse_and_derivatives"/>
    <testcase time="0.00100000000000033" classname="derivatives_nonspatial_struct_works_as_expected" name="derivatives_nonspatial_struct_correct_sigma_inverse_and_derivatives"/>
    <testcase time="0.00099999999999989" classname="derivatives_nonspatial_struct_works_as_expected" name="derivatives_nonspatial_struct_correct_sigma_inverse_and_derivatives"/>
    <testcase time="0.00099999999999989" classname="derivatives_nonspatial_struct_works_as_expected" name="derivatives_nonspatial_struct_correct_sigma_inverse_and_derivatives"/>
    <testcase time="0.00099999999999989" classname="derivatives_nonspatial_struct_works_as_expected" name="derivatives_nonspatial_struct_correct_sigma_inverse_and_derivatives"/>
    <testcase time="0.00100000000000033" classname="derivatives_nonspatial_struct_works_as_expected" name="derivatives_nonspatial_struct_correct_sigma_inverse_and_derivatives"/>
  </testsuite>
  <testsuite name="derivatives_sp_exp struct works as expected" timestamp="2023-08-25T03:37:12Z" hostname="a611bdc3347a" tests="80" skipped="0" failures="0" errors="0" time="0.12">
    <testcase time="0.00299999999999967" classname="derivatives_sp_exp_struct_works_as_expected" name="derivatives_sp_exp_struct_gives_correct_sigma_inverse_and_derivatives"/>
    <testcase time="0" classname="derivatives_sp_exp_struct_works_as_expected" name="derivatives_sp_exp_struct_gives_correct_sigma_inverse_and_derivatives"/>
    <testcase time="0.00100000000000033" classname="derivatives_sp_exp_struct_works_as_expected" name="derivatives_sp_exp_struct_gives_correct_sigma_inverse_and_derivatives"/>
    <testcase time="0.00099999999999989" classname="derivatives_sp_exp_struct_works_as_expected" name="derivatives_sp_exp_struct_gives_correct_sigma_inverse_and_derivatives"/>
    <testcase time="0" classname="derivatives_sp_exp_struct_works_as_expected" name="derivatives_sp_exp_struct_gives_correct_sigma_inverse_and_derivatives"/>
    <testcase time="0.00099999999999989" classname="derivatives_sp_exp_struct_works_as_expected" name="derivatives_sp_exp_struct_gives_correct_sigma_inverse_and_derivatives"/>
    <testcase time="0.00099999999999989" classname="derivatives_sp_exp_struct_works_as_expected" name="derivatives_sp_exp_struct_gives_correct_sigma_inverse_and_derivatives"/>
    <testcase time="0.00100000000000033" classname="derivatives_sp_exp_struct_works_as_expected" name="derivatives_sp_exp_struct_gives_correct_sigma_inverse_and_derivatives"/>
    <testcase time="0" classname="derivatives_sp_exp_struct_works_as_expected" name="derivatives_sp_exp_struct_gives_correct_sigma_inverse_and_derivatives"/>
    <testcase time="0.00099999999999989" classname="derivatives_sp_exp_struct_works_as_expected" name="derivatives_sp_exp_struct_gives_correct_sigma_inverse_and_derivatives"/>
    <testcase time="0.00099999999999989" classname="derivatives_sp_exp_struct_works_as_expected" name="derivatives_sp_exp_struct_gives_correct_sigma_inverse_and_derivatives"/>
    <testcase time="0.00099999999999989" classname="derivatives_sp_exp_struct_works_as_expected" name="derivatives_sp_exp_struct_gives_correct_sigma_inverse_and_derivatives"/>
    <testcase time="0" classname="derivatives_sp_exp_struct_works_as_expected" name="derivatives_sp_exp_struct_gives_correct_sigma_inverse_and_derivatives"/>
    <testcase time="0.00100000000000033" classname="derivatives_sp_exp_struct_works_as_expected" name="derivatives_sp_exp_struct_gives_correct_sigma_inverse_and_derivatives"/>
    <testcase time="0.00099999999999989" classname="derivatives_sp_exp_struct_works_as_expected" name="derivatives_sp_exp_struct_gives_correct_sigma_inverse_and_derivatives"/>
    <testcase time="0.00099999999999989" classname="derivatives_sp_exp_struct_works_as_expected" name="derivatives_sp_exp_struct_gives_correct_sigma_inverse_and_derivatives"/>
    <testcase time="0" classname="derivatives_sp_exp_struct_works_as_expected" name="derivatives_sp_exp_struct_gives_correct_sigma_inverse_and_derivatives"/>
    <testcase time="0.00099999999999989" classname="derivatives_sp_exp_struct_works_as_expected" name="derivatives_sp_exp_struct_gives_correct_sigma_inverse_and_derivatives"/>
    <testcase time="0.00100000000000033" classname="derivatives_sp_exp_struct_works_as_expected" name="derivatives_sp_exp_struct_gives_correct_sigma_inverse_and_derivatives"/>
    <testcase time="0.00099999999999989" classname="derivatives_sp_exp_struct_works_as_expected" name="derivatives_sp_exp_struct_gives_correct_sigma_inverse_and_derivatives"/>
    <testcase time="0.00099999999999989" classname="derivatives_sp_exp_struct_works_as_expected" name="derivatives_sp_exp_struct_gives_correct_sigma_inverse_and_derivatives"/>
    <testcase time="0" classname="derivatives_sp_exp_struct_works_as_expected" name="derivatives_sp_exp_struct_gives_correct_sigma_inverse_and_derivatives"/>
    <testcase time="0.00099999999999989" classname="derivatives_sp_exp_struct_works_as_expected" name="derivatives_sp_exp_struct_gives_correct_sigma_inverse_and_derivatives"/>
    <testcase time="0.00100000000000033" classname="derivatives_sp_exp_struct_works_as_expected" name="derivatives_sp_exp_struct_gives_correct_sigma_inverse_and_derivatives"/>
    <testcase time="0.00099999999999989" classname="derivatives_sp_exp_struct_works_as_expected" name="derivatives_sp_exp_struct_gives_correct_sigma_inverse_and_derivatives"/>
    <testcase time="0.00099999999999989" classname="derivatives_sp_exp_struct_works_as_expected" name="derivatives_sp_exp_struct_gives_correct_sigma_inverse_and_derivatives"/>
    <testcase time="0" classname="derivatives_sp_exp_struct_works_as_expected" name="derivatives_sp_exp_struct_gives_correct_sigma_inverse_and_derivatives"/>
    <testcase time="0.00099999999999989" classname="derivatives_sp_exp_struct_works_as_expected" name="derivatives_sp_exp_struct_gives_correct_sigma_inverse_and_derivatives"/>
    <testcase time="0.00100000000000033" classname="derivatives_sp_exp_struct_works_as_expected" name="derivatives_sp_exp_struct_gives_correct_sigma_inverse_and_derivatives"/>
    <testcase time="0.00099999999999989" classname="derivatives_sp_exp_struct_works_as_expected" name="derivatives_sp_exp_struct_gives_correct_sigma_inverse_and_derivatives"/>
    <testcase time="0.00099999999999989" classname="derivatives_sp_exp_struct_works_as_expected" name="derivatives_sp_exp_struct_gives_correct_sigma_inverse_and_derivatives"/>
    <testcase time="0.00099999999999989" classname="derivatives_sp_exp_struct_works_as_expected" name="derivatives_sp_exp_struct_gives_correct_sigma_inverse_and_derivatives"/>
    <testcase time="0" classname="derivatives_sp_exp_struct_works_as_expected" name="derivatives_sp_exp_struct_gives_correct_sigma_inverse_and_derivatives"/>
    <testcase time="0.00100000000000033" classname="derivatives_sp_exp_struct_works_as_expected" name="derivatives_sp_exp_struct_gives_correct_sigma_inverse_and_derivatives"/>
    <testcase time="0.00099999999999989" classname="derivatives_sp_exp_struct_works_as_expected" name="derivatives_sp_exp_struct_gives_correct_sigma_inverse_and_derivatives"/>
    <testcase time="0.00099999999999989" classname="derivatives_sp_exp_struct_works_as_expected" name="derivatives_sp_exp_struct_gives_correct_sigma_inverse_and_derivatives"/>
    <testcase time="0.00099999999999989" classname="derivatives_sp_exp_struct_works_as_expected" name="derivatives_sp_exp_struct_gives_correct_sigma_inverse_and_derivatives"/>
    <testcase time="0.00100000000000033" classname="derivatives_sp_exp_struct_works_as_expected" name="derivatives_sp_exp_struct_gives_correct_sigma_inverse_and_derivatives"/>
    <testcase time="0.00099999999999989" classname="derivatives_sp_exp_struct_works_as_expected" name="derivatives_sp_exp_struct_gives_correct_sigma_inverse_and_derivatives"/>
    <testcase time="0.00099999999999989" classname="derivatives_sp_exp_struct_works_as_expected" name="derivatives_sp_exp_struct_gives_correct_sigma_inverse_and_derivatives"/>
    <testcase time="0" classname="derivatives_sp_exp_struct_works_as_expected" name="derivatives_sp_exp_struct_gives_correct_sigma_inverse_and_derivatives"/>
    <testcase time="0" classname="derivatives_sp_exp_struct_works_as_expected" name="derivatives_sp_exp_struct_gives_correct_sigma_inverse_and_derivatives"/>
    <testcase time="0.00100000000000033" classname="derivatives_sp_exp_struct_works_as_expected" name="derivatives_sp_exp_struct_gives_correct_sigma_inverse_and_derivatives"/>
    <testcase time="0.00099999999999989" classname="derivatives_sp_exp_struct_works_as_expected" name="derivatives_sp_exp_struct_gives_correct_sigma_inverse_and_derivatives"/>
    <testcase time="0.00099999999999989" classname="derivatives_sp_exp_struct_works_as_expected" name="derivatives_sp_exp_struct_gives_correct_sigma_inverse_and_derivatives"/>
    <testcase time="0.00099999999999989" classname="derivatives_sp_exp_struct_works_as_expected" name="derivatives_sp_exp_struct_gives_correct_sigma_inverse_and_derivatives"/>
    <testcase time="0.00100000000000033" classname="derivatives_sp_exp_struct_works_as_expected" name="derivatives_sp_exp_struct_gives_correct_sigma_inverse_and_derivatives"/>
    <testcase time="0.00099999999999989" classname="derivatives_sp_exp_struct_works_as_expected" name="derivatives_sp_exp_struct_gives_correct_sigma_inverse_and_derivatives"/>
    <testcase time="0.00099999999999989" classname="derivatives_sp_exp_struct_works_as_expected" name="derivatives_sp_exp_struct_gives_correct_sigma_inverse_and_derivatives"/>
    <testcase time="0.00099999999999989" classname="derivatives_sp_exp_struct_works_as_expected" name="derivatives_sp_exp_struct_gives_correct_sigma_inverse_and_derivatives"/>
    <testcase time="0.00100000000000033" classname="derivatives_sp_exp_struct_works_as_expected" name="derivatives_sp_exp_struct_gives_correct_sigma_inverse_and_derivatives"/>
    <testcase time="0.00099999999999989" classname="derivatives_sp_exp_struct_works_as_expected" name="derivatives_sp_exp_struct_gives_correct_sigma_inverse_and_derivatives"/>
    <testcase time="0.00099999999999989" classname="derivatives_sp_exp_struct_works_as_expected" name="derivatives_sp_exp_struct_gives_correct_sigma_inverse_and_derivatives"/>
    <testcase time="0.00099999999999989" classname="derivatives_sp_exp_struct_works_as_expected" name="derivatives_sp_exp_struct_gives_correct_sigma_inverse_and_derivatives"/>
    <testcase time="0" classname="derivatives_sp_exp_struct_works_as_expected" name="derivatives_sp_exp_struct_gives_correct_sigma_inverse_and_derivatives"/>
    <testcase time="0.00100000000000033" classname="derivatives_sp_exp_struct_works_as_expected" name="derivatives_sp_exp_struct_gives_correct_sigma_inverse_and_derivatives"/>
    <testcase time="0.00099999999999989" classname="derivatives_sp_exp_struct_works_as_expected" name="derivatives_sp_exp_struct_gives_correct_sigma_inverse_and_derivatives"/>
    <testcase time="0.00099999999999989" classname="derivatives_sp_exp_struct_works_as_expected" name="derivatives_sp_exp_struct_gives_correct_sigma_inverse_and_derivatives"/>
    <testcase time="0.00099999999999989" classname="derivatives_sp_exp_struct_works_as_expected" name="derivatives_sp_exp_struct_gives_correct_sigma_inverse_and_derivatives"/>
    <testcase time="0.00100000000000033" classname="derivatives_sp_exp_struct_works_as_expected" name="derivatives_sp_exp_struct_gives_correct_sigma_inverse_and_derivatives"/>
    <testcase time="0.00099999999999989" classname="derivatives_sp_exp_struct_works_as_expected" name="derivatives_sp_exp_struct_gives_correct_sigma_inverse_and_derivatives"/>
    <testcase time="0.00099999999999989" classname="derivatives_sp_exp_struct_works_as_expected" name="derivatives_sp_exp_struct_gives_correct_sigma_inverse_and_derivatives"/>
    <testcase time="0.00099999999999989" classname="derivatives_sp_exp_struct_works_as_expected" name="derivatives_sp_exp_struct_gives_correct_sigma_inverse_and_derivatives"/>
    <testcase time="0.00100000000000033" classname="derivatives_sp_exp_struct_works_as_expected" name="derivatives_sp_exp_struct_gives_correct_sigma_inverse_and_derivatives"/>
    <testcase time="0.00099999999999989" classname="derivatives_sp_exp_struct_works_as_expected" name="derivatives_sp_exp_struct_gives_correct_sigma_inverse_and_derivatives"/>
    <testcase time="0.00099999999999989" classname="derivatives_sp_exp_struct_works_as_expected" name="derivatives_sp_exp_struct_gives_correct_sigma_inverse_and_derivatives"/>
    <testcase time="0.0489999999999999" classname="derivatives_sp_exp_struct_works_as_expected" name="derivatives_sp_exp_struct_gives_correct_sigma_inverse_and_derivatives"/>
    <testcase time="0.00200000000000022" classname="derivatives_sp_exp_struct_works_as_expected" name="derivatives_sp_exp_struct_gives_correct_sigma_inverse_and_derivatives"/>
    <testcase time="0.00099999999999989" classname="derivatives_sp_exp_struct_works_as_expected" name="derivatives_sp_exp_struct_gives_correct_sigma_inverse_and_derivatives"/>
    <testcase time="0.00099999999999989" classname="derivatives_sp_exp_struct_works_as_expected" name="derivatives_sp_exp_struct_gives_correct_sigma_inverse_and_derivatives"/>
    <testcase time="0.00099999999999989" classname="derivatives_sp_exp_struct_works_as_expected" name="derivatives_sp_exp_struct_gives_correct_sigma_inverse_and_derivatives"/>
    <testcase time="0.00100000000000033" classname="derivatives_sp_exp_struct_works_as_expected" name="derivatives_sp_exp_struct_gives_correct_sigma_inverse_and_derivatives"/>
    <testcase time="0.00099999999999989" classname="derivatives_sp_exp_struct_works_as_expected" name="derivatives_sp_exp_struct_gives_correct_sigma_inverse_and_derivatives"/>
    <testcase time="0.00099999999999989" classname="derivatives_sp_exp_struct_works_as_expected" name="derivatives_sp_exp_struct_gives_correct_sigma_inverse_and_derivatives"/>
    <testcase time="0.00099999999999989" classname="derivatives_sp_exp_struct_works_as_expected" name="derivatives_sp_exp_struct_gives_correct_sigma_inverse_and_derivatives"/>
    <testcase time="0.00100000000000033" classname="derivatives_sp_exp_struct_works_as_expected" name="derivatives_sp_exp_struct_gives_correct_sigma_inverse_and_derivatives"/>
    <testcase time="0.00099999999999989" classname="derivatives_sp_exp_struct_works_as_expected" name="derivatives_sp_exp_struct_gives_correct_sigma_inverse_and_derivatives"/>
    <testcase time="0.00099999999999989" classname="derivatives_sp_exp_struct_works_as_expected" name="derivatives_sp_exp_struct_gives_correct_sigma_inverse_and_derivatives"/>
    <testcase time="0.00099999999999989" classname="derivatives_sp_exp_struct_works_as_expected" name="derivatives_sp_exp_struct_gives_correct_sigma_inverse_and_derivatives"/>
    <testcase time="0.00100000000000033" classname="derivatives_sp_exp_struct_works_as_expected" name="derivatives_sp_exp_struct_gives_correct_sigma_inverse_and_derivatives"/>
  </testsuite>
  <testsuite name="get_select_matrix" timestamp="2023-08-25T03:37:12Z" hostname="a611bdc3347a" tests="46" skipped="0" failures="0" errors="0" time="0.039">
    <testcase time="0.00299999999999967" classname="get_select_matrix" name="get_select_matrix_works_as_expected"/>
    <testcase time="0.00100000000000033" classname="get_select_matrix" name="get_select_matrix_works_as_expected"/>
    <testcase time="0" classname="get_select_matrix" name="get_select_matrix_works_as_expected"/>
    <testcase time="0.00099999999999989" classname="get_select_matrix" name="get_select_matrix_works_as_expected"/>
    <testcase time="0.00099999999999989" classname="get_select_matrix" name="get_select_matrix_works_as_expected"/>
    <testcase time="0.00099999999999989" classname="get_select_matrix" name="get_select_matrix_works_as_expected"/>
    <testcase time="0" classname="get_select_matrix" name="get_select_matrix_works_as_expected"/>
    <testcase time="0.00100000000000033" classname="get_select_matrix" name="get_select_matrix_works_as_expected"/>
    <testcase time="0.00099999999999989" classname="get_select_matrix" name="get_select_matrix_works_as_expected"/>
    <testcase time="0.00099999999999989" classname="get_select_matrix" name="get_select_matrix_works_as_expected"/>
    <testcase time="0" classname="get_select_matrix" name="get_select_matrix_works_as_expected"/>
    <testcase time="0.00099999999999989" classname="get_select_matrix" name="get_select_matrix_works_as_expected"/>
    <testcase time="0.00100000000000033" classname="get_select_matrix" name="get_select_matrix_works_as_expected"/>
    <testcase time="0.00099999999999989" classname="get_select_matrix" name="get_select_matrix_works_as_expected"/>
    <testcase time="0" classname="get_select_matrix" name="get_select_matrix_works_as_expected"/>
    <testcase time="0.00099999999999989" classname="get_select_matrix" name="get_select_matrix_works_as_expected"/>
    <testcase time="0.00099999999999989" classname="get_select_matrix" name="get_select_matrix_works_as_expected"/>
    <testcase time="0.00100000000000033" classname="get_select_matrix" name="get_select_matrix_works_as_expected"/>
    <testcase time="0" classname="get_select_matrix" name="get_select_matrix_works_as_expected"/>
    <testcase time="0.00099999999999989" classname="get_select_matrix" name="get_select_matrix_works_as_expected"/>
    <testcase time="0.00099999999999989" classname="get_select_matrix" name="get_select_matrix_works_as_expected"/>
    <testcase time="0.00099999999999989" classname="get_select_matrix" name="get_select_matrix_works_as_expected"/>
    <testcase time="0.00100000000000033" classname="get_select_matrix" name="get_select_matrix_works_as_expected"/>
    <testcase time="0" classname="get_select_matrix" name="get_select_matrix_works_as_expected"/>
    <testcase time="0" classname="get_select_matrix" name="get_select_matrix_works_as_expected"/>
    <testcase time="0.00099999999999989" classname="get_select_matrix" name="get_select_matrix_works_as_expected"/>
    <testcase time="0.00099999999999989" classname="get_select_matrix" name="get_select_matrix_works_as_expected"/>
    <testcase time="0.00100000000000033" classname="get_select_matrix" name="get_select_matrix_works_as_expected"/>
    <testcase time="0.00099999999999989" classname="get_select_matrix" name="get_select_matrix_works_as_expected"/>
    <testcase time="0" classname="get_select_matrix" name="get_select_matrix_works_as_expected"/>
    <testcase time="0.00099999999999989" classname="get_select_matrix" name="get_select_matrix_works_as_expected"/>
    <testcase time="0.00099999999999989" classname="get_select_matrix" name="get_select_matrix_works_as_expected"/>
    <testcase time="0.00100000000000033" classname="get_select_matrix" name="get_select_matrix_works_as_expected"/>
    <testcase time="0.00099999999999989" classname="get_select_matrix" name="get_select_matrix_works_as_expected"/>
    <testcase time="0.00099999999999989" classname="get_select_matrix" name="get_select_matrix_works_as_expected"/>
    <testcase time="0.00099999999999989" classname="get_select_matrix" name="get_select_matrix_works_as_expected"/>
    <testcase time="0" classname="get_select_matrix" name="get_select_matrix_works_as_expected"/>
    <testcase time="0.00100000000000033" classname="get_select_matrix" name="get_select_matrix_works_as_expected"/>
    <testcase time="0.00099999999999989" classname="get_select_matrix" name="get_select_matrix_works_as_expected"/>
    <testcase time="0.00099999999999989" classname="get_select_matrix" name="get_select_matrix_works_as_expected"/>
    <testcase time="0.00099999999999989" classname="get_select_matrix" name="get_select_matrix_works_as_expected"/>
    <testcase time="0.00100000000000033" classname="get_select_matrix" name="get_select_matrix_works_as_expected"/>
    <testcase time="0.00099999999999989" classname="get_select_matrix" name="get_select_matrix_works_as_expected"/>
    <testcase time="0.00099999999999989" classname="get_select_matrix" name="get_select_matrix_works_as_expected"/>
    <testcase time="0.00099999999999989" classname="get_select_matrix" name="get_select_matrix_works_as_expected"/>
    <testcase time="0.00100000000000033" classname="get_select_matrix" name="get_select_matrix_works_as_expected"/>
  </testsuite>
  <testsuite name="tcrossprod" timestamp="2023-08-25T03:37:12Z" hostname="a611bdc3347a" tests="12" skipped="0" failures="0" errors="0" time="0.011">
    <testcase time="0.00199999999999978" classname="tcrossprod" name="tcrossprod_works_as_expected_with_complete"/>
    <testcase time="0.00099999999999989" classname="tcrossprod" name="tcrossprod_works_as_expected_with_complete"/>
    <testcase time="0" classname="tcrossprod" name="tcrossprod_works_as_expected_with_complete"/>
    <testcase time="0.00100000000000033" classname="tcrossprod" name="tcrossprod_works_as_expected_with_complete"/>
    <testcase time="0.00099999999999989" classname="tcrossprod" name="tcrossprod_works_as_expected_with_complete"/>
    <testcase time="0.00099999999999989" classname="tcrossprod" name="tcrossprod_works_as_expected_with_complete"/>
    <testcase time="0.00099999999999989" classname="tcrossprod" name="tcrossprod_works_as_expected_without_complete_default_"/>
    <testcase time="0.00100000000000033" classname="tcrossprod" name="tcrossprod_works_as_expected_without_complete_default_"/>
    <testcase time="0" classname="tcrossprod" name="tcrossprod_works_as_expected_without_complete_default_"/>
    <testcase time="0.00099999999999989" classname="tcrossprod" name="tcrossprod_works_as_expected_without_complete_default_"/>
    <testcase time="0.00099999999999989" classname="tcrossprod" name="tcrossprod_works_as_expected_without_complete_default_"/>
    <testcase time="0.00099999999999989" classname="tcrossprod" name="tcrossprod_works_as_expected_without_complete_default_"/>
  </testsuite>
  <testsuite name="crossprod" timestamp="2023-08-25T03:37:12Z" hostname="a611bdc3347a" tests="11" skipped="0" failures="0" errors="0" time="0.008">
    <testcase time="0.00200000000000022" classname="crossprod" name="crossprod_works_as_expected"/>
    <testcase time="0" classname="crossprod" name="crossprod_works_as_expected"/>
    <testcase time="0" classname="crossprod" name="crossprod_works_as_expected"/>
    <testcase time="0.00099999999999989" classname="crossprod" name="crossprod_works_as_expected"/>
    <testcase time="0.00100000000000033" classname="crossprod" name="crossprod_works_as_expected"/>
    <testcase time="0" classname="crossprod" name="crossprod_works_as_expected"/>
    <testcase time="0.00099999999999989" classname="crossprod" name="crossprod_works_as_expected"/>
    <testcase time="0.00099999999999989" classname="crossprod" name="crossprod_works_as_expected"/>
    <testcase time="0" classname="crossprod" name="crossprod_works_as_expected"/>
    <testcase time="0.00099999999999989" classname="crossprod" name="crossprod_works_as_expected"/>
    <testcase time="0.00100000000000033" classname="crossprod" name="crossprod_works_as_expected"/>
  </testsuite>
  <testsuite name="map_to_cor" timestamp="2023-08-25T03:37:12Z" hostname="a611bdc3347a" tests="5" skipped="0" failures="0" errors="0" time="0.005">
    <testcase time="0.00199999999999978" classname="map_to_cor" name="map_to_cor_works_as_expected"/>
    <testcase time="0.00099999999999989" classname="map_to_cor" name="map_to_cor_works_as_expected"/>
    <testcase time="0.00100000000000033" classname="map_to_cor" name="map_to_cor_works_as_expected"/>
    <testcase time="0" classname="map_to_cor" name="map_to_cor_works_as_expected"/>
    <testcase time="0.00099999999999989" classname="map_to_cor" name="map_to_cor_works_as_expected"/>
  </testsuite>
  <testsuite name="generic_corr_fun" timestamp="2023-08-25T03:37:12Z" hostname="a611bdc3347a" tests="5" skipped="0" failures="0" errors="0" time="0.005">
    <testcase time="0.00199999999999978" classname="generic_corr_fun" name="generic_corr_fun_is_initialized_as_expected"/>
    <testcase time="0.00100000000000033" classname="generic_corr_fun" name="generic_corr_fun_is_initialized_as_expected"/>
    <testcase time="0.00099999999999989" classname="generic_corr_fun" name="generic_corr_fun_is_initialized_as_expected"/>
    <testcase time="0" classname="generic_corr_fun" name="generic_corr_fun_is_initialized_as_expected"/>
    <testcase time="0.00099999999999989" classname="generic_corr_fun" name="generic_corr_fun_is_initialized_as_expected"/>
  </testsuite>
  <testsuite name="get_corr_mat_chol" timestamp="2023-08-25T03:37:12Z" hostname="a611bdc3347a" tests="11" skipped="0" failures="0" errors="0" time="0.009">
    <testcase time="0.00200000000000022" classname="get_corr_mat_chol" name="get_corr_mat_chol_works_as_expected"/>
    <testcase time="0.00099999999999989" classname="get_corr_mat_chol" name="get_corr_mat_chol_works_as_expected"/>
    <testcase time="0.00099999999999989" classname="get_corr_mat_chol" name="get_corr_mat_chol_works_as_expected"/>
    <testcase time="0" classname="get_corr_mat_chol" name="get_corr_mat_chol_works_as_expected"/>
    <testcase time="0.00099999999999989" classname="get_corr_mat_chol" name="get_corr_mat_chol_works_as_expected"/>
    <testcase time="0.00099999999999989" classname="get_corr_mat_chol" name="get_corr_mat_chol_works_as_expected"/>
    <testcase time="0" classname="get_corr_mat_chol" name="get_corr_mat_chol_works_as_expected"/>
    <testcase time="0.00100000000000033" classname="get_corr_mat_chol" name="get_corr_mat_chol_works_as_expected"/>
    <testcase time="0.00099999999999989" classname="get_corr_mat_chol" name="get_corr_mat_chol_works_as_expected"/>
    <testcase time="0.00099999999999989" classname="get_corr_mat_chol" name="get_corr_mat_chol_works_as_expected"/>
    <testcase time="0" classname="get_corr_mat_chol" name="get_corr_mat_chol_works_as_expected"/>
  </testsuite>
  <testsuite name="get_heterogeneous_cov" timestamp="2023-08-25T03:37:12Z" hostname="a611bdc3347a" tests="11" skipped="0" failures="0" errors="0" time="0.009">
    <testcase time="0.00300000000000011" classname="get_heterogeneous_cov" name="get_heterogeneous_cov_works_as_expected"/>
    <testcase time="0" classname="get_heterogeneous_cov" name="get_heterogeneous_cov_works_as_expected"/>
    <testcase time="0.00099999999999989" classname="get_heterogeneous_cov" name="get_heterogeneous_cov_works_as_expected"/>
    <testcase time="0.00099999999999989" classname="get_heterogeneous_cov" name="get_heterogeneous_cov_works_as_expected"/>
    <testcase time="0" classname="get_heterogeneous_cov" name="get_heterogeneous_cov_works_as_expected"/>
    <testcase time="0.00100000000000033" classname="get_heterogeneous_cov" name="get_heterogeneous_cov_works_as_expected"/>
    <testcase time="0.00099999999999989" classname="get_heterogeneous_cov" name="get_heterogeneous_cov_works_as_expected"/>
    <testcase time="0" classname="get_heterogeneous_cov" name="get_heterogeneous_cov_works_as_expected"/>
    <testcase time="0" classname="get_heterogeneous_cov" name="get_heterogeneous_cov_works_as_expected"/>
    <testcase time="0.00099999999999989" classname="get_heterogeneous_cov" name="get_heterogeneous_cov_works_as_expected"/>
    <testcase time="0.00100000000000033" classname="get_heterogeneous_cov" name="get_heterogeneous_cov_works_as_expected"/>
  </testsuite>
  <testsuite name="euclidean distance" timestamp="2023-08-25T03:37:12Z" hostname="a611bdc3347a" tests="36" skipped="0" failures="0" errors="0" time="0.03">
    <testcase time="0.00199999999999978" classname="euclidean_distance" name="euclidean_works_as_expected"/>
    <testcase time="0.00099999999999989" classname="euclidean_distance" name="euclidean_works_as_expected"/>
    <testcase time="0" classname="euclidean_distance" name="euclidean_works_as_expected"/>
    <testcase time="0.00100000000000033" classname="euclidean_distance" name="euclidean_works_as_expected"/>
    <testcase time="0.00099999999999989" classname="euclidean_distance" name="euclidean_works_as_expected"/>
    <testcase time="0" classname="euclidean_distance" name="euclidean_works_as_expected"/>
    <testcase time="0.00099999999999989" classname="euclidean_distance" name="euclidean_works_as_expected"/>
    <testcase time="0.00099999999999989" classname="euclidean_distance" name="euclidean_works_as_expected"/>
    <testcase time="0.00100000000000033" classname="euclidean_distance" name="euclidean_works_as_expected"/>
    <testcase time="0" classname="euclidean_distance" name="euclidean_works_as_expected"/>
    <testcase time="0.00099999999999989" classname="euclidean_distance" name="euclidean_works_as_expected"/>
    <testcase time="0.00099999999999989" classname="euclidean_distance" name="euclidean_works_as_expected"/>
    <testcase time="0.00099999999999989" classname="euclidean_distance" name="euclidean_works_as_expected"/>
    <testcase time="0" classname="euclidean_distance" name="euclidean_works_as_expected"/>
    <testcase time="0.00100000000000033" classname="euclidean_distance" name="euclidean_works_as_expected"/>
    <testcase time="0.00099999999999989" classname="euclidean_distance" name="euclidean_works_as_expected"/>
    <testcase time="0.00099999999999989" classname="euclidean_distance" name="euclidean_works_as_expected"/>
    <testcase time="0" classname="euclidean_distance" name="euclidean_works_as_expected"/>
    <testcase time="0.00200000000000022" classname="euclidean_distance" name="euclidean_works_as_expected_for_matrix"/>
    <testcase time="0" classname="euclidean_distance" name="euclidean_works_as_expected_for_matrix"/>
    <testcase time="0.00099999999999989" classname="euclidean_distance" name="euclidean_works_as_expected_for_matrix"/>
    <testcase time="0.00099999999999989" classname="euclidean_distance" name="euclidean_works_as_expected_for_matrix"/>
    <testcase time="0.00100000000000033" classname="euclidean_distance" name="euclidean_works_as_expected_for_matrix"/>
    <testcase time="0.000999999999999446" classname="euclidean_distance" name="euclidean_works_as_expected_for_matrix"/>
    <testcase time="0" classname="euclidean_distance" name="euclidean_works_as_expected_for_matrix"/>
    <testcase time="0.00100000000000033" classname="euclidean_distance" name="euclidean_works_as_expected_for_matrix"/>
    <testcase time="0.00100000000000033" classname="euclidean_distance" name="euclidean_works_as_expected_for_matrix"/>
    <testcase time="0.000999999999999446" classname="euclidean_distance" name="euclidean_works_as_expected_for_matrix"/>
    <testcase time="0.00100000000000033" classname="euclidean_distance" name="euclidean_works_as_expected_for_matrix"/>
    <testcase time="0.000999999999999446" classname="euclidean_distance" name="euclidean_works_as_expected_for_matrix"/>
    <testcase time="0" classname="euclidean_distance" name="euclidean_works_as_expected_for_matrix"/>
    <testcase time="0.00100000000000033" classname="euclidean_distance" name="euclidean_works_as_expected_for_matrix"/>
    <testcase time="0.00100000000000033" classname="euclidean_distance" name="euclidean_works_as_expected_for_matrix"/>
    <testcase time="0.000999999999999446" classname="euclidean_distance" name="euclidean_works_as_expected_for_matrix"/>
    <testcase time="0.00100000000000033" classname="euclidean_distance" name="euclidean_works_as_expected_for_matrix"/>
    <testcase time="0.00100000000000033" classname="euclidean_distance" name="euclidean_works_as_expected_for_matrix"/>
  </testsuite>
  <testsuite name="cpow works" timestamp="2023-08-25T03:37:12Z" hostname="a611bdc3347a" tests="20" skipped="0" failures="0" errors="0" time="0.017">
    <testcase time="0.00199999999999978" classname="cpow_works" name="cpow_gives_correct_power_by_element_for_power_0.5"/>
    <testcase time="0.000999999999999446" classname="cpow_works" name="cpow_gives_correct_power_by_element_for_power_0.5"/>
    <testcase time="0" classname="cpow_works" name="cpow_gives_correct_power_by_element_for_power_0.5"/>
    <testcase time="0.00100000000000033" classname="cpow_works" name="cpow_gives_correct_power_by_element_for_power_0.5"/>
    <testcase time="0.00100000000000033" classname="cpow_works" name="cpow_gives_correct_power_by_element_for_power_0.5"/>
    <testcase time="0.000999999999999446" classname="cpow_works" name="cpow_gives_correct_power_by_element_for_power_0.5"/>
    <testcase time="0" classname="cpow_works" name="cpow_gives_correct_power_by_element_for_power_0.5"/>
    <testcase time="0.00100000000000033" classname="cpow_works" name="cpow_gives_correct_power_by_element_for_power_0.5"/>
    <testcase time="0.00100000000000033" classname="cpow_works" name="cpow_gives_correct_power_by_element_for_power_0.5"/>
    <testcase time="0" classname="cpow_works" name="cpow_gives_correct_power_by_element_for_power_0.5"/>
    <testcase time="0.00199999999999978" classname="cpow_works" name="cpow_gives_correct_power_by_element_for_power_2"/>
    <testcase time="0.000999999999999446" classname="cpow_works" name="cpow_gives_correct_power_by_element_for_power_2"/>
    <testcase time="0" classname="cpow_works" name="cpow_gives_correct_power_by_element_for_power_2"/>
    <testcase time="0.00100000000000033" classname="cpow_works" name="cpow_gives_correct_power_by_element_for_power_2"/>
    <testcase time="0.00100000000000033" classname="cpow_works" name="cpow_gives_correct_power_by_element_for_power_2"/>
    <testcase time="0.000999999999999446" classname="cpow_works" name="cpow_gives_correct_power_by_element_for_power_2"/>
    <testcase time="0" classname="cpow_works" name="cpow_gives_correct_power_by_element_for_power_2"/>
    <testcase time="0.00100000000000033" classname="cpow_works" name="cpow_gives_correct_power_by_element_for_power_2"/>
    <testcase time="0.00100000000000033" classname="cpow_works" name="cpow_gives_correct_power_by_element_for_power_2"/>
    <testcase time="0.000999999999999446" classname="cpow_works" name="cpow_gives_correct_power_by_element_for_power_2"/>
  </testsuite>
  <testsuite name="pseudoInverseSqrt works" timestamp="2023-08-25T03:37:12Z" hostname="a611bdc3347a" tests="22" skipped="0" failures="0" errors="0" time="0.018">
    <testcase time="0.00199999999999978" classname="pseudoInverseSqrt_works" name="pseudoInverseSqrt_gives_correct_result"/>
    <testcase time="0.00100000000000033" classname="pseudoInverseSqrt_works" name="pseudoInverseSqrt_gives_correct_result"/>
    <testcase time="0" classname="pseudoInverseSqrt_works" name="pseudoInverseSqrt_gives_correct_result"/>
    <testcase time="0.00100000000000033" classname="pseudoInverseSqrt_works" name="pseudoInverseSqrt_gives_correct_result"/>
    <testcase time="0.000999999999999446" classname="pseudoInverseSqrt_works" name="pseudoInverseSqrt_gives_correct_result"/>
    <testcase time="0" classname="pseudoInverseSqrt_works" name="pseudoInverseSqrt_gives_correct_result"/>
    <testcase time="0.00100000000000033" classname="pseudoInverseSqrt_works" name="pseudoInverseSqrt_gives_correct_result"/>
    <testcase time="0.00100000000000033" classname="pseudoInverseSqrt_works" name="pseudoInverseSqrt_gives_correct_result"/>
    <testcase time="0.000999999999999446" classname="pseudoInverseSqrt_works" name="pseudoInverseSqrt_gives_correct_result"/>
    <testcase time="0" classname="pseudoInverseSqrt_works" name="pseudoInverseSqrt_gives_correct_result"/>
    <testcase time="0.00100000000000033" classname="pseudoInverseSqrt_works" name="pseudoInverseSqrt_gives_correct_result"/>
    <testcase time="0.000999999999999446" classname="pseudoInverseSqrt_works" name="pseudoInverseSqrt_gives_correct_result_for_rank_deficient_matrix"/>
    <testcase time="0.00100000000000033" classname="pseudoInverseSqrt_works" name="pseudoInverseSqrt_gives_correct_result_for_rank_deficient_matrix"/>
    <testcase time="0.00100000000000033" classname="pseudoInverseSqrt_works" name="pseudoInverseSqrt_gives_correct_result_for_rank_deficient_matrix"/>
    <testcase time="0.000999999999999446" classname="pseudoInverseSqrt_works" name="pseudoInverseSqrt_gives_correct_result_for_rank_deficient_matrix"/>
    <testcase time="0" classname="pseudoInverseSqrt_works" name="pseudoInverseSqrt_gives_correct_result_for_rank_deficient_matrix"/>
    <testcase time="0.00100000000000033" classname="pseudoInverseSqrt_works" name="pseudoInverseSqrt_gives_correct_result_for_rank_deficient_matrix"/>
    <testcase time="0.00100000000000033" classname="pseudoInverseSqrt_works" name="pseudoInverseSqrt_gives_correct_result_for_rank_deficient_matrix"/>
    <testcase time="0.000999999999999446" classname="pseudoInverseSqrt_works" name="pseudoInverseSqrt_gives_correct_result_for_rank_deficient_matrix"/>
    <testcase time="0.00100000000000033" classname="pseudoInverseSqrt_works" name="pseudoInverseSqrt_gives_correct_result_for_rank_deficient_matrix"/>
    <testcase time="0" classname="pseudoInverseSqrt_works" name="pseudoInverseSqrt_gives_correct_result_for_rank_deficient_matrix"/>
    <testcase time="0.000999999999999446" classname="pseudoInverseSqrt_works" name="pseudoInverseSqrt_gives_correct_result_for_rank_deficient_matrix"/>
  </testsuite>
  <testsuite name="Rcpp and eigen conversion" timestamp="2023-08-25T03:37:12Z" hostname="a611bdc3347a" tests="28" skipped="0" failures="0" errors="0" time="0.022">
    <testcase time="0.00200000000000067" classname="Rcpp_and_eigen_conversion" name="conversions_do_not_change_values"/>
    <testcase time="0.000999999999999446" classname="Rcpp_and_eigen_conversion" name="conversions_do_not_change_values"/>
    <testcase time="0.00100000000000033" classname="Rcpp_and_eigen_conversion" name="conversions_do_not_change_values"/>
    <testcase time="0" classname="Rcpp_and_eigen_conversion" name="conversions_do_not_change_values"/>
    <testcase time="0.00100000000000033" classname="Rcpp_and_eigen_conversion" name="conversions_do_not_change_values"/>
    <testcase time="0.000999999999999446" classname="Rcpp_and_eigen_conversion" name="conversions_do_not_change_values"/>
    <testcase time="0.00100000000000033" classname="Rcpp_and_eigen_conversion" name="conversions_do_not_change_values"/>
    <testcase time="0" classname="Rcpp_and_eigen_conversion" name="conversions_do_not_change_values"/>
    <testcase time="0.000999999999999446" classname="Rcpp_and_eigen_conversion" name="conversions_do_not_change_values"/>
    <testcase time="0.00100000000000033" classname="Rcpp_and_eigen_conversion" name="conversions_do_not_change_values"/>
    <testcase time="0.00100000000000033" classname="Rcpp_and_eigen_conversion" name="conversions_do_not_change_values"/>
    <testcase time="0" classname="Rcpp_and_eigen_conversion" name="conversions_do_not_change_values"/>
    <testcase time="0.000999999999999446" classname="Rcpp_and_eigen_conversion" name="conversions_do_not_change_values"/>
    <testcase time="0.00100000000000033" classname="Rcpp_and_eigen_conversion" name="conversions_do_not_change_values"/>
    <testcase time="0" classname="Rcpp_and_eigen_conversion" name="conversions_do_not_change_values"/>
    <testcase time="0" classname="Rcpp_and_eigen_conversion" name="conversions_do_not_change_values"/>
    <testcase time="0.000999999999999446" classname="Rcpp_and_eigen_conversion" name="conversions_do_not_change_values"/>
    <testcase time="0.00100000000000033" classname="Rcpp_and_eigen_conversion" name="conversions_do_not_change_values"/>
    <testcase time="0.000999999999999446" classname="Rcpp_and_eigen_conversion" name="conversions_do_not_change_values"/>
    <testcase time="0" classname="Rcpp_and_eigen_conversion" name="conversions_do_not_change_values"/>
    <testcase time="0.00100000000000033" classname="Rcpp_and_eigen_conversion" name="conversions_do_not_change_values"/>
    <testcase time="0.00100000000000033" classname="Rcpp_and_eigen_conversion" name="conversions_do_not_change_values"/>
    <testcase time="0.000999999999999446" classname="Rcpp_and_eigen_conversion" name="conversions_do_not_change_values"/>
    <testcase time="0.00100000000000033" classname="Rcpp_and_eigen_conversion" name="conversions_do_not_change_values"/>
    <testcase time="0" classname="Rcpp_and_eigen_conversion" name="conversions_do_not_change_values"/>
    <testcase time="0.00100000000000033" classname="Rcpp_and_eigen_conversion" name="conversions_do_not_change_values"/>
    <testcase time="0.000999999999999446" classname="Rcpp_and_eigen_conversion" name="conversions_do_not_change_values"/>
    <testcase time="0.00100000000000033" classname="Rcpp_and_eigen_conversion" name="conversions_do_not_change_values"/>
  </testsuite>
  <testsuite name="segment works for Rcpp Vector" timestamp="2023-08-25T03:37:12Z" hostname="a611bdc3347a" tests="2" skipped="0" failures="0" errors="0" time="0.003">
    <testcase time="0.00199999999999978" classname="segment_works_for_Rcpp_Vector" name="segment_have_correct_values"/>
    <testcase time="0.00100000000000033" classname="segment_works_for_Rcpp_Vector" name="segment_have_correct_values"/>
  </testsuite>
  <testsuite name="emmeans" timestamp="2023-08-25T03:37:12Z" hostname="a611bdc3347a" tests="37" skipped="0" failures="0" errors="0" time="1">
    <testcase time="0.0609999999999999" classname="emmeans" name="emmeans_emits_a_message_about_mmrm_registration_on_load"/>
    <testcase time="0.0209999999999999" classname="emmeans" name="recover_data_method_works_as_expected"/>
    <testcase time="0.000999999999999446" classname="emmeans" name="recover_data_method_works_as_expected"/>
    <testcase time="0.0180000000000007" classname="emmeans" name="recover_data_method_works_as_expected_for_rank_deficient_model"/>
    <testcase time="0.000999999999999446" classname="emmeans" name="recover_data_method_works_as_expected_for_rank_deficient_model"/>
    <testcase time="0.0440000000000005" classname="emmeans" name="emm_basis_method_works_as_expected"/>
    <testcase time="0.000999999999999446" classname="emmeans" name="emm_basis_method_works_as_expected"/>
    <testcase time="0.0449999999999999" classname="emmeans" name="emm_basis_method_works_also_for_rank_deficient_fit"/>
    <testcase time="0.00100000000000033" classname="emmeans" name="emm_basis_method_works_also_for_rank_deficient_fit"/>
    <testcase time="0.0350000000000001" classname="emmeans" name="emmeans_works_as_expected"/>
    <testcase time="0.00100000000000033" classname="emmeans" name="emmeans_works_as_expected"/>
    <testcase time="0.0229999999999997" classname="emmeans" name="emmeans_works_as_expected"/>
    <testcase time="0.069" classname="emmeans" name="emmeans_works_as_expected_for_transformed_variables"/>
    <testcase time="0.00100000000000033" classname="emmeans" name="emmeans_works_as_expected_for_transformed_variables"/>
    <testcase time="0.00899999999999945" classname="emmeans" name="emmeans_works_as_expected_for_transformed_variables"/>
    <testcase time="0.0680000000000005" classname="emmeans" name="emmeans_works_as_expected_for_transformed_variables_and_fixed_effect_is_not_visit"/>
    <testcase time="0.000999999999999446" classname="emmeans" name="emmeans_works_as_expected_for_transformed_variables_and_fixed_effect_is_not_visit"/>
    <testcase time="0.0120000000000005" classname="emmeans" name="emmeans_works_as_expected_for_transformed_variables_and_fixed_effect_is_not_visit"/>
    <testcase time="0.0339999999999998" classname="emmeans" name="emmeans_gives_values_close_to_what_is_expected"/>
    <testcase time="0.0119999999999996" classname="emmeans" name="emmeans_gives_values_close_to_what_is_expected"/>
    <testcase time="0.00500000000000078" classname="emmeans" name="emmeans_gives_values_close_to_what_is_expected"/>
    <testcase time="0.00499999999999989" classname="emmeans" name="emmeans_gives_values_close_to_what_is_expected"/>
    <testcase time="0.00399999999999956" classname="emmeans" name="emmeans_gives_values_close_to_what_is_expected"/>
    <testcase time="0.119" classname="emmeans" name="emmeans_works_as_expected_also_for_rank_deficient_fit_when_singular_coefficients_are_not_involved"/>
    <testcase time="0.00100000000000033" classname="emmeans" name="emmeans_works_as_expected_also_for_rank_deficient_fit_when_singular_coefficients_are_not_involved"/>
    <testcase time="0.0129999999999999" classname="emmeans" name="emmeans_works_as_expected_also_for_rank_deficient_fit_when_singular_coefficients_are_not_involved"/>
    <testcase time="0.0620000000000003" classname="emmeans" name="emmeans_works_as_expected_also_for_rank_deficient_fit_when_singular_coefficients_are_involved"/>
    <testcase time="0.000999999999999446" classname="emmeans" name="emmeans_works_as_expected_also_for_rank_deficient_fit_when_singular_coefficients_are_involved"/>
    <testcase time="0.0450000000000008" classname="emmeans" name="emmeans_works_as_expected_also_for_rank_deficient_fit_when_singular_coefficients_are_involved"/>
    <testcase time="0.00699999999999967" classname="emmeans" name="emmeans_works_as_expected_also_for_rank_deficient_fit_when_singular_coefficients_are_involved"/>
    <testcase time="0.0969999999999995" classname="emmeans" name="emmeans_works_as_expected_also_for_weighted_model"/>
    <testcase time="0.00100000000000033" classname="emmeans" name="emmeans_works_as_expected_also_for_weighted_model"/>
    <testcase time="0.0179999999999998" classname="emmeans" name="emmeans_works_as_expected_also_for_weighted_model"/>
    <testcase time="0.109" classname="emmeans" name="emmeans_gives_d.f._close_to_what_is_expected_for_weighted_model"/>
    <testcase time="0.00100000000000033" classname="emmeans" name="emmeans_gives_d.f._close_to_what_is_expected_for_weighted_model"/>
    <testcase time="0.0460000000000003" classname="emmeans" name="emmeans_gives_d.f._close_to_what_is_expected_for_weighted_model"/>
    <testcase time="0.00800000000000001" classname="emmeans" name="emmeans_gives_d.f._close_to_what_is_expected_for_weighted_model"/>
  </testsuite>
  <testsuite name="empirical" timestamp="2023-08-25T03:37:13Z" hostname="a611bdc3347a" tests="33" skipped="3" failures="0" errors="0" time="2.43">
    <testcase time="0.0359999999999996" classname="empirical" name="h_get_empirical_obtain_empirical_covariance">
      <skipped message="Reason: On CRAN ('test-empirical.R:6:3')"/>
    </testcase>
    <testcase time="0.0449999999999999" classname="empirical" name="h_get_empirical_obtain_jackknife_covariance">
      <skipped message="Reason: On CRAN ('test-empirical.R:12:3')"/>
    </testcase>
    <testcase time="0.0449999999999999" classname="empirical" name="h_get_empirical_obtain_jackknife_covariance">
      <skipped message="Reason: On CRAN ('test-empirical.R:18:3')"/>
    </testcase>
    <testcase time="0.0739999999999998" classname="empirical" name="empirical_covariance_are_the_same_with_SAS_result_for_ar1"/>
    <testcase time="0.0570000000000004" classname="empirical" name="empirical_covariance_are_the_same_with_SAS_result_for_ar1h"/>
    <testcase time="0.0549999999999997" classname="empirical" name="empirical_covariance_are_the_same_with_SAS_result_for_cs"/>
    <testcase time="0.0550000000000006" classname="empirical" name="empirical_covariance_are_the_same_with_SAS_result_for_csh"/>
    <testcase time="0.056" classname="empirical" name="empirical_covariance_are_the_same_with_SAS_result_for_toep"/>
    <testcase time="0.056" classname="empirical" name="empirical_covariance_are_the_same_with_SAS_result_for_toeph"/>
    <testcase time="0.0629999999999997" classname="empirical" name="empirical_covariance_are_the_same_with_SAS_result_for_adh"/>
    <testcase time="0.056" classname="empirical" name="empirical_covariance_are_the_same_with_SAS_result_for_us"/>
    <testcase time="0.0629999999999997" classname="empirical" name="empirical_covariance_are_the_same_with_SAS_result_for_sp_exp"/>
    <testcase time="0.0600000000000005" classname="empirical" name="empirical_covariance_are_the_same_with_SAS_result_for_ar1"/>
    <testcase time="0.0609999999999999" classname="empirical" name="empirical_covariance_are_the_same_with_SAS_result_for_ar1h"/>
    <testcase time="0.0599999999999996" classname="empirical" name="empirical_covariance_are_the_same_with_SAS_result_for_cs"/>
    <testcase time="0.0679999999999996" classname="empirical" name="empirical_covariance_are_the_same_with_SAS_result_for_csh"/>
    <testcase time="0.0609999999999999" classname="empirical" name="empirical_covariance_are_the_same_with_SAS_result_for_toep"/>
    <testcase time="0.0620000000000003" classname="empirical" name="empirical_covariance_are_the_same_with_SAS_result_for_toeph"/>
    <testcase time="0.0629999999999997" classname="empirical" name="empirical_covariance_are_the_same_with_SAS_result_for_adh"/>
    <testcase time="0.0630000000000006" classname="empirical" name="empirical_covariance_are_the_same_with_SAS_result_for_us"/>
    <testcase time="0.0669999999999993" classname="empirical" name="empirical_covariance_are_the_same_with_SAS_result_for_sp_exp"/>
    <testcase time="0.139" classname="empirical" name="Empirical_works_as_expected_for_ar1"/>
    <testcase time="0.085" classname="empirical" name="Empirical_works_as_expected_for_ar1"/>
    <testcase time="0.109" classname="empirical" name="Empirical_works_as_expected_for_weighted_ar1"/>
    <testcase time="0.0709999999999997" classname="empirical" name="Empirical_works_as_expected_for_weighted_ar1"/>
    <testcase time="0.108000000000001" classname="empirical" name="Jackknife_works_as_expected_for_ar1"/>
    <testcase time="0.0709999999999997" classname="empirical" name="Jackknife_works_as_expected_for_ar1"/>
    <testcase time="0.124000000000001" classname="empirical" name="Jackknife_works_as_expected_for_weighted_ar1"/>
    <testcase time="0.0709999999999997" classname="empirical" name="Jackknife_works_as_expected_for_weighted_ar1"/>
    <testcase time="0.149999999999999" classname="empirical" name="Bias_Reduced_works_as_expected_for_ar1"/>
    <testcase time="0.0640000000000001" classname="empirical" name="Bias_Reduced_works_as_expected_for_ar1"/>
    <testcase time="0.139" classname="empirical" name="Bias_Reduced_works_as_expected_for_weighted_ar1"/>
    <testcase time="0.0729999999999995" classname="empirical" name="Bias_Reduced_works_as_expected_for_weighted_ar1"/>
  </testsuite>
  <testsuite name="fit" timestamp="2023-08-25T03:37:16Z" hostname="a611bdc3347a" tests="158" skipped="3" failures="0" errors="0" time="2.646">
    <testcase time="0.0490000000000004" classname="fit" name="fit_single_optimizer_works_as_expected_with_defaults"/>
    <testcase time="0.00499999999999989" classname="fit" name="fit_single_optimizer_works_as_expected_with_defaults"/>
    <testcase time="0.00499999999999989" classname="fit" name="fit_single_optimizer_works_as_expected_with_defaults"/>
    <testcase time="0.00400000000000045" classname="fit" name="fit_single_optimizer_works_as_expected_with_defaults"/>
    <testcase time="0.00399999999999956" classname="fit" name="fit_single_optimizer_works_as_expected_with_defaults"/>
    <testcase time="0.0410000000000004" classname="fit" name="fit_single_optimizer_works_as_expected_with_nlminb_optimizer_but_no_starting_values"/>
    <testcase time="0.00399999999999956" classname="fit" name="fit_single_optimizer_works_as_expected_with_nlminb_optimizer_but_no_starting_values"/>
    <testcase time="0.00400000000000045" classname="fit" name="fit_single_optimizer_works_as_expected_with_nlminb_optimizer_but_no_starting_values"/>
    <testcase time="0.00399999999999956" classname="fit" name="fit_single_optimizer_works_as_expected_with_nlminb_optimizer_but_no_starting_values"/>
    <testcase time="0.00400000000000045" classname="fit" name="fit_single_optimizer_works_as_expected_with_nlminb_optimizer_but_no_starting_values"/>
    <testcase time="0.0439999999999996" classname="fit" name="fit_single_optimizer_works_as_expected_with_optimizer_inputted_but_no_starting_values"/>
    <testcase time="0.00499999999999989" classname="fit" name="fit_single_optimizer_works_as_expected_with_optimizer_inputted_but_no_starting_values"/>
    <testcase time="0.00400000000000045" classname="fit" name="fit_single_optimizer_works_as_expected_with_optimizer_inputted_but_no_starting_values"/>
    <testcase time="0.00399999999999956" classname="fit" name="fit_single_optimizer_works_as_expected_with_optimizer_inputted_but_no_starting_values"/>
    <testcase time="0.00400000000000045" classname="fit" name="fit_single_optimizer_works_as_expected_with_optimizer_inputted_but_no_starting_values"/>
    <testcase time="0.0590000000000002" classname="fit" name="fit_single_optimizer_works_as_expected_with_starting_values_and_optimizer_inputted"/>
    <testcase time="0.00399999999999956" classname="fit" name="fit_single_optimizer_works_as_expected_with_starting_values_and_optimizer_inputted"/>
    <testcase time="0.00400000000000045" classname="fit" name="fit_single_optimizer_works_as_expected_with_starting_values_and_optimizer_inputted"/>
    <testcase time="0.00399999999999956" classname="fit" name="fit_single_optimizer_works_as_expected_with_starting_values_and_optimizer_inputted"/>
    <testcase time="0.00400000000000045" classname="fit" name="fit_single_optimizer_works_as_expected_with_starting_values_and_optimizer_inputted"/>
    <testcase time="0.0129999999999999" classname="fit" name="fit_single_optimizer_gives_error_messages"/>
    <testcase time="0.00800000000000001" classname="fit" name="fit_single_optimizer_gives_error_messages"/>
    <testcase time="0.0249999999999995" classname="fit" name="fit_single_optimizer_is_stable_to_extreme_scaling_with_defaults"/>
    <testcase time="0.00400000000000045" classname="fit" name="fit_single_optimizer_is_stable_to_extreme_scaling_with_defaults"/>
    <testcase time="0.0209999999999999" classname="fit" name="fit_single_optimizer_catches_convergence_warning_as_expected"/>
    <testcase time="0.000999999999999446" classname="fit" name="fit_single_optimizer_catches_convergence_warning_as_expected"/>
    <testcase time="0.00400000000000045" classname="fit" name="fit_single_optimizer_catches_convergence_warning_as_expected"/>
    <testcase time="0.00199999999999978" classname="fit" name="fit_single_optimizer_catches_convergence_warning_as_expected"/>
    <testcase time="0.0289999999999999" classname="fit" name="fit_single_optimizer_deals_correctly_with_unobserved_visits_message"/>
    <testcase time="0.00400000000000045" classname="fit" name="fit_single_optimizer_deals_correctly_with_unobserved_visits_message"/>
    <testcase time="0.00399999999999956" classname="fit" name="fit_single_optimizer_deals_correctly_with_unobserved_visits_message"/>
    <testcase time="0.0200000000000005" classname="fit" name="fit_single_optimizer_fails_if_formula_contains_._"/>
    <testcase time="0.0270000000000001" classname="fit" name="fit_single_optimizer_signals_non_convergence_but_does_not_fail_for_finite_values_error"/>
    <testcase time="0.00399999999999956" classname="fit" name="fit_single_optimizer_signals_non_convergence_but_does_not_fail_for_finite_values_error"/>
    <testcase time="0.00400000000000045" classname="fit" name="fit_single_optimizer_signals_non_convergence_but_does_not_fail_for_finite_values_error"/>
    <testcase time="0.0269999999999992" classname="fit" name="fit_single_optimizer_signals_non_convergence_but_does_not_fail_for_NA_NaN_Hessian_error"/>
    <testcase time="0.00500000000000078" classname="fit" name="fit_single_optimizer_signals_non_convergence_but_does_not_fail_for_NA_NaN_Hessian_error"/>
    <testcase time="0.00399999999999956" classname="fit" name="fit_single_optimizer_signals_non_convergence_but_does_not_fail_for_NA_NaN_Hessian_error"/>
    <testcase time="0.103999999999999" classname="fit" name="h_summarize_all_fits_works_as_expected"/>
    <testcase time="0.00100000000000122" classname="fit" name="h_summarize_all_fits_works_as_expected">
      <skipped message="Reason: On CRAN ('test-fit.R:214:3')"/>
    </testcase>
    <testcase time="0.113" classname="fit" name="h_summarize_all_fits_works_when_some_list_elements_are_try_error_objects"/>
    <testcase time="0.0150000000000006" classname="fit" name="h_summarize_all_fits_works_when_some_list_elements_are_try_error_objects"/>
    <testcase time="0.0969999999999995" classname="fit" name="refit_multiple_optimizers_works_as_expected_with_default_arguments"/>
    <testcase time="0.00200000000000067" classname="fit" name="refit_multiple_optimizers_works_as_expected_with_default_arguments"/>
    <testcase time="0.00399999999999956" classname="fit" name="refit_multiple_optimizers_works_as_expected_with_default_arguments"/>
    <testcase time="0.00499999999999901" classname="fit" name="refit_multiple_optimizers_works_as_expected_with_default_arguments"/>
    <testcase time="0.00400000000000134" classname="fit" name="refit_multiple_optimizers_works_as_expected_with_default_arguments"/>
    <testcase time="0.00699999999999967" classname="fit" name="refit_multiple_optimizers_works_with_parallel_computations_and_selected_optimizers">
      <skipped message="Reason: On CRAN ('test-fit.R:274:3')"/>
    </testcase>
    <testcase time="0.0619999999999994" classname="fit" name="mmrm_works_as_expected_for_unstructured"/>
    <testcase time="0.00100000000000122" classname="fit" name="mmrm_works_as_expected_for_unstructured"/>
    <testcase time="0.00499999999999901" classname="fit" name="mmrm_works_as_expected_for_unstructured"/>
    <testcase time="0.000999999999999446" classname="fit" name="mmrm_works_as_expected_for_unstructured"/>
    <testcase time="0.00100000000000122" classname="fit" name="mmrm_works_as_expected_for_unstructured"/>
    <testcase time="0.00399999999999956" classname="fit" name="mmrm_works_as_expected_for_unstructured"/>
    <testcase time="0.0519999999999996" classname="fit" name="mmrm_works_as_expected_for_antedependence"/>
    <testcase time="0.000999999999999446" classname="fit" name="mmrm_works_as_expected_for_antedependence"/>
    <testcase time="0.00500000000000078" classname="fit" name="mmrm_works_as_expected_for_antedependence"/>
    <testcase time="0.000999999999999446" classname="fit" name="mmrm_works_as_expected_for_antedependence"/>
    <testcase time="0.00100000000000122" classname="fit" name="mmrm_works_as_expected_for_antedependence"/>
    <testcase time="0.00499999999999901" classname="fit" name="mmrm_works_as_expected_for_antedependence"/>
    <testcase time="0.0590000000000011" classname="fit" name="mmrm_works_as_expected_for_toeplitz"/>
    <testcase time="0.00199999999999889" classname="fit" name="mmrm_works_as_expected_for_toeplitz"/>
    <testcase time="0.00400000000000134" classname="fit" name="mmrm_works_as_expected_for_toeplitz"/>
    <testcase time="0.000999999999999446" classname="fit" name="mmrm_works_as_expected_for_toeplitz"/>
    <testcase time="0.00199999999999889" classname="fit" name="mmrm_works_as_expected_for_toeplitz"/>
    <testcase time="0.00400000000000134" classname="fit" name="mmrm_works_as_expected_for_toeplitz"/>
    <testcase time="0.0569999999999986" classname="fit" name="mmrm_falls_back_to_other_optimizers_if_default_does_not_work"/>
    <testcase time="0.0710000000000015" classname="fit" name="mmrm_falls_back_to_other_optimizers_if_default_does_not_work"/>
    <testcase time="0.00399999999999956" classname="fit" name="mmrm_falls_back_to_other_optimizers_if_default_does_not_work"/>
    <testcase time="0.00499999999999901" classname="fit" name="mmrm_falls_back_to_other_optimizers_if_default_does_not_work"/>
    <testcase time="0.00700000000000145" classname="fit" name="mmrm_fails_if_no_optimizer_works">
      <skipped message="Reason: On CI ('test-fit.R:369:3')"/>
    </testcase>
    <testcase time="0.0619999999999994" classname="fit" name="mmrm_works_for_rank_deficient_original_design_matrix_by_default"/>
    <testcase time="0.00399999999999956" classname="fit" name="mmrm_works_for_rank_deficient_original_design_matrix_by_default"/>
    <testcase time="0.0650000000000013" classname="fit" name="mmrm_works_if_data_is_not_provided_as_argument"/>
    <testcase time="0.00499999999999901" classname="fit" name="mmrm_works_if_data_is_not_provided_as_argument"/>
    <testcase time="0.088000000000001" classname="fit" name="mmrm_works_if_formula_contains_variables_not_in_data"/>
    <testcase time="0.00499999999999901" classname="fit" name="mmrm_works_if_formula_contains_variables_not_in_data"/>
    <testcase time="0.0210000000000008" classname="fit" name="mmrm_works_for_specific_small_data_example"/>
    <testcase time="0.00399999999999956" classname="fit" name="mmrm_works_for_specific_small_data_example"/>
    <testcase time="0.036999999999999" classname="fit" name="mmrm_works_for_custom_optimizer"/>
    <testcase time="0.0410000000000004" classname="fit" name="mmrm_works_for_constructed_control"/>
    <testcase time="0.0809999999999995" classname="fit" name="mmrm_still_works_for_deprecated_automatic_optimizer"/>
    <testcase time="0.0340000000000007" classname="fit" name="mmrm_works_and_gives_message_for_data_with_unobserved_visit_levels"/>
    <testcase time="0.027000000000001" classname="fit" name="mmrm_works_and_gives_message_for_data_with_unobserved_visit_levels"/>
    <testcase time="0.0119999999999987" classname="fit" name="mmrm_fails_when_using_..._and_control_at_the_same_time"/>
    <testcase time="0.0140000000000011" classname="fit" name="mmrm_fails_when_using_formula_covariance_with_covariance_argument"/>
    <testcase time="0.0350000000000001" classname="fit" name="mmrm_works_when_using_formula_directly_in_covariance"/>
    <testcase time="0.0439999999999987" classname="fit" name="mmrm_works_for_different_na.actions"/>
    <testcase time="0.00200000000000067" classname="fit" name="mmrm_works_for_different_na.actions"/>
    <testcase time="0.0329999999999995" classname="fit" name="mmrm_works_for_different_na.actions"/>
    <testcase time="0.000999999999999446" classname="fit" name="mmrm_works_for_different_na.actions"/>
    <testcase time="0.0329999999999995" classname="fit" name="mmrm_works_for_different_na.actions"/>
    <testcase time="0.00200000000000067" classname="fit" name="mmrm_works_for_different_na.actions"/>
    <testcase time="0.032" classname="fit" name="mmrm_works_for_different_na.actions"/>
    <testcase time="0.000999999999999446" classname="fit" name="mmrm_works_for_different_na.actions"/>
    <testcase time="0.0380000000000003" classname="fit" name="mmrm_still_works_for_a_model_that_only_contains_an_interaction_term"/>
    <testcase time="0.0129999999999999" classname="fit" name="mmrm_fails_if_formula_contains_._"/>
    <testcase time="0.0549999999999997" classname="fit" name="mmrm_can_proceed_to_second_optimizer_if_first_one_has_divergence_error"/>
    <testcase time="0.00600000000000023" classname="fit" name="mmrm_can_proceed_to_second_optimizer_if_first_one_has_divergence_error"/>
    <testcase time="0.0500000000000007" classname="fit" name="mmrm_behaves_correctly_when_some_of_alternative_optimizers_have_divergence_errors"/>
    <testcase time="0.00499999999999901" classname="fit" name="mmrm_behaves_correctly_when_some_of_alternative_optimizers_have_divergence_errors"/>
    <testcase time="0.0359999999999996" classname="fit" name="mmrm_works_as_expected_when_the_only_provided_optimizer_fails_with_divergence_error"/>
    <testcase time="0.043000000000001" classname="fit" name="mmrm_works_for_vcov_Asymptotic_and_method_Sattherthwaite"/>
    <testcase time="0.00199999999999889" classname="fit" name="mmrm_works_for_vcov_Asymptotic_and_method_Sattherthwaite"/>
    <testcase time="0.00400000000000134" classname="fit" name="mmrm_works_for_vcov_Asymptotic_and_method_Sattherthwaite"/>
    <testcase time="0.00199999999999889" classname="fit" name="mmrm_works_for_vcov_Asymptotic_and_method_Sattherthwaite"/>
    <testcase time="0.00400000000000134" classname="fit" name="mmrm_works_for_vcov_Asymptotic_and_method_Sattherthwaite"/>
    <testcase time="0.00199999999999889" classname="fit" name="mmrm_works_for_vcov_Asymptotic_and_method_Sattherthwaite"/>
    <testcase time="0.032" classname="fit" name="mmrm_works_for_vcov_Asymptotic_and_method_Between_Within"/>
    <testcase time="0.00200000000000067" classname="fit" name="mmrm_works_for_vcov_Asymptotic_and_method_Between_Within"/>
    <testcase time="0.00399999999999956" classname="fit" name="mmrm_works_for_vcov_Asymptotic_and_method_Between_Within"/>
    <testcase time="0.00200000000000067" classname="fit" name="mmrm_works_for_vcov_Asymptotic_and_method_Between_Within"/>
    <testcase time="0.0109999999999992" classname="fit" name="mmrm_works_for_vcov_Asymptotic_and_method_Between_Within"/>
    <testcase time="0.0150000000000006" classname="fit" name="mmrm_fails_for_vcov_Kenward_Roger_and_method_Sattherthwaite"/>
    <testcase time="0.0139999999999993" classname="fit" name="mmrm_fails_for_vcov_Kenward_Roger_Linear_and_method_Sattherthwaite"/>
    <testcase time="0.0519999999999996" classname="fit" name="mmrm_works_for_vcov_Empirical_and_method_Residual"/>
    <testcase time="0.00200000000000067" classname="fit" name="mmrm_works_for_vcov_Empirical_and_method_Residual"/>
    <testcase time="0.00399999999999956" classname="fit" name="mmrm_works_for_vcov_Empirical_and_method_Residual"/>
    <testcase time="0.00200000000000067" classname="fit" name="mmrm_works_for_vcov_Empirical_and_method_Residual"/>
    <testcase time="0.00399999999999956" classname="fit" name="mmrm_works_for_vcov_Empirical_and_method_Residual"/>
    <testcase time="0.00200000000000067" classname="fit" name="mmrm_works_for_vcov_Empirical_and_method_Residual"/>
    <testcase time="0.0519999999999996" classname="fit" name="mmrm_works_for_vcov_Jackknife_and_method_Residual"/>
    <testcase time="0.000999999999999446" classname="fit" name="mmrm_works_for_vcov_Jackknife_and_method_Residual"/>
    <testcase time="0.00500000000000078" classname="fit" name="mmrm_works_for_vcov_Jackknife_and_method_Residual"/>
    <testcase time="0.000999999999999446" classname="fit" name="mmrm_works_for_vcov_Jackknife_and_method_Residual"/>
    <testcase time="0.00500000000000078" classname="fit" name="mmrm_works_for_vcov_Jackknife_and_method_Residual"/>
    <testcase time="0.00199999999999889" classname="fit" name="mmrm_works_for_vcov_Jackknife_and_method_Residual"/>
    <testcase time="0.0510000000000002" classname="fit" name="mmrm_works_for_vcov_Empirical_and_method_Satterthwaite"/>
    <testcase time="0.00200000000000067" classname="fit" name="mmrm_works_for_vcov_Empirical_and_method_Satterthwaite"/>
    <testcase time="0.00399999999999956" classname="fit" name="mmrm_works_for_vcov_Empirical_and_method_Satterthwaite"/>
    <testcase time="0.0080000000000009" classname="fit" name="mmrm_works_for_vcov_Empirical_and_method_Satterthwaite"/>
    <testcase time="0.00699999999999967" classname="fit" name="mmrm_works_for_vcov_Empirical_and_method_Satterthwaite"/>
    <testcase time="0.000999999999999446" classname="fit" name="mmrm_works_for_vcov_Empirical_and_method_Satterthwaite"/>
    <testcase time="0.00500000000000078" classname="fit" name="mmrm_works_for_vcov_Empirical_and_method_Satterthwaite"/>
    <testcase time="0.0629999999999988" classname="fit" name="mmrm_works_for_vcov_Jackknife_and_method_Satterthwaite"/>
    <testcase time="0.00200000000000067" classname="fit" name="mmrm_works_for_vcov_Jackknife_and_method_Satterthwaite"/>
    <testcase time="0.00500000000000078" classname="fit" name="mmrm_works_for_vcov_Jackknife_and_method_Satterthwaite"/>
    <testcase time="0.00199999999999889" classname="fit" name="mmrm_works_for_vcov_Jackknife_and_method_Satterthwaite"/>
    <testcase time="0.00500000000000078" classname="fit" name="mmrm_works_for_vcov_Jackknife_and_method_Satterthwaite"/>
    <testcase time="0.00199999999999889" classname="fit" name="mmrm_works_for_vcov_Jackknife_and_method_Satterthwaite"/>
    <testcase time="0.00400000000000134" classname="fit" name="mmrm_works_for_vcov_Jackknife_and_method_Satterthwaite"/>
    <testcase time="0.0139999999999993" classname="fit" name="mmrm_fails_for_vcov_Asymptotic_and_method_Kenward_Roger"/>
    <testcase time="0.036999999999999" classname="fit" name="mmrm_works_for_vcov_Kenward_Roger_and_method_Kenward_Roger"/>
    <testcase time="0.00200000000000067" classname="fit" name="mmrm_works_for_vcov_Kenward_Roger_and_method_Kenward_Roger"/>
    <testcase time="0.00500000000000078" classname="fit" name="mmrm_works_for_vcov_Kenward_Roger_and_method_Kenward_Roger"/>
    <testcase time="0.00199999999999889" classname="fit" name="mmrm_works_for_vcov_Kenward_Roger_and_method_Kenward_Roger"/>
    <testcase time="0.00400000000000134" classname="fit" name="mmrm_works_for_vcov_Kenward_Roger_and_method_Kenward_Roger"/>
    <testcase time="0.00199999999999889" classname="fit" name="mmrm_works_for_vcov_Kenward_Roger_and_method_Kenward_Roger"/>
    <testcase time="0.00200000000000067" classname="fit" name="mmrm_works_for_vcov_Kenward_Roger_and_method_Kenward_Roger"/>
    <testcase time="0.0359999999999996" classname="fit" name="mmrm_works_for_vcov_Kenward_Roger_Linear_and_method_Kenward_Roger"/>
    <testcase time="0.00200000000000067" classname="fit" name="mmrm_works_for_vcov_Kenward_Roger_Linear_and_method_Kenward_Roger"/>
    <testcase time="0.0109999999999992" classname="fit" name="mmrm_works_for_vcov_Kenward_Roger_Linear_and_method_Kenward_Roger"/>
    <testcase time="0.00300000000000011" classname="fit" name="mmrm_works_for_vcov_Kenward_Roger_Linear_and_method_Kenward_Roger"/>
    <testcase time="0.00500000000000078" classname="fit" name="mmrm_works_for_vcov_Kenward_Roger_Linear_and_method_Kenward_Roger"/>
    <testcase time="0.00199999999999889" classname="fit" name="mmrm_works_for_vcov_Kenward_Roger_Linear_and_method_Kenward_Roger"/>
    <testcase time="0.00200000000000067" classname="fit" name="mmrm_works_for_vcov_Kenward_Roger_Linear_and_method_Kenward_Roger"/>
    <testcase time="0.0139999999999993" classname="fit" name="mmrm_fails_for_vcov_Empirical_and_method_Kenward_Roger"/>
    <testcase time="0.0140000000000011" classname="fit" name="mmrm_fails_for_vcov_Jackknife_and_method_Kenward_Roger"/>
  </testsuite>
  <testsuite name="interop-parsnip" timestamp="2023-08-25T03:37:19Z" hostname="a611bdc3347a" tests="3" skipped="0" failures="0" errors="0" time="0.546">
    <testcase time="0.425999999999998" classname="interop_parsnip" name="mmrm_works_when_using_tidymodels"/>
    <testcase time="0.0710000000000015" classname="interop_parsnip" name="mmrm_works_when_using_tidymodels"/>
    <testcase time="0.0489999999999995" classname="interop_parsnip" name="mmrm_works_when_using_tidymodels"/>
  </testsuite>
  <testsuite name="interop" timestamp="2023-08-25T03:37:19Z" hostname="a611bdc3347a" tests="5" skipped="0" failures="0" errors="0" time="0.057">
    <testcase time="0.0169999999999995" classname="interop" name="check_package_version_warns_when_version_is_not_compatible"/>
    <testcase time="0.0210000000000008" classname="interop" name="check_package_version_warns_when_version_is_not_compatible"/>
    <testcase time="0.00699999999999967" classname="interop" name="check_package_version_warns_when_version_is_not_compatible"/>
    <testcase time="0.00799999999999912" classname="interop" name="register_on_load_sets_an_onLoad_hook_when_package_is_not_yet_loaded"/>
    <testcase time="0.00400000000000134" classname="interop" name="register_on_load_sets_an_onLoad_hook_when_package_is_not_yet_loaded"/>
  </testsuite>
  <testsuite name="kenwardroger" timestamp="2023-08-25T03:37:19Z" hostname="a611bdc3347a" tests="63" skipped="25" failures="0" errors="0" time="2.353">
    <testcase time="0.0629999999999988" classname="kenwardroger" name="h_get_kr_comp_works_as_expected_on_ar1_ungrouped_mmrm">
      <skipped message="Reason: On CRAN ('test-kenwardroger.R:4:3')"/>
    </testcase>
    <testcase time="0.0460000000000012" classname="kenwardroger" name="h_get_kr_comp_works_as_expected_on_ar1_grouped_mmrm">
      <skipped message="Reason: On CRAN ('test-kenwardroger.R:9:3')"/>
    </testcase>
    <testcase time="0.0470000000000006" classname="kenwardroger" name="h_get_kr_comp_works_as_expected_on_ar1h_ungrouped_mmrm">
      <skipped message="Reason: On CRAN ('test-kenwardroger.R:14:3')"/>
    </testcase>
    <testcase time="0.0499999999999989" classname="kenwardroger" name="h_get_kr_comp_works_as_expected_on_ar1h_grouped_mmrm">
      <skipped message="Reason: On CRAN ('test-kenwardroger.R:19:3')"/>
    </testcase>
    <testcase time="0.272" classname="kenwardroger" name="h_get_kr_comp_works_as_expected_on_cs_ungrouped_mmrm">
      <skipped message="Reason: On CRAN ('test-kenwardroger.R:24:3')"/>
    </testcase>
    <testcase time="0.0449999999999999" classname="kenwardroger" name="h_get_kr_comp_works_as_expected_on_cs_grouped_mmrm">
      <skipped message="Reason: On CRAN ('test-kenwardroger.R:29:3')"/>
    </testcase>
    <testcase time="0.048" classname="kenwardroger" name="h_get_kr_comp_works_as_expected_on_csh_ungrouped_mmrm">
      <skipped message="Reason: On CRAN ('test-kenwardroger.R:34:3')"/>
    </testcase>
    <testcase time="0.0510000000000002" classname="kenwardroger" name="h_get_kr_comp_works_as_expected_on_csh_grouped_mmrm">
      <skipped message="Reason: On CRAN ('test-kenwardroger.R:39:3')"/>
    </testcase>
    <testcase time="0.0460000000000012" classname="kenwardroger" name="h_get_kr_comp_works_as_expected_on_toep_ungrouped_mmrm">
      <skipped message="Reason: On CRAN ('test-kenwardroger.R:44:3')"/>
    </testcase>
    <testcase time="0.0510000000000002" classname="kenwardroger" name="h_get_kr_comp_works_as_expected_on_toep_grouped_mmrm">
      <skipped message="Reason: On CRAN ('test-kenwardroger.R:49:3')"/>
    </testcase>
    <testcase time="0.0559999999999992" classname="kenwardroger" name="h_get_kr_comp_works_as_expected_on_toeph_ungrouped_mmrm">
      <skipped message="Reason: On CRAN ('test-kenwardroger.R:54:3')"/>
    </testcase>
    <testcase time="0.0600000000000005" classname="kenwardroger" name="h_get_kr_comp_works_as_expected_on_toeph_grouped_mmrm">
      <skipped message="Reason: On CRAN ('test-kenwardroger.R:59:3')"/>
    </testcase>
    <testcase time="0.0749999999999993" classname="kenwardroger" name="h_get_kr_comp_works_as_expected_on_us_ungrouped_mmrm">
      <skipped message="Reason: On CRAN ('test-kenwardroger.R:64:3')"/>
    </testcase>
    <testcase time="0.0709999999999997" classname="kenwardroger" name="h_get_kr_comp_works_as_expected_on_us_grouped_mmrm">
      <skipped message="Reason: On CRAN ('test-kenwardroger.R:69:3')"/>
    </testcase>
    <testcase time="0.0570000000000004" classname="kenwardroger" name="h_get_kr_comp_works_as_expected_on_adh_ungrouped_mmrm">
      <skipped message="Reason: On CRAN ('test-kenwardroger.R:74:3')"/>
    </testcase>
    <testcase time="0.0609999999999999" classname="kenwardroger" name="h_get_kr_comp_works_as_expected_on_adh_grouped_mmrm">
      <skipped message="Reason: On CRAN ('test-kenwardroger.R:79:3')"/>
    </testcase>
    <testcase time="0.0579999999999998" classname="kenwardroger" name="h_get_kr_comp_works_as_expected_on_ad_ungrouped_mmrm">
      <skipped message="Reason: On CRAN ('test-kenwardroger.R:84:3')"/>
    </testcase>
    <testcase time="0.0510000000000002" classname="kenwardroger" name="h_get_kr_comp_works_as_expected_on_ad_grouped_mmrm">
      <skipped message="Reason: On CRAN ('test-kenwardroger.R:89:3')"/>
    </testcase>
    <testcase time="0.0519999999999996" classname="kenwardroger" name="h_get_kr_comp_works_as_expected_on_spatial_mmrm">
      <skipped message="Reason: On CRAN ('test-kenwardroger.R:98:3')"/>
    </testcase>
    <testcase time="0.0530000000000008" classname="kenwardroger" name="h_get_kr_comp_works_as_expected_on_grouped_spatial_mmrm">
      <skipped message="Reason: On CRAN ('test-kenwardroger.R:107:3')"/>
    </testcase>
    <testcase time="0.0470000000000006" classname="kenwardroger" name="kr_give_similar_results_as_SAS_for_ar1"/>
    <testcase time="0.00499999999999901" classname="kenwardroger" name="kr_give_similar_results_as_SAS_for_ar1"/>
    <testcase time="0.0370000000000008" classname="kenwardroger" name="kr_linear_give_similar_results_as_SAS_for_ar1"/>
    <testcase time="0.00499999999999901" classname="kenwardroger" name="kr_linear_give_similar_results_as_SAS_for_ar1"/>
    <testcase time="0.043000000000001" classname="kenwardroger" name="kr_give_similar_results_as_SAS_for_ar1h"/>
    <testcase time="0.00499999999999901" classname="kenwardroger" name="kr_give_similar_results_as_SAS_for_ar1h"/>
    <testcase time="0.0419999999999998" classname="kenwardroger" name="kr_linear_give_similar_results_as_SAS_for_ar1h"/>
    <testcase time="0.00500000000000078" classname="kenwardroger" name="kr_linear_give_similar_results_as_SAS_for_ar1h"/>
    <testcase time="0.0419999999999998" classname="kenwardroger" name="kr_give_similar_results_as_SAS_for_cs"/>
    <testcase time="0.00500000000000078" classname="kenwardroger" name="kr_give_similar_results_as_SAS_for_cs"/>
    <testcase time="0.0379999999999985" classname="kenwardroger" name="kr_linear_give_similar_results_as_SAS_for_cs"/>
    <testcase time="0.00500000000000078" classname="kenwardroger" name="kr_linear_give_similar_results_as_SAS_for_cs"/>
    <testcase time="0.0419999999999998" classname="kenwardroger" name="kr_give_similar_results_as_SAS_for_csh"/>
    <testcase time="0.00500000000000078" classname="kenwardroger" name="kr_give_similar_results_as_SAS_for_csh"/>
    <testcase time="0.0419999999999998" classname="kenwardroger" name="kr_linear_give_similar_results_as_SAS_for_csh"/>
    <testcase time="0.00499999999999901" classname="kenwardroger" name="kr_linear_give_similar_results_as_SAS_for_csh"/>
    <testcase time="0.0470000000000006" classname="kenwardroger" name="kr_give_similar_results_as_SAS_for_adh"/>
    <testcase time="0.00500000000000078" classname="kenwardroger" name="kr_give_similar_results_as_SAS_for_adh"/>
    <testcase time="0.0549999999999997" classname="kenwardroger" name="kr_linear_give_similar_results_as_SAS_for_adh"/>
    <testcase time="0.00399999999999956" classname="kenwardroger" name="kr_linear_give_similar_results_as_SAS_for_adh"/>
    <testcase time="0.0410000000000004" classname="kenwardroger" name="kr_give_similar_results_as_SAS_for_toep"/>
    <testcase time="0.00499999999999901" classname="kenwardroger" name="kr_give_similar_results_as_SAS_for_toep"/>
    <testcase time="0.0530000000000008" classname="kenwardroger" name="kr_linear_give_similar_results_as_SAS_for_toep"/>
    <testcase time="0.00600000000000023" classname="kenwardroger" name="kr_linear_give_similar_results_as_SAS_for_toep"/>
    <testcase time="0.0519999999999996" classname="kenwardroger" name="kr_give_similar_results_as_SAS_for_toeph"/>
    <testcase time="0.00500000000000078" classname="kenwardroger" name="kr_give_similar_results_as_SAS_for_toeph"/>
    <testcase time="0.0489999999999995" classname="kenwardroger" name="kr_linear_give_similar_results_as_SAS_for_toeph"/>
    <testcase time="0.00600000000000023" classname="kenwardroger" name="kr_linear_give_similar_results_as_SAS_for_toeph"/>
    <testcase time="0.0579999999999998" classname="kenwardroger" name="kr_give_similar_results_as_SAS_for_unstructured"/>
    <testcase time="0.00600000000000023" classname="kenwardroger" name="kr_give_similar_results_as_SAS_for_unstructured"/>
    <testcase time="0.0589999999999993" classname="kenwardroger" name="kr_linear_give_similar_results_as_SAS_for_unstructured"/>
    <testcase time="0.00500000000000078" classname="kenwardroger" name="kr_linear_give_similar_results_as_SAS_for_unstructured"/>
    <testcase time="0.0499999999999989" classname="kenwardroger" name="kr_give_similar_results_as_SAS_for_spatial_exponential"/>
    <testcase time="0.00500000000000078" classname="kenwardroger" name="kr_give_similar_results_as_SAS_for_spatial_exponential"/>
    <testcase time="0.0489999999999995" classname="kenwardroger" name="kr_linear_give_similar_results_as_SAS_for_spatial_exponential"/>
    <testcase time="0.00500000000000078" classname="kenwardroger" name="kr_linear_give_similar_results_as_SAS_for_spatial_exponential"/>
    <testcase time="0.00899999999999856" classname="kenwardroger" name="h_df_1d_kr_works_as_expected_in_the_standard_case">
      <skipped message="Reason: On CRAN ('test-kenwardroger.R:348:3')"/>
    </testcase>
    <testcase time="0.0180000000000007" classname="kenwardroger" name="h_df_md_kr_works_as_expected_in_the_standard_case">
      <skipped message="Reason: On CRAN ('test-kenwardroger.R:356:3')"/>
    </testcase>
    <testcase time="0.0169999999999995" classname="kenwardroger" name="h_kr_df_works_as_expected_in_the_standard_case">
      <skipped message="Reason: On CRAN ('test-kenwardroger.R:367:3')"/>
    </testcase>
    <testcase time="0.016" classname="kenwardroger" name="h_var_adj_works_as_expected_in_the_standard_case_for_Kenward_Roger">
      <skipped message="Reason: On CRAN ('test-kenwardroger.R:377:3')"/>
    </testcase>
    <testcase time="0.0170000000000012" classname="kenwardroger" name="h_var_adj_works_as_expected_in_the_standard_case_for_Kenward_Roger_Linear">
      <skipped message="Reason: On CRAN ('test-kenwardroger.R:389:3')"/>
    </testcase>
    <testcase time="0.0169999999999995" classname="kenwardroger" name="df_md_works_as_expected_for_Kenward_Roger"/>
    <testcase time="0.00799999999999912" classname="kenwardroger" name="df_md_works_as_expected_for_Kenward_Roger"/>
  </testsuite>
  <testsuite name="mmrm-methods" timestamp="2023-08-25T03:37:21Z" hostname="a611bdc3347a" tests="20" skipped="6" failures="0" errors="0" time="0.344">
    <testcase time="0.0310000000000006" classname="mmrm_methods" name="h_coef_table_works_as_expected"/>
    <testcase time="0.000999999999999446" classname="mmrm_methods" name="h_coef_table_works_as_expected"/>
    <testcase time="0.00100000000000122" classname="mmrm_methods" name="h_coef_table_works_as_expected"/>
    <testcase time="0.000999999999999446" classname="mmrm_methods" name="h_coef_table_works_as_expected"/>
    <testcase time="0.016" classname="mmrm_methods" name="h_coef_table_works_as_expected"/>
    <testcase time="0.000999999999999446" classname="mmrm_methods" name="h_coef_table_works_as_expected"/>
    <testcase time="0.00400000000000134" classname="mmrm_methods" name="h_coef_table_works_as_expected"/>
    <testcase time="0.016" classname="mmrm_methods" name="summary_works_as_expected"/>
    <testcase time="0.000999999999999446" classname="mmrm_methods" name="summary_works_as_expected"/>
    <testcase time="0.000999999999999446" classname="mmrm_methods" name="summary_works_as_expected"/>
    <testcase time="0.0330000000000013" classname="mmrm_methods" name="h_print_call_works_as_expected"/>
    <testcase time="0.0469999999999988" classname="mmrm_methods" name="h_print_call_works_as_expected_for_weighted_fits"/>
    <testcase time="0.0310000000000006" classname="mmrm_methods" name="h_print_cov_works_as_expected"/>
    <testcase time="0.0259999999999998" classname="mmrm_methods" name="h_print_cov_works_as_expected"/>
    <testcase time="0.00900000000000034" classname="mmrm_methods" name="h_print_aic_list_works_as_expected">
      <skipped message="Reason: On CRAN ('test-mmrm-methods.R:66:3')"/>
    </testcase>
    <testcase time="0.0299999999999994" classname="mmrm_methods" name="print.summary.mmrm_works_as_expected">
      <skipped message="Reason: On CRAN ('test-mmrm-methods.R:79:3')"/>
    </testcase>
    <testcase time="0.027000000000001" classname="mmrm_methods" name="print.summary.mmrm_works_as_expected_for_weighted_models">
      <skipped message="Reason: On CRAN ('test-mmrm-methods.R:85:3')"/>
    </testcase>
    <testcase time="0.0269999999999992" classname="mmrm_methods" name="print.summary.mmrm_works_as_expected_for_rank_deficient_fits">
      <skipped message="Reason: On CRAN ('test-mmrm-methods.R:91:3')"/>
    </testcase>
    <testcase time="0.0210000000000008" classname="mmrm_methods" name="print.summary.mmrm_works_as_expected_for_grouped_fits">
      <skipped message="Reason: On CRAN ('test-mmrm-methods.R:97:3')"/>
    </testcase>
    <testcase time="0.0199999999999996" classname="mmrm_methods" name="print.summary.mmrm_works_as_expected_for_spatial_fits">
      <skipped message="Reason: On CRAN ('test-mmrm-methods.R:104:3')"/>
    </testcase>
  </testsuite>
  <testsuite name="satterthwaite" timestamp="2023-08-25T03:37:22Z" hostname="a611bdc3347a" tests="45" skipped="0" failures="0" errors="0" time="0.367">
    <testcase time="0.0289999999999999" classname="satterthwaite" name="h_jac_list_works_as_expected"/>
    <testcase time="0.00199999999999889" classname="satterthwaite" name="h_jac_list_works_as_expected"/>
    <testcase time="0.00500000000000078" classname="satterthwaite" name="h_jac_list_works_as_expected"/>
    <testcase time="0.00500000000000078" classname="satterthwaite" name="h_jac_list_works_as_expected"/>
    <testcase time="0.00799999999999912" classname="satterthwaite" name="h_quad_form_vec_works_as_expected"/>
    <testcase time="0.00399999999999956" classname="satterthwaite" name="h_quad_form_vec_works_as_expected"/>
    <testcase time="0.00700000000000145" classname="satterthwaite" name="h_quad_form_mat_works_as_expected_for_a_true_row_vector_as_mat"/>
    <testcase time="0.00399999999999956" classname="satterthwaite" name="h_quad_form_mat_works_as_expected_for_a_true_row_vector_as_mat"/>
    <testcase time="0.00799999999999912" classname="satterthwaite" name="h_quad_form_mat_works_as_expected_for_a_larger_mat"/>
    <testcase time="0.00400000000000134" classname="satterthwaite" name="h_quad_form_mat_works_as_expected_for_a_larger_mat"/>
    <testcase time="0.00699999999999967" classname="satterthwaite" name="h_gradient_works_as_expected"/>
    <testcase time="0.00399999999999956" classname="satterthwaite" name="h_gradient_works_as_expected"/>
    <testcase time="0.0340000000000007" classname="satterthwaite" name="h_df_1d_sat_works_as_expected"/>
    <testcase time="0.000999999999999446" classname="satterthwaite" name="h_df_1d_sat_works_as_expected"/>
    <testcase time="0.00499999999999901" classname="satterthwaite" name="h_df_1d_sat_works_as_expected"/>
    <testcase time="0.00400000000000134" classname="satterthwaite" name="h_df_1d_sat_works_as_expected"/>
    <testcase time="0.00399999999999956" classname="satterthwaite" name="h_df_1d_sat_works_as_expected"/>
    <testcase time="0.00499999999999901" classname="satterthwaite" name="h_df_1d_sat_works_as_expected"/>
    <testcase time="0.00400000000000134" classname="satterthwaite" name="h_df_1d_sat_works_as_expected"/>
    <testcase time="0.0679999999999996" classname="satterthwaite" name="h_df_1d_sat_works_as_expected_for_singular_fits"/>
    <testcase time="0.00300000000000011" classname="satterthwaite" name="h_df_1d_sat_works_as_expected_for_singular_fits"/>
    <testcase time="0.00499999999999901" classname="satterthwaite" name="h_df_1d_sat_works_as_expected_for_singular_fits"/>
    <testcase time="0.0080000000000009" classname="satterthwaite" name="h_md_denom_df_works_as_expected_in_the_standard_case"/>
    <testcase time="0.00399999999999956" classname="satterthwaite" name="h_md_denom_df_works_as_expected_in_the_standard_case"/>
    <testcase time="0.0080000000000009" classname="satterthwaite" name="h_md_denom_df_works_as_expected_for_a_single_t_statistic"/>
    <testcase time="0.00300000000000011" classname="satterthwaite" name="h_md_denom_df_works_as_expected_for_a_single_t_statistic"/>
    <testcase time="0.00699999999999967" classname="satterthwaite" name="h_md_denom_df_works_as_expected_when_the_t_statistics_are_almost_identical"/>
    <testcase time="0.00399999999999956" classname="satterthwaite" name="h_md_denom_df_works_as_expected_when_the_t_statistics_are_almost_identical"/>
    <testcase time="0.00999999999999979" classname="satterthwaite" name="h_md_denom_df_works_as_expected_when_one_t_statistic_is_2_or_smaller"/>
    <testcase time="0.00400000000000134" classname="satterthwaite" name="h_md_denom_df_works_as_expected_when_one_t_statistic_is_2_or_smaller"/>
    <testcase time="0.00399999999999956" classname="satterthwaite" name="h_md_denom_df_works_as_expected_when_one_t_statistic_is_2_or_smaller"/>
    <testcase time="0.0340000000000007" classname="satterthwaite" name="h_df_md_from_1d_works_as_expected"/>
    <testcase time="0.00199999999999889" classname="satterthwaite" name="h_df_md_from_1d_works_as_expected"/>
    <testcase time="0.00100000000000122" classname="satterthwaite" name="h_df_md_from_1d_works_as_expected"/>
    <testcase time="0.00899999999999856" classname="satterthwaite" name="h_df_md_sat_works_as_expected"/>
    <testcase time="0.00100000000000122" classname="satterthwaite" name="h_df_md_sat_works_as_expected"/>
    <testcase time="0.00399999999999956" classname="satterthwaite" name="h_df_md_sat_works_as_expected"/>
    <testcase time="0.00399999999999956" classname="satterthwaite" name="h_df_md_sat_works_as_expected"/>
    <testcase time="0.00400000000000134" classname="satterthwaite" name="h_df_md_sat_works_as_expected"/>
    <testcase time="0.00499999999999901" classname="satterthwaite" name="h_df_md_sat_works_as_expected"/>
    <testcase time="0.00900000000000034" classname="satterthwaite" name="h_df_md_sat_works_as_expected_with_a_non_full_rank_contrast_matrix"/>
    <testcase time="0.00500000000000078" classname="satterthwaite" name="h_df_md_sat_works_as_expected_with_a_non_full_rank_contrast_matrix"/>
    <testcase time="0.00899999999999856" classname="satterthwaite" name="h_df_md_sat_works_as_expected_for_rank_deficient_model"/>
    <testcase time="0.00400000000000134" classname="satterthwaite" name="h_df_md_sat_works_as_expected_for_rank_deficient_model"/>
    <testcase time="0.00399999999999956" classname="satterthwaite" name="h_df_md_sat_works_as_expected_for_rank_deficient_model"/>
  </testsuite>
  <testsuite name="testing" timestamp="2023-08-25T03:37:22Z" hostname="a611bdc3347a" tests="15" skipped="2" failures="0" errors="0" time="0.136">
    <testcase time="0.0169999999999995" classname="testing" name="df_1d_uses_correct_function_on_Satterthwaite_method_fit"/>
    <testcase time="0.011000000000001" classname="testing" name="df_1d_uses_correct_function_on_Kenward_Roger_method_fit"/>
    <testcase time="0.0149999999999988" classname="testing" name="df_1d_uses_correct_function_on_Between_Within_method_fit"/>
    <testcase time="0.0129999999999999" classname="testing" name="df_md_uses_correct_function_on_Satterthwaite_method_fit"/>
    <testcase time="0.0120000000000005" classname="testing" name="df_md_uses_correct_function_on_Kenward_Roger_method_fit"/>
    <testcase time="0.0120000000000005" classname="testing" name="df_md_uses_correct_function_on_Kenward_Roger_Linear_method_fit"/>
    <testcase time="0.0150000000000006" classname="testing" name="df_md_uses_correct_function_on_Between_Within_method_fit"/>
    <testcase time="0.016" classname="testing" name="h_test_1d_works_as_expected"/>
    <testcase time="0.000999999999999446" classname="testing" name="h_test_1d_works_as_expected"/>
    <testcase time="0.000999999999999446" classname="testing" name="h_test_1d_works_as_expected"/>
    <testcase time="0.00200000000000067" classname="testing" name="h_test_1d_works_as_expected">
      <skipped message="Reason: On CRAN ('test-testing.R:69:3')"/>
    </testcase>
    <testcase time="0.0169999999999995" classname="testing" name="h_test_md_works_as_expected"/>
    <testcase time="0.000999999999999446" classname="testing" name="h_test_md_works_as_expected"/>
    <testcase time="0.00100000000000122" classname="testing" name="h_test_md_works_as_expected"/>
    <testcase time="0.00199999999999889" classname="testing" name="h_test_md_works_as_expected">
      <skipped message="Reason: On CRAN ('test-testing.R:84:3')"/>
    </testcase>
  </testsuite>
  <testsuite name="tmb-methods" timestamp="2023-08-25T03:37:22Z" hostname="a611bdc3347a" tests="209" skipped="2" failures="1" errors="0" time="12.581">
    <testcase time="0.0250000000000004" classname="tmb_methods" name="coef_works_as_expected"/>
    <testcase time="0.00500000000000078" classname="tmb_methods" name="coef_works_as_expected"/>
    <testcase time="0.00799999999999912" classname="tmb_methods" name="coef_works_as_expected_for_rank_deficient_model"/>
    <testcase time="0.00500000000000078" classname="tmb_methods" name="coef_works_as_expected_for_rank_deficient_model"/>
    <testcase time="0.00199999999999889" classname="tmb_methods" name="coef_works_as_expected_for_rank_deficient_model"/>
    <testcase time="0.00500000000000078" classname="tmb_methods" name="coef_works_as_expected_for_rank_deficient_model"/>
    <testcase time="0.00799999999999912" classname="tmb_methods" name="fitted_works_as_expected"/>
    <testcase time="0.00100000000000122" classname="tmb_methods" name="fitted_works_as_expected"/>
    <testcase time="0.00999999999999979" classname="tmb_methods" name="fitted_give_same_result_compared_to_nlme"/>
    <testcase time="0.0609999999999999" classname="tmb_methods" name="fitted_give_same_result_compared_to_nlme"/>
    <testcase time="0.0649999999999995" classname="tmb_methods" name="fitted_give_same_result_compared_to_nlme_if_the_order_is_changed"/>
    <testcase time="0.00999999999999979" classname="tmb_methods" name="h_get_prediction_works"/>
    <testcase time="0.00400000000000134" classname="tmb_methods" name="h_get_prediction_works"/>
    <testcase time="0.0129999999999999" classname="tmb_methods" name="h_get_prediction_works_for_partial_data"/>
    <testcase time="0.00399999999999956" classname="tmb_methods" name="h_get_prediction_works_for_partial_data"/>
    <testcase time="0.00399999999999956" classname="tmb_methods" name="h_get_prediction_works_for_partial_data"/>
    <testcase time="0.00399999999999956" classname="tmb_methods" name="h_get_prediction_works_for_partial_data"/>
    <testcase time="0.0129999999999999" classname="tmb_methods" name="predict_works_for_old_patient_new_visit"/>
    <testcase time="0.0080000000000009" classname="tmb_methods" name="predict_works_for_old_patient_new_visit"/>
    <testcase time="0.00699999999999967" classname="tmb_methods" name="predict_works_for_old_patient_new_visit"/>
    <testcase time="0.0199999999999996" classname="tmb_methods" name="predict_works_for_only_fit_values_without_response"/>
    <testcase time="0.00500000000000078" classname="tmb_methods" name="predict_works_for_only_fit_values_without_response"/>
    <testcase time="0.0169999999999995" classname="tmb_methods" name="predict_works_for_only_fit_values_with_response"/>
    <testcase time="0.00500000000000078" classname="tmb_methods" name="predict_works_for_only_fit_values_with_response"/>
    <testcase time="0.000999999999999446" classname="tmb_methods" name="predict_works_for_only_fit_values_with_response"/>
    <testcase time="0.0760000000000005" classname="tmb_methods" name="predict_warns_on_aliased_variables"/>
    <testcase time="0.0229999999999997" classname="tmb_methods" name="predict_will_return_on_correct_order"/>
    <testcase time="0.0250000000000004" classname="tmb_methods" name="predict_will_return_NA_if_data_contains_NA_in_covariates"/>
    <testcase time="0.00399999999999956" classname="tmb_methods" name="predict_will_return_NA_if_data_contains_NA_in_covariates"/>
    <testcase time="0.0709999999999997" classname="tmb_methods" name="predict_gives_same_result_with_sas_in_unstructured_satterthwaite_Kenward_Roger"/>
    <testcase time="0.00500000000000078" classname="tmb_methods" name="predict_gives_same_result_with_sas_in_unstructured_satterthwaite_Kenward_Roger"/>
    <testcase time="0.00699999999999967" classname="tmb_methods" name="predict_gives_same_result_with_sas_in_unstructured_satterthwaite_Kenward_Roger"/>
    <testcase time="0.00499999999999901" classname="tmb_methods" name="predict_gives_same_result_with_sas_in_unstructured_satterthwaite_Kenward_Roger"/>
    <testcase time="0.0440000000000005" classname="tmb_methods" name="predict_gives_same_result_with_sas_in_toep_satterthwaite"/>
    <testcase time="0.00399999999999956" classname="tmb_methods" name="predict_gives_same_result_with_sas_in_toep_satterthwaite"/>
    <testcase time="0.0440000000000005" classname="tmb_methods" name="predict_gives_same_result_with_sas_in_ar1_satterthwaite_kenward_roger"/>
    <testcase time="0.00499999999999901" classname="tmb_methods" name="predict_gives_same_result_with_sas_in_ar1_satterthwaite_kenward_roger"/>
    <testcase time="0.00699999999999967" classname="tmb_methods" name="predict_gives_same_result_with_sas_in_ar1_satterthwaite_kenward_roger"/>
    <testcase time="0.00500000000000078" classname="tmb_methods" name="predict_gives_same_result_with_sas_in_ar1_satterthwaite_kenward_roger"/>
    <testcase time="0.0440000000000005" classname="tmb_methods" name="predict_gives_same_result_with_sas_in_cs_satterthwaite_kenward_roger"/>
    <testcase time="0.00399999999999956" classname="tmb_methods" name="predict_gives_same_result_with_sas_in_cs_satterthwaite_kenward_roger"/>
    <testcase time="0.00699999999999967" classname="tmb_methods" name="predict_gives_same_result_with_sas_in_cs_satterthwaite_kenward_roger"/>
    <testcase time="0.00400000000000134" classname="tmb_methods" name="predict_gives_same_result_with_sas_in_cs_satterthwaite_kenward_roger"/>
    <testcase time="0.052999999999999" classname="tmb_methods" name="predict_gives_same_result_with_sas_in_sp_exp_satterthwaite_kenward_roger"/>
    <testcase time="0.00500000000000078" classname="tmb_methods" name="predict_gives_same_result_with_sas_in_sp_exp_satterthwaite_kenward_roger"/>
    <testcase time="0.00699999999999967" classname="tmb_methods" name="predict_gives_same_result_with_sas_in_sp_exp_satterthwaite_kenward_roger"/>
    <testcase time="0.00499999999999901" classname="tmb_methods" name="predict_gives_same_result_with_sas_in_sp_exp_satterthwaite_kenward_roger"/>
    <testcase time="0.00900000000000034" classname="tmb_methods" name="h_construct_model_frame_inputs_works_with_all_columns"/>
    <testcase time="0.00500000000000078" classname="tmb_methods" name="h_construct_model_frame_inputs_works_with_all_columns"/>
    <testcase time="0.00499999999999901" classname="tmb_methods" name="h_construct_model_frame_inputs_works_with_all_columns"/>
    <testcase time="0.00900000000000034" classname="tmb_methods" name="h_construct_model_frame_inputs_works_with_response_var_selected"/>
    <testcase time="0.00399999999999956" classname="tmb_methods" name="h_construct_model_frame_inputs_works_with_response_var_selected"/>
    <testcase time="0.00500000000000078" classname="tmb_methods" name="h_construct_model_frame_inputs_works_with_response_var_selected"/>
    <testcase time="0.00900000000000034" classname="tmb_methods" name="h_construct_model_frame_inputs_works_with_include_NULL"/>
    <testcase time="0.00499999999999901" classname="tmb_methods" name="h_construct_model_frame_inputs_works_with_include_NULL"/>
    <testcase time="0.00500000000000078" classname="tmb_methods" name="h_construct_model_frame_inputs_works_with_include_NULL"/>
    <testcase time="0.00999999999999979" classname="tmb_methods" name="model.frame_works_as_expected_with_defaults"/>
    <testcase time="0.000999999999999446" classname="tmb_methods" name="model.frame_works_as_expected_with_defaults"/>
    <testcase time="0.00100000000000122" classname="tmb_methods" name="model.frame_works_as_expected_with_defaults"/>
    <testcase time="0.000999999999999446" classname="tmb_methods" name="model.frame_works_as_expected_with_defaults"/>
    <testcase time="0.00999999999999979" classname="tmb_methods" name="model.frame_works_as_expected_with_includes"/>
    <testcase time="0.000999999999999446" classname="tmb_methods" name="model.frame_works_as_expected_with_includes"/>
    <testcase time="0.000999999999999446" classname="tmb_methods" name="model.frame_works_as_expected_with_includes"/>
    <testcase time="0.000999999999999446" classname="tmb_methods" name="model.frame_works_as_expected_with_includes"/>
    <testcase time="0.00999999999999979" classname="tmb_methods" name="model.frame_returns_full_model_frame_if_requested"/>
    <testcase time="0.00100000000000122" classname="tmb_methods" name="model.frame_returns_full_model_frame_if_requested"/>
    <testcase time="0.000999999999999446" classname="tmb_methods" name="model.frame_returns_full_model_frame_if_requested"/>
    <testcase time="0.00200000000000067" classname="tmb_methods" name="model.frame_returns_full_model_frame_if_requested"/>
    <testcase time="0.00999999999999979" classname="tmb_methods" name="model.frame_works_if_variable_transformed"/>
    <testcase time="0.000999999999999446" classname="tmb_methods" name="model.frame_works_if_variable_transformed"/>
    <testcase time="0.000999999999999446" classname="tmb_methods" name="model.frame_works_if_variable_transformed"/>
    <testcase time="0.00200000000000067" classname="tmb_methods" name="model.frame_works_if_variable_transformed"/>
    <testcase time="0.00999999999999979" classname="tmb_methods" name="model.frame_works_for_new_data"/>
    <testcase time="0.000999999999999446" classname="tmb_methods" name="model.frame_works_for_new_data"/>
    <testcase time="0.00100000000000122" classname="tmb_methods" name="model.frame_works_for_new_data"/>
    <testcase time="0.00199999999999889" classname="tmb_methods" name="model.frame_works_for_new_data"/>
    <testcase time="0.00900000000000034" classname="tmb_methods" name="model.frame_works_if_input_x_does_not_contain_NA_y_contains_but_not_included"/>
    <testcase time="0.0169999999999995" classname="tmb_methods" name="model.frame_fails_if_y_contains_NA_and_is_included"/>
    <testcase time="0.0100000000000016" classname="tmb_methods" name="model.frame_makes_the_levels_match"/>
    <testcase time="0.00499999999999901" classname="tmb_methods" name="model.frame_makes_the_levels_match"/>
    <testcase time="0.011000000000001" classname="tmb_methods" name="model.frame_do_not_care_about_subject_levels"/>
    <testcase time="0.00399999999999956" classname="tmb_methods" name="model.frame_do_not_care_about_subject_levels"/>
    <testcase time="0.0179999999999989" classname="tmb_methods" name="model.frame_include_all_specified_variables"/>
    <testcase time="0.00400000000000134" classname="tmb_methods" name="model.frame_include_all_specified_variables"/>
    <testcase time="0.00499999999999901" classname="tmb_methods" name="model.frame_include_all_specified_variables"/>
    <testcase time="0.00400000000000134" classname="tmb_methods" name="model.frame_include_all_specified_variables"/>
    <testcase time="0.00399999999999956" classname="tmb_methods" name="model.frame_include_all_specified_variables"/>
    <testcase time="0.00499999999999901" classname="tmb_methods" name="model.frame_include_all_specified_variables"/>
    <testcase time="0.00300000000000011" classname="tmb_methods" name="model.frame_include_all_specified_variables"/>
    <testcase time="0.00500000000000078" classname="tmb_methods" name="model.frame_include_all_specified_variables"/>
    <testcase time="0.0359999999999996" classname="tmb_methods" name="model.frame_with_character_reference_will_return_factors"/>
    <testcase time="0.00399999999999956" classname="tmb_methods" name="model.frame_with_character_reference_will_return_factors"/>
    <testcase time="0.00500000000000078" classname="tmb_methods" name="model.frame_with_character_reference_will_return_factors"/>
    <testcase time="0.00900000000000034" classname="tmb_methods" name="model.frame_with_character_reference_will_return_factors"/>
    <testcase time="0.0109999999999992" classname="tmb_methods" name="model.matrix_works_as_expected_with_defaults"/>
    <testcase time="0.000999999999999446" classname="tmb_methods" name="model.matrix_works_as_expected_with_defaults"/>
    <testcase time="0.00500000000000078" classname="tmb_methods" name="model.matrix_works_as_expected_with_defaults"/>
    <testcase time="0.0109999999999992" classname="tmb_methods" name="model.matrix_works_as_expected_with_includes"/>
    <testcase time="0.00100000000000122" classname="tmb_methods" name="model.matrix_works_as_expected_with_includes"/>
    <testcase time="0.00499999999999901" classname="tmb_methods" name="model.matrix_works_as_expected_with_includes"/>
    <testcase time="0.0140000000000011" classname="tmb_methods" name="model.matrix_returns_full_model_frame_if_requested"/>
    <testcase time="0.000999999999999446" classname="tmb_methods" name="model.matrix_returns_full_model_frame_if_requested"/>
    <testcase time="0.00500000000000078" classname="tmb_methods" name="model.matrix_returns_full_model_frame_if_requested"/>
    <testcase time="0.0119999999999987" classname="tmb_methods" name="model.matrix_works_if_variable_transformed"/>
    <testcase time="0.00100000000000122" classname="tmb_methods" name="model.matrix_works_if_variable_transformed"/>
    <testcase time="0.00499999999999901" classname="tmb_methods" name="model.matrix_works_if_variable_transformed"/>
    <testcase time="0.011000000000001" classname="tmb_methods" name="model.matrix_works_for_new_data"/>
    <testcase time="0.00199999999999889" classname="tmb_methods" name="model.matrix_works_for_new_data"/>
    <testcase time="0.00399999999999956" classname="tmb_methods" name="model.matrix_works_for_new_data"/>
    <testcase time="0.0120000000000005" classname="tmb_methods" name="model.matrix_include_all_specified_variables"/>
    <testcase time="0.00500000000000078" classname="tmb_methods" name="model.matrix_include_all_specified_variables"/>
    <testcase time="0.00600000000000023" classname="tmb_methods" name="model.matrix_include_all_specified_variables"/>
    <testcase time="0.00499999999999901" classname="tmb_methods" name="model.matrix_include_all_specified_variables"/>
    <testcase time="0.00900000000000034" classname="tmb_methods" name="terms_works_as_expected_with_defaults"/>
    <testcase time="0.00500000000000078" classname="tmb_methods" name="terms_works_as_expected_with_defaults"/>
    <testcase time="0.00799999999999912" classname="tmb_methods" name="logLik_works_as_expected"/>
    <testcase time="0.00500000000000078" classname="tmb_methods" name="logLik_works_as_expected"/>
    <testcase time="0.00799999999999912" classname="tmb_methods" name="formula_works_as_expected"/>
    <testcase time="0.00500000000000078" classname="tmb_methods" name="formula_works_as_expected"/>
    <testcase time="0.00499999999999901" classname="tmb_methods" name="formula_works_as_expected"/>
    <testcase time="0.0080000000000009" classname="tmb_methods" name="vcov_works_as_expected"/>
    <testcase time="0.00199999999999889" classname="tmb_methods" name="vcov_works_as_expected"/>
    <testcase time="0.00100000000000122" classname="tmb_methods" name="vcov_works_as_expected"/>
    <testcase time="0.00199999999999889" classname="tmb_methods" name="vcov_works_as_expected"/>
    <testcase time="0.0080000000000009" classname="tmb_methods" name="vcov_works_as_expected_for_rank_deficient_model"/>
    <testcase time="0.00199999999999889" classname="tmb_methods" name="vcov_works_as_expected_for_rank_deficient_model"/>
    <testcase time="0.00100000000000122" classname="tmb_methods" name="vcov_works_as_expected_for_rank_deficient_model"/>
    <testcase time="0.00199999999999889" classname="tmb_methods" name="vcov_works_as_expected_for_rank_deficient_model"/>
    <testcase time="0.00200000000000067" classname="tmb_methods" name="vcov_works_as_expected_for_rank_deficient_model"/>
    <testcase time="0.00200000000000067" classname="tmb_methods" name="vcov_works_as_expected_for_rank_deficient_model"/>
    <testcase time="0.00199999999999889" classname="tmb_methods" name="vcov_works_as_expected_for_rank_deficient_model"/>
    <testcase time="0.0080000000000009" classname="tmb_methods" name="VarCorr_works_as_expected"/>
    <testcase time="0.00199999999999889" classname="tmb_methods" name="VarCorr_works_as_expected"/>
    <testcase time="0.00100000000000122" classname="tmb_methods" name="VarCorr_works_as_expected"/>
    <testcase time="0.00199999999999889" classname="tmb_methods" name="VarCorr_works_as_expected"/>
    <testcase time="0.0080000000000009" classname="tmb_methods" name="deviance_works_as_expected"/>
    <testcase time="0.00600000000000023" classname="tmb_methods" name="deviance_works_as_expected"/>
    <testcase time="0.00799999999999912" classname="tmb_methods" name="AIC_works_as_expected_with_defaults"/>
    <testcase time="0.00500000000000078" classname="tmb_methods" name="AIC_works_as_expected_with_defaults"/>
    <testcase time="0.00799999999999912" classname="tmb_methods" name="AIC_works_as_expected_with_different_k"/>
    <testcase time="0.00500000000000078" classname="tmb_methods" name="AIC_works_as_expected_with_different_k"/>
    <testcase time="0.00799999999999912" classname="tmb_methods" name="corrected_AIC_works_as_expected"/>
    <testcase time="0.00500000000000078" classname="tmb_methods" name="corrected_AIC_works_as_expected"/>
    <testcase time="0.00799999999999912" classname="tmb_methods" name="BIC_works_as_expected"/>
    <testcase time="0.00500000000000078" classname="tmb_methods" name="BIC_works_as_expected"/>
    <testcase time="0.00999999999999979" classname="tmb_methods" name="print.mmrm_tmb_works_as_expected">
      <skipped message="Reason: On CRAN ('test-tmb-methods.R:711:3')"/>
    </testcase>
    <testcase time="0.0280000000000005" classname="tmb_methods" name="print.mmrm_tmb_works_as_expected_for_rank_deficient_fits">
      <skipped message="Reason: On CRAN ('test-tmb-methods.R:718:3')"/>
    </testcase>
    <testcase time="0.0169999999999995" classname="tmb_methods" name="residuals_works_as_expected"/>
    <testcase time="0.00200000000000067" classname="tmb_methods" name="residuals_works_as_expected"/>
    <testcase time="0.00600000000000023" classname="tmb_methods" name="residuals_works_as_expected"/>
    <testcase time="0.00299999999999834" classname="tmb_methods" name="residuals_works_as_expected"/>
    <testcase time="0.00200000000000067" classname="tmb_methods" name="residuals_works_as_expected"/>
    <testcase time="0.00500000000000078" classname="tmb_methods" name="residuals_works_as_expected"/>
    <testcase time="0.00300000000000011" classname="tmb_methods" name="residuals_works_as_expected"/>
    <testcase time="0.00199999999999889" classname="tmb_methods" name="residuals_works_as_expected"/>
    <testcase time="0.00500000000000078" classname="tmb_methods" name="residuals_works_as_expected"/>
    <testcase time="0.00900000000000034" classname="tmb_methods" name="residuals_works_as_expected_with_grouped_covariance_structure"/>
    <testcase time="0.000999999999999446" classname="tmb_methods" name="residuals_works_as_expected_with_grouped_covariance_structure"/>
    <testcase time="0.00600000000000023" classname="tmb_methods" name="residuals_works_as_expected_with_grouped_covariance_structure"/>
    <testcase time="0.00300000000000011" classname="tmb_methods" name="residuals_works_as_expected_with_grouped_covariance_structure"/>
    <testcase time="0.00199999999999889" classname="tmb_methods" name="residuals_works_as_expected_with_grouped_covariance_structure"/>
    <testcase time="0.00500000000000078" classname="tmb_methods" name="residuals_works_as_expected_with_grouped_covariance_structure"/>
    <testcase time="0.00300000000000011" classname="tmb_methods" name="residuals_works_as_expected_with_grouped_covariance_structure"/>
    <testcase time="0.00199999999999889" classname="tmb_methods" name="residuals_works_as_expected_with_grouped_covariance_structure"/>
    <testcase time="0.00500000000000078" classname="tmb_methods" name="residuals_works_as_expected_with_grouped_covariance_structure"/>
    <testcase time="0.00900000000000034" classname="tmb_methods" name="residuals_works_as_expected_with_weighted_model_fit"/>
    <testcase time="0.000999999999999446" classname="tmb_methods" name="residuals_works_as_expected_with_weighted_model_fit"/>
    <testcase time="0.00500000000000078" classname="tmb_methods" name="residuals_works_as_expected_with_weighted_model_fit"/>
    <testcase time="0.00300000000000011" classname="tmb_methods" name="residuals_works_as_expected_with_weighted_model_fit"/>
    <testcase time="0.00200000000000067" classname="tmb_methods" name="residuals_works_as_expected_with_weighted_model_fit"/>
    <testcase time="0.00599999999999845" classname="tmb_methods" name="residuals_works_as_expected_with_weighted_model_fit"/>
    <testcase time="0.00300000000000011" classname="tmb_methods" name="residuals_works_as_expected_with_weighted_model_fit"/>
    <testcase time="0.00200000000000067" classname="tmb_methods" name="residuals_works_as_expected_with_weighted_model_fit"/>
    <testcase time="0.00500000000000078" classname="tmb_methods" name="residuals_works_as_expected_with_weighted_model_fit"/>
    <testcase time="0.00899999999999856" classname="tmb_methods" name="residuals_works_as_expected_with_a_model_using_spatial_covariance_structure"/>
    <testcase time="0.00200000000000067" classname="tmb_methods" name="residuals_works_as_expected_with_a_model_using_spatial_covariance_structure"/>
    <testcase time="0.00500000000000078" classname="tmb_methods" name="residuals_works_as_expected_with_a_model_using_spatial_covariance_structure"/>
    <testcase time="0.00599999999999845" classname="tmb_methods" name="residuals_works_as_expected_with_a_model_using_spatial_covariance_structure"/>
    <testcase time="0.00700000000000145" classname="tmb_methods" name="residuals_works_as_expected_with_a_model_using_spatial_covariance_structure"/>
    <testcase time="0.00899999999999856" classname="tmb_methods" name="pearson_residuals_helper_function_works_as_expected"/>
    <testcase time="0.00500000000000078" classname="tmb_methods" name="pearson_residuals_helper_function_works_as_expected"/>
    <testcase time="0.00900000000000034" classname="tmb_methods" name="normalized_residuals_helper_function_works_as_expected"/>
    <testcase time="0.00600000000000023" classname="tmb_methods" name="normalized_residuals_helper_function_works_as_expected"/>
    <testcase time="0.00799999999999912" classname="tmb_methods" name="response_residuals_helper_function_works_as_expected"/>
    <testcase time="0.00500000000000078" classname="tmb_methods" name="response_residuals_helper_function_works_as_expected"/>
    <testcase time="0.0220000000000002" classname="tmb_methods" name="simulate_with_conditional_method_returns_a_df_of_correct_dimension"/>
    <testcase time="0.0149999999999988" classname="tmb_methods" name="simulate_with_conditional_method_returns_a_df_of_correct_dimension"/>
    <testcase time="0.0280000000000005" classname="tmb_methods" name="simulate_with_marginal_method_returns_a_df_of_correct_dimension"/>
    <testcase time="0.0150000000000006" classname="tmb_methods" name="simulate_with_marginal_method_returns_a_df_of_correct_dimension"/>
    <testcase time="0.0949999999999989" classname="tmb_methods" name="simulate_with_conditional_method_results_are_correctly_centered"/>
    <testcase time="1.331" classname="tmb_methods" name="simulate_with_marginal_method_results_are_correctly_centered">
      <failure type="failure" message="rowMeans(sims) (`actual`) not equal to predict(object) (`expected`). ('test-tmb-methods.R:841:3')">rowMeans(sims) (`actual`) not equal to predict(object) (`expected`).

     actual | expected     
 [1] 33.93  - 32.62    [1] 
 [2] 39.97  | 39.97    [2] 
 [3] 46.49  - 45.89    [3] 
 [4] 20.48  | 20.48    [4] 
 [5] 27.95  - 28.04    [5] 
 [6] 31.46  | 31.46    [6] 
 [7] 36.88  | 36.88    [7] 
 [8] 48.81  | 48.81    [8] 
 [9] 31.00  - 30.82    [9] 
[10] 35.99  | 35.99    [10]
[11] 42.95  - 42.81    [11]
[12] 37.16  | 37.16    [12]
[13] 33.89  | 33.89    [13]
[14] 33.75  | 33.75    [14]
[15] 43.45  - 44.09    [15]
[16] 54.45  | 54.45    [16]
[17] 32.31  | 32.31    [17]
[18] 37.62  - 37.28    [18]
[19] 46.79  | 46.79    [19]
[20] 41.71  | 41.71    [20]
[21] 30.73  - 31.10    [21]
[22] 35.79  - 36.47    [22]
[23] 39.02  | 39.02    [23]
[24] 48.56  - 47.14    [24]
[25] 31.93  | 31.93    [25]
[26] 32.91  | 32.91    [26]
[27] 41.29  - 41.37    [27]
[28] 48.28  | 48.28    [28]
[29] 32.23  | 32.23    [29]
[30] 35.91  | 35.91    [30]

     actual | expected     
[32] 53.03  | 53.03    [32]
[33] 47.17  | 47.17    [33]
[34] 46.64  | 46.64    [34]
[35] 50.23  - 50.66    [35]
[36] 58.10  | 58.10    [36]
[37] 32.59  - 33.30    [37]
[38] 37.28  - 37.85    [38]
[39] 44.98  | 44.98    [39]
[40] 46.72  - 47.81    [40]
[41] 44.33  | 44.33    [41]
[42] 38.98  | 38.98    [42]
[43] 43.73  | 43.73    [43]

     actual | expected     
[45] 40.35  | 40.35    [45]
[46] 42.77  | 42.77    [46]
[47] 40.11  | 40.11    [47]
[48] 48.89  - 49.61    [48]
[49] 41.56  - 41.35    [49]
[50] 44.80  - 45.64    [50]
[51] 53.32  | 53.32    [51]
[52] 56.08  | 56.08    [52]
[53] 31.53  - 32.06    [53]
[54] 35.99  - 37.01    [54]
[55] 41.91  | 41.91    [55]
[56] 45.72  - 47.32    [56]
[57] 28.26  - 27.75    [57]
[58] 34.62  - 33.92    [58]
[59] 34.66  | 34.66    [59]
[60] 39.08  | 39.08    [60]
[61] 31.18  - 31.23    [61]
[62] 35.90  | 35.90    [62]
[63] 41.62  - 41.44    [63]
[64] 47.67  | 47.67    [64]
[65] 22.65  | 22.65    [65]
[66] 37.18  - 36.40    [66]
[67] 45.33  - 45.41    [67]
[68] 40.85  | 40.85    [68]
[69] 32.60  | 32.60    [69]
[70] 33.64  | 33.64    [70]
[71] 43.77  - 43.80    [71]
[72] 40.92  | 40.92    [72]
[73] 32.15  | 32.15    [73]
[74] 46.44  | 46.44    [74]
[75] 41.35  | 41.35    [75]
[76] 66.30  | 66.30    [76]
[77] 42.51  - 42.79    [77]
[78] 47.95  | 47.95    [78]
[79] 53.97  | 53.97    [79]
[80] 57.34  - 56.97    [80]
[81] 45.58  - 46.31    [81]
[82] 56.65  | 56.65    [82]
[83] 49.71  | 49.71    [83]
[84] 60.40  | 60.40    [84]

  `actual[89:95]`: 23.87 35.99 43.61 44.13 29.60 35.51 55.43
`expected[89:95]`: 23.87 35.99 43.61 44.90 29.60 35.51 55.43

  `actual[103:109]`: 51.72 69.99 22.07 36.56 46.08 52.42 37.69
`expected[103:109]`: 51.72 69.99 22.07 36.40 46.08 52.42 37.69

  `actual[112:118]`: 58.23 37.23 34.40 46.12 36.34 45.44 41.55
`expected[112:118]`: 58.23 37.23 34.40 45.69 36.34 45.44 41.55

      actual | expected      
[119] 43.92  | 43.92    [119]
[120] 61.83  | 61.83    [120]
[121] 27.26  | 27.26    [121]
[122] 34.97  - 34.91    [122]
[123] 45.65  | 45.65    [123]
[124] 45.20  - 44.65    [124]
[125] 33.19  | 33.19    [125]
[126] 39.26  - 39.58    [126]
[127] 44.92  - 45.45    [127]
[128] 41.67  | 41.67    [128]
[129] 27.13  | 27.13    [129]
[130] 31.75  | 31.75    [130]
[131] 44.74  - 44.41    [131]
[132] 41.60  | 41.60    [132]
[133] 39.45  | 39.45    [133]
[134] 32.62  | 32.62    [134]

      actual | expected      
[136] 45.91  | 45.91    [136]
[137] 36.18  | 36.18    [137]
[138] 39.80  | 39.80    [138]
[139] 46.44  - 45.98    [139]
[140] 50.08  | 50.08    [140]
[141] 36.45  - 36.35    [141]
[142] 44.64  | 44.64    [142]
[143] 44.90  - 45.03    [143]
[144] 39.74  | 39.74    [144]
[145] 34.06  | 34.06    [145]
[146] 40.19  | 40.19    [146]

      actual | expected      
[147] 41.18  | 41.18    [147]
[148] 57.77  | 57.77    [148]
[149] 38.18  | 38.18    [149]
[150] 37.87  - 38.81    [150]
[151] 47.20  | 47.20    [151]
[152] 49.73  - 48.24    [152]
[153] 37.33  | 37.33    [153]
[154] 37.66  - 38.01    [154]
[155] 43.16  | 43.16    [155]
[156] 41.40  | 41.40    [156]
[157] 30.16  | 30.16    [157]
[158] 35.84  | 35.84    [158]
[159] 40.95  | 40.95    [159]
[160] 46.17  - 46.67    [160]
[161] 35.92  - 35.96    [161]
[162] 41.38  | 41.38    [162]
[163] 50.17  | 50.17    [163]
[164] 45.35  | 45.35    [164]
[165] 39.06  | 39.06    [165]
[166] 39.07  - 39.32    [166]
[167] 43.73  - 43.54    [167]
[168] 42.12  | 42.12    [168]
[169] 29.81  | 29.81    [169]
[170] 42.57  | 42.57    [170]

  `actual[171:179]`: 47.82 68.06 35.62 41.66 45.83 52.82 33.89 36.43 37.58
`expected[171:179]`: 47.82 68.06 35.62 40.72 45.67 51.61 33.89 36.43 37.58

      actual | expected      
[181] 19.55  | 19.55    [181]
[182] 31.14  | 31.14    [182]
[183] 40.90  | 40.90    [183]
[184] 43.38  - 41.99    [184]
[185] 22.19  | 22.19    [185]
[186] 41.06  | 41.06    [186]
[187] 37.32  | 37.32    [187]
[188] 48.34  - 47.26    [188]
[189] 36.28  - 35.24    [189]
[190] 43.12  | 43.12    [190]
[191] 41.99  | 41.99    [191]
[192] 47.49  - 49.03    [192]
[193] 44.03  | 44.03    [193]
[194] 38.66  | 38.66    [194]
[195] 53.46  | 53.46    [195]
[196] 54.73  - 53.16    [196]
[197] 29.82  | 29.82    [197]
[198] 30.44  | 30.44    [198]
[199] 40.18  | 40.18    [199]
[200] 46.46  - 48.15    [200]
[201] 26.79  | 26.79    [201]
[202] 34.55  | 34.55    [202]
[203] 45.33  - 44.80    [203]
[204] 40.06  | 40.06    [204]
[205] 36.67  - 36.74    [205]
[206] 43.09  | 43.09    [206]
[207] 45.74  - 46.25    [207]
[208] 45.72  | 45.72    [208]
[209] 40.75  | 40.75    [209]
[210] 44.75  | 44.75    [210]
[211] 47.01  - 47.39    [211]
[212] 52.28  - 53.15    [212]
[213] 41.70  - 40.52    [213]
[214] 46.30  - 45.32    [214]
[215] 50.39  - 50.17    [215]
[216] 58.60  - 56.20    [216]
[217] 40.15  | 40.15    [217]
[218] 48.76  | 48.76    [218]
[219] 46.43  | 46.43    [219]
[220] 53.29  - 52.95    [220]
[221] 29.34  | 29.34    [221]
[222] 35.57  - 36.14    [222]
[223] 42.23  - 42.27    [223]
[224] 47.93  | 47.93    [224]
[225] 36.70  - 36.56    [225]
[226] 41.12  | 41.12    [226]
[227] 47.06  | 47.06    [227]
[228] 52.25  | 52.25    [228]
[229] 44.79  - 45.15    [229]
[230] 54.14  | 54.14    [230]
[231] 50.45  | 50.45    [231]
[232] 59.46  - 58.68    [232]
[233] 37.54  | 37.54    [233]
[234] 44.55  - 44.35    [234]
[235] 49.46  | 49.46    [235]
[236] 59.13  | 59.13    [236]
[237] 40.31  | 40.31    [237]

      actual | expected      
[240] 56.13  | 56.13    [240]
[241] 32.83  | 32.83    [241]
[242] 46.54  | 46.54    [242]
[243] 44.66  - 44.35    [243]
[244] 51.81  | 51.81    [244]
[245] 27.32  - 27.84    [245]
[246] 29.92  | 29.92    [246]
[247] 41.23  - 40.81    [247]
[248] 44.18  - 44.46    [248]
[249] 43.44  - 43.41    [249]
[250] 51.06  | 51.06    [250]
[251] 50.50  | 50.50    [251]
[252] 64.11  | 64.11    [252]
[253] 32.22  | 32.22    [253]
[254] 29.65  | 29.65    [254]
[255] 43.02  - 42.57    [255]
[256] 45.10  | 45.10    [256]
[257] 39.76  | 39.76    [257]
[258] 37.29  | 37.29    [258]

  `actual[268:275]`: 52.07 42.21 45.03 49.93 57.01 30.98 44.73 40.69
`expected[268:275]`: 52.07 42.21 45.03 50.34 56.65 30.98 44.73 40.69

  `actual[276:282]`: 34.72 27.31 37.32 41.76 44.83 32.93 44.92
`expected[276:282]`: 34.72 27.31 37.32 42.14 44.83 32.93 44.92

      actual | expected      
[285] 46.60  | 46.60    [285]
[286] 40.90  | 40.90    [286]
[287] 46.67  | 46.67    [287]
[288] 52.87  - 54.00    [288]
[289] 34.07  - 34.46    [289]
[290] 39.56  - 40.16    [290]
[291] 43.83  | 43.83    [291]
[292] 44.12  | 44.12    [292]
[293] 38.30  | 38.30    [293]
[294] 42.71  - 42.55    [294]
[295] 51.39  | 51.39    [295]
[296] 56.21  | 56.21    [296]
[297] 35.58  - 36.01    [297]
[298] 43.46  | 43.46    [298]
[299] 38.39  | 38.39    [299]
[300] 56.43  | 56.43    [300]
[301] 39.05  | 39.05    [301]
[302] 45.18  - 44.54    [302]
[303] 49.52  - 49.71    [303]
[304] 54.09  | 54.09    [304]
[305] 31.41  | 31.41    [305]
[306] 46.13  | 46.13    [306]
[307] 45.30  | 45.30    [307]
[308] 28.07  | 28.07    [308]
[309] 39.08  - 39.14    [309]
[310] 42.50  | 42.50    [310]
[311] 46.45  | 46.45    [311]
[312] 64.97  | 64.97    [312]
[313] 31.40  - 30.80    [313]
[314] 36.18  - 35.77    [314]
[315] 41.11  - 41.42    [315]
[316] 43.98  | 43.98    [316]
[317] 35.33  | 35.33    [317]
[318] 39.34  | 39.34    [318]
[319] 41.28  | 41.28    [319]
[320] 50.84  - 50.63    [320]
[321] 32.60  - 34.21    [321]
[322] 39.83  | 39.83    [322]
[323] 43.50  | 43.50    [323]
[324] 44.06  | 44.06    [324]
[325] 41.44  | 41.44    [325]
[326] 40.69  - 40.86    [326]
[327] 46.17  | 46.17    [327]
[328] 54.24  | 54.24    [328]
[329] 36.62  | 36.62    [329]

      actual | expected      
[330] 42.09  | 42.09    [330]
[331] 50.70  | 50.70    [331]
[332] 51.73  | 51.73    [332]
[333] 31.97  - 32.19    [333]
[334] 36.12  - 36.55    [334]
[335] 41.60  - 41.52    [335]
[336] 53.90  | 53.90    [336]
[337] 31.20  - 32.02    [337]
[338] 36.38  - 36.45    [338]
[339] 39.94  | 39.94    [339]
[340] 56.42  | 56.42    [340]
[341] 41.86  | 41.86    [341]

      actual | expected      
[343] 38.69  | 38.69    [343]
[344] 62.89  | 62.89    [344]
[345] 28.85  | 28.85    [345]
[346] 38.92  - 38.82    [346]
[347] 49.29  | 49.29    [347]
[348] 48.21  - 48.80    [348]
[349] 28.74  | 28.74    [349]
[350] 36.21  - 36.51    [350]
[351] 43.60  | 43.60    [351]
[352] 57.39  | 57.39    [352]
[353] 35.37  | 35.37    [353]

      actual | expected      
[355] 31.28  | 31.28    [355]
[356] 54.13  | 54.13    [356]
[357] 25.97  | 25.97    [357]
[358] 33.16  - 33.91    [358]
[359] 40.51  - 40.53    [359]
[360] 44.73  - 44.24    [360]
[361] 39.73  - 39.79    [361]
[362] 44.39  - 44.91    [362]
[363] 51.17  | 51.17    [363]
[364] 48.44  | 48.44    [364]
[365] 43.33  | 43.33    [365]
[366] 46.47  - 46.62    [366]
[367] 55.94  | 55.94    [367]
[368] 54.15  | 54.15    [368]
[369] 33.79  - 33.74    [369]
[370] 40.60  | 40.60    [370]
[371] 44.45  | 44.45    [371]
[372] 40.54  | 40.54    [372]
[373] 33.96  | 33.96    [373]
[374] 36.53  - 36.96    [374]
[375] 43.68  | 43.68    [375]
[376] 42.76  | 42.76    [376]
[377] 33.59  - 34.22    [377]
[378] 42.83  | 42.83    [378]
[379] 39.59  | 39.59    [379]
[380] 46.75  - 48.07    [380]
[381] 33.49  | 33.49    [381]
[382] 35.39  | 35.39    [382]
[383] 43.19  - 43.02    [383]
[384] 42.36  | 42.36    [384]
[385] 48.54  | 48.54    [385]
[386] 43.94  | 43.94    [386]
[387] 50.69  - 50.77    [387]
[388] 47.91  | 47.91    [388]
[389] 20.73  | 20.73    [389]
[390] 28.01  | 28.01    [390]
[391] 40.19  | 40.19    [391]
[392] 37.79  | 37.79    [392]
[393] 31.54  - 32.09    [393]
[394] 36.75  | 36.75    [394]
[395] 42.72  - 42.61    [395]
[396] 47.64  - 47.25    [396]
[397] 34.60  | 34.60    [397]
[398] 39.32  | 39.32    [398]
[399] 40.66  | 40.66    [399]
[400] 49.11  - 48.64    [400]
[401] 40.76  - 40.32    [401]
[402] 43.03  | 43.03    [402]
[403] 54.66  | 54.66    [403]
[404] 55.10  - 55.36    [404]
[405] 35.56  | 35.56    [405]
[406] 43.70  | 43.70    [406]
[407] 42.52  | 42.52    [407]

      actual | expected      
[409] 32.03  | 32.03    [409]
[410] 29.45  | 29.45    [410]
[411] 45.35  | 45.35    [411]
[412] 46.10  - 45.35    [412]
[413] 38.74  | 38.74    [413]
[414] 39.45  - 39.40    [414]
[415] 41.42  | 41.42    [415]
[416] 47.32  | 47.32    [416]
[417] 41.31  - 40.40    [417]
[418] 47.55  | 47.55    [418]
[419] 49.07  | 49.07    [419]
[420] 54.40  - 53.89    [420]
[421] 29.23  | 29.23    [421]
[422] 40.08  | 40.08    [422]
[423] 45.68  | 45.68    [423]
[424] 41.47  | 41.47    [424]
[425] 38.07  - 37.67    [425]
[426] 42.59  - 42.10    [426]
[427] 42.52  | 42.52    [427]
[428] 69.36  | 69.36    [428]
[429] 42.40  | 42.40    [429]

      actual | expected      
[430] 43.72  | 43.72    [430]
[431] 49.48  | 49.48    [431]
[432] 51.94  | 51.94    [432]
[433] 30.70  - 31.86    [433]
[434] 40.59  | 40.59    [434]
[435] 39.98  | 39.98    [435]
[436] 31.69  | 31.69    [436]
[437] 34.87  - 33.94    [437]
[438] 37.21  | 37.21    [438]
[439] 46.29  | 46.29    [439]
[440] 51.81  - 49.65    [440]
[441] 35.54  - 35.32    [441]
[442] 41.11  - 40.79    [442]
[443] 46.75  - 46.99    [443]
[444] 41.59  | 41.59    [444]
[445] 32.17  | 32.17    [445]
[446] 37.43  - 37.15    [446]
[447] 40.69  | 40.69    [447]
[448] 48.63  - 47.65    [448]
[449] 32.29  | 32.29    [449]
[450] 41.76  | 41.76    [450]
[451] 40.07  | 40.07    [451]
[452] 46.93  - 47.13    [452]
[453] 29.14  | 29.14    [453]
[454] 39.51  | 39.51    [454]
[455] 43.32  | 43.32    [455]

      actual | expected      
[457] 40.93  | 40.93    [457]
[458] 42.19  | 42.19    [458]
[459] 41.21  | 41.21    [459]
[460] 51.46  - 49.85    [460]
[461] 38.54  | 38.54    [461]
[462] 41.71  - 41.30    [462]
[463] 43.96  | 43.96    [463]
[464] 42.68  | 42.68    [464]
[465] 22.80  | 22.80    [465]
[466] 32.72  - 33.77    [466]
[467] 41.71  - 41.48    [467]
[468] 44.13  - 44.22    [468]
[469] 31.44  | 31.44    [469]
[470] 38.85  | 38.85    [470]
[471] 48.24  | 48.24    [471]
[472] 46.53  - 46.22    [472]
[473] 44.71  | 44.71    [473]
[474] 51.85  | 51.85    [474]
[475] 50.21  - 50.65    [475]
[476] 58.95  - 58.03    [476]
[477] 30.57  | 30.57    [477]
[478] 35.32  - 35.75    [478]
[479] 41.62  - 41.38    [479]
[480] 45.47  - 45.98    [480]
[481] 37.19  - 37.22    [481]
[482] 42.20  - 41.52    [482]
[483] 45.71  - 45.81    [483]
[484] 59.90  | 59.90    [484]
[485] 32.74  - 33.88    [485]
[486] 37.32  - 37.50    [486]
[487] 49.76  | 49.76    [487]
[488] 46.96  - 46.66    [488]
[489] 47.22  | 47.22    [489]
[490] 40.35  | 40.35    [490]
[491] 48.30  | 48.30    [491]
[492] 55.10  - 54.62    [492]
[493] 35.14  - 36.20    [493]
[494] 44.40  | 44.40    [494]
[495] 41.71  | 41.71    [495]
[496] 47.38  | 47.38    [496]

      actual | expected      
[497] 42.04  | 42.04    [497]
[498] 37.56  | 37.56    [498]
[499] 45.12  | 45.12    [499]
[500] 52.60  - 52.73    [500]
[501] 34.63  | 34.63    [501]
[502] 45.28  | 45.28    [502]
[503] 43.89  - 44.37    [503]
[504] 63.58  | 63.58    [504]
[505] 35.81  | 35.81    [505]
[506] 41.23  - 41.02    [506]
[507] 46.31  - 45.98    [507]
[508] 52.67  | 52.67    [508]
[509] 35.89  | 35.89    [509]
[510] 38.73  | 38.73    [510]

      actual | expected      
[511] 46.70  | 46.70    [511]
[512] 53.65  | 53.65    [512]
[513] 36.72  | 36.72    [513]
[514] 43.84  - 43.76    [514]
[515] 49.38  - 49.42    [515]
[516] 53.21  - 54.72    [516]
[517] 37.95  - 37.73    [517]
[518] 41.54  | 41.54    [518]
[519] 51.68  | 51.68    [519]
[520] 52.11  - 51.60    [520]
[521] 27.40  | 27.40    [521]
[522] 30.34  | 30.34    [522]
[523] 37.73  | 37.73    [523]
[524] 29.12  | 29.12    [524]
[525] 28.43  - 29.98    [525]
[526] 32.09  | 32.09    [526]
[527] 41.66  | 41.66    [527]
[528] 53.91  | 53.91    [528]
[529] 34.83  - 33.99    [529]
[530] 35.07  | 35.07    [530]
[531] 47.18  | 47.18    [531]
[532] 56.49  | 56.49    [532]
[533] 34.35  - 33.93    [533]
[534] 38.88  | 38.88    [534]
[535] 47.54  | 47.54    [535]
[536] 43.54  | 43.54    [536]

  `actual[539:546]`: 44.96 21.12 34.75 42.83 49.82 56.69 22.73 32.50
`expected[539:546]`: 44.96 21.12 34.75 43.34 49.44 56.69 22.73 32.50

      actual | expected      
[549] 55.63  | 55.63    [549]
[550] 45.39  | 45.39    [550]
[551] 52.67  | 52.67    [551]
[552] 57.11  - 56.64    [552]
[553] 30.55  - 30.83    [553]
[554] 37.48  - 37.41    [554]
[555] 34.19  | 34.19    [555]
[556] 45.60  | 45.60    [556]
[557] 28.89  | 28.89    [557]
[558] 38.46  | 38.46    [558]
[559] 41.81  - 42.60    [559]
[560] 49.90  | 49.90    [560]
[561] 41.09  - 39.69    [561]
[562] 44.14  | 44.14    [562]
[563] 49.81  - 49.75    [563]
[564] 55.24  | 55.24    [564]
[565] 36.30  - 36.08    [565]
[566] 41.31  - 40.88    [566]
[567] 45.50  - 45.73    [567]
[568] 51.68  - 51.76    [568]
[569] 27.38  | 27.38    [569]
[570] 33.63  | 33.63    [570]
[571] 45.13  - 44.83    [571]
[572] 39.34  | 39.34    [572]
[573] 26.99  | 26.99    [573]
[574] 24.04  | 24.04    [574]

  `actual[577:584]`: 31.55 44.43 44.10 47.86 34.91 37.87 48.32 50.22
`expected[577:584]`: 31.55 44.43 44.10 48.00 34.86 37.87 48.32 50.22

      actual | expected      
[585] 41.95  | 41.95    [585]
[586] 39.63  | 39.63    [586]
[587] 46.70  | 46.70    [587]
[588] 48.40  - 49.48    [588]
[589] 38.52  - 37.96    [589]
[590] 43.75  | 43.75    [590]
[591] 47.39  | 47.39    [591]
[592] 51.58  - 52.58    [592]
[593] 32.43  | 32.43    [593]
[594] 43.07  | 43.07    [594]
[595] 43.00  | 43.00    [595]
[596] 53.83  | 53.83    [596]
[597] 38.84  - 39.33    [597]
[598] 42.12  - 42.88    [598]
[599] 50.65  | 50.65    [599]
[600] 63.44  | 63.44    [600]
[601] 34.49  | 34.49    [601]
[602] 40.08  | 40.08    [602]
[603] 42.08  - 42.00    [603]
[604] 47.47  | 47.47    [604]
[605] 31.75  - 32.13    [605]
[606] 37.12  | 37.12    [606]
[607] 43.84  - 44.24    [607]
[608] 36.25  | 36.25    [608]
[609] 29.20  | 29.20    [609]
[610] 31.54  | 31.54    [610]

  `actual[612:621]`: 64.78 32.73 37.50 42.68 57.04 36.32 39.28 41.47 59.01 30.15
`expected[612:621]`: 64.78 32.73 37.50 42.90 57.04 36.32 40.01 41.47 59.01 30.15

      actual | expected      
[623] 52.14  | 52.14    [623]
[624] 58.74  | 58.74    [624]
[625] 35.83  | 35.83    [625]
[626] 40.83  - 40.93    [626]
[627] 45.51  - 45.66    [627]
[628] 56.41  | 56.41    [628]
[629] 37.82  - 37.79    [629]
[630] 43.56  | 43.56    [630]
[631] 44.26  | 44.26    [631]
[632] 59.26  | 59.26    [632]
[633] 28.47  | 28.47    [633]
[634] 47.48  | 47.48    [634]
[635] 44.06  - 44.22    [635]
[636] 50.45  - 49.72    [636]
[637] 40.07  - 39.26    [637]
[638] 46.47  | 46.47    [638]
[639] 51.23  | 51.23    [639]
[640] 45.83  | 45.83    [640]
[641] 35.04  - 33.50    [641]
[642] 39.07  | 39.07    [642]
[643] 42.71  - 43.14    [643]
[644] 48.94  - 48.14    [644]
[645] 30.00  | 30.00    [645]
[646] 36.04  - 35.60    [646]
[647] 40.64  - 40.95    [647]
[648] 54.18  | 54.18    [648]
[649] 39.46  - 39.23    [649]
[650] 44.56  | 44.56    [650]
[651] 47.03  - 47.12    [651]
[652] 62.60  | 62.60    [652]
[653] 32.24  - 31.81    [653]
[654] 35.48  | 35.48    [654]
[655] 44.08  | 44.08    [655]
[656] 46.58  | 46.58    [656]
[657] 47.68  | 47.68    [657]
[658] 48.24  - 47.86    [658]
[659] 51.13  - 51.05    [659]
[660] 58.66  - 58.56    [660]
[661] 22.15  | 22.15    [661]
[662] 35.07  - 34.95    [662]
[663] 42.90  - 42.68    [663]
[664] 46.67  - 46.14    [664]
[665] 34.28  | 34.28    [665]
[666] 36.90  | 36.90    [666]
[667] 42.77  - 42.92    [667]
[668] 40.54  | 40.54    [668]
[669] 29.09  | 29.09    [669]
[670] 37.22  | 37.22    [670]
[671] 43.08  | 43.08    [671]
[672] 46.33  - 46.62    [672]
[673] 27.12  | 27.12    [673]
[674] 34.12  | 34.12    [674]
[675] 45.07  - 45.72    [675]
[676] 49.03  - 48.11    [676]
[677] 35.17  - 36.06    [677]
[678] 40.80  | 40.80    [678]
[679] 45.89  | 45.89    [679]
[680] 43.69  | 43.69    [680]
[681] 29.24  - 28.61    [681]
[682] 29.23  | 29.23    [682]
[683] 40.95  - 40.76    [683]
[684] 55.68  | 55.68    [684]
[685] 31.91  | 31.91    [685]
[686] 37.31  | 37.31    [686]
[687] 40.76  | 40.76    [687]
[688] 50.32  - 49.61    [688]
[689] 42.19  | 42.19    [689]
[690] 44.87  | 44.87    [690]
[691] 47.55  | 47.55    [691]
[692] 56.23  - 56.79    [692]
[693] 50.63  | 50.63    [693]
[694] 45.48  | 45.48    [694]
[695] 48.62  | 48.62    [695]
[696] 54.86  - 56.63    [696]
[697] 29.66  | 29.66    [697]
[698] 34.57  | 34.57    [698]
[699] 43.04  - 42.60    [699]
[700] 38.12  | 38.12    [700]
[701] 33.77  | 33.77    [701]
[702] 34.26  | 34.26    [702]
[703] 45.55  - 45.09    [703]
[704] 58.81  | 58.81    [704]
[705] 30.83  - 31.38    [705]
[706] 36.36  - 36.63    [706]
[707] 39.88  | 39.88    [707]
[708] 45.10  - 47.19    [708]
[709] 31.63  | 31.63    [709]
[710] 37.66  - 36.94    [710]
[711] 42.97  - 42.56    [711]
[712] 48.22  | 48.22    [712]
[713] 42.59  | 42.59    [713]
[714] 44.97  - 45.69    [714]
[715] 49.33  | 49.33    [715]
[716] 53.74  | 53.74    [716]
[717] 29.72  | 29.72    [717]
[718] 30.46  | 30.46    [718]
[719] 38.30  | 38.30    [719]
[720] 43.68  - 45.02    [720]
[721] 36.81  | 36.81    [721]
[722] 38.03  - 37.72    [722]
[723] 42.35  | 42.35    [723]
[724] 39.40  | 39.40    [724]
[725] 37.55  - 36.17    [725]
[726] 40.93  - 41.07    [726]
[727] 49.74  | 49.74    [727]
[728] 41.58  | 41.58    [728]
[729] 43.59  | 43.59    [729]
[730] 40.17  | 40.17    [730]
[731] 46.71  - 46.77    [731]
[732] 54.63  - 54.00    [732]
[733] 39.35  - 39.66    [733]
[734] 41.08  | 41.08    [734]
[735] 50.24  - 49.74    [735]
[736] 69.37  | 69.37    [736]
[737] 34.70  - 34.12    [737]
[738] 41.28  | 41.28    [738]
[739] 44.76  | 44.76    [739]
[740] 39.70  | 39.70    [740]
[741] 38.44  | 38.44    [741]
[742] 48.21  | 48.21    [742]
[743] 47.67  - 47.47    [743]
[744] 35.51  | 35.51    [744]
[745] 32.08  | 32.08    [745]
[746] 37.35  - 37.28    [746]
[747] 42.65  - 42.91    [747]
[748] 48.93  - 47.51    [748]
[749] 44.69  | 44.69    [749]
[750] 42.67  - 41.59    [750]
[751] 42.19  | 42.19    [751]
[752] 51.19  - 51.78    [752]
[753] 37.02  | 37.02    [753]
[754] 38.27  | 38.27    [754]
[755] 49.29  | 49.29    [755]
[756] 51.81  - 50.71    [756]
[757] 40.46  | 40.46    [757]
[758] 45.10  | 45.10    [758]
[759] 45.58  | 45.58    [759]
[760] 62.97  | 62.97    [760]
[761] 30.78  | 30.78    [761]
[762] 41.13  - 41.41    [762]
[763] 48.52  - 48.75    [763]
[764] 44.70  | 44.70    [764]
[765] 32.72  | 32.72    [765]
[766] 45.79  | 45.79    [766]
[767] 48.75  | 48.75    [767]
[768] 84.08  | 84.08    [768]
[769] 28.27  - 28.62    [769]
[770] 30.19  | 30.19    [770]
[771] 36.79  | 36.79    [771]
[772] 61.04  | 61.04    [772]

      actual | expected      
[774] 35.22  | 35.22    [774]
[775] 37.43  | 37.43    [775]
[776] 30.21  | 30.21    [776]
[777] 42.09  - 41.81    [777]
[778] 49.13  | 49.13    [778]
[779] 47.31  | 47.31    [779]
[780] 57.54  - 57.24    [780]
[781] 19.28  | 19.28    [781]
[782] 30.01  | 30.01    [782]
[783] 38.97  - 39.57    [783]
[784] 49.22  | 49.22    [784]
[785] 30.11  - 31.30    [785]
[786] 36.11  - 36.58    [786]
[787] 42.82  - 42.58    [787]
[788] 40.13  | 40.13    [788]
[789] 42.35  | 42.35    [789]
[790] 52.33  | 52.33    [790]
[791] 46.99  - 46.80    [791]
[792] 69.26  | 69.26    [792]
[793] 39.85  - 40.20    [793]
[794] 44.70  - 44.99    [794]
[795] 49.61  - 49.84    [795]
[796] 56.82  - 55.87    [796]
[797] 35.70  | 35.70    [797]
[798] 41.64  | 41.64    [798]
[799] 43.53  - 43.17    [799]
[800] 54.25  | 54.25    [800]</failure>
    </testcase>
    <testcase time="0.120999999999999" classname="tmb_methods" name="simulate_with_conditional_method_works_as_expected_for_weighted_models"/>
    <testcase time="0.768000000000001" classname="tmb_methods" name="simulate_with_marginal_method_works_as_expected_for_weighted_models"/>
    <testcase time="0.097999999999999" classname="tmb_methods" name="simulate_with_conditional_method_works_as_expected_for_grouped_fits"/>
    <testcase time="0.705000000000002" classname="tmb_methods" name="simulate_with_marginal_method_works_as_expected_for_grouped_fits"/>
    <testcase time="0.0399999999999991" classname="tmb_methods" name="simulate_with_conditional_method_works_for_differently_ordered_numbered_data"/>
    <testcase time="0.852" classname="tmb_methods" name="simulate_with_marginal_method_works_for_differently_ordered_numbered_data"/>
    <testcase time="0.0210000000000008" classname="tmb_methods" name="simulate_with_conditional_method_is_compatible_with_confidence_intervals"/>
    <testcase time="2.122" classname="tmb_methods" name="simulate_with_conditional_method_is_compatible_with_confidence_intervals"/>
    <testcase time="4.045" classname="tmb_methods" name="simulate_with_marginal_method_is_compatible_with_prediction_intervals"/>
    <testcase time="0.00700000000000145" classname="tmb_methods" name="simulate_with_marginal_method_is_compatible_with_prediction_intervals"/>
    <testcase time="0.0189999999999984" classname="tmb_methods" name="h_get_sim_per_subj_returns_no_error_for_nsim_1"/>
    <testcase time="0.0150000000000006" classname="tmb_methods" name="h_get_sim_per_subj_returns_no_error_for_nsub_1"/>
    <testcase time="0.0110000000000028" classname="tmb_methods" name="h_get_sim_per_subj_returns_no_error_for_data.frame_with_1_row"/>
    <testcase time="0.0519999999999996" classname="tmb_methods" name="h_get_sim_per_subj_results_match_expectation_for_large_nsim"/>
    <testcase time="0.0159999999999982" classname="tmb_methods" name="h_get_sim_per_subj_throws_error_for_nsim_0"/>
    <testcase time="0.0160000000000018" classname="tmb_methods" name="h_get_sim_per_subj_throws_error_for_nsub_0"/>
    <testcase time="0.616" classname="tmb_methods" name="h_get_prediction_variance_works_as_expected"/>
    <testcase time="0.00600000000000023" classname="tmb_methods" name="h_get_prediction_variance_works_as_expected"/>
  </testsuite>
  <testsuite name="tmb" timestamp="2023-08-25T03:37:35Z" hostname="a611bdc3347a" tests="423" skipped="0" failures="0" errors="0" time="3.983">
    <testcase time="0.0259999999999998" classname="tmb" name="mmrm_control_works_as_expected"/>
    <testcase time="0.0109999999999992" classname="tmb" name="h_mmrm_tmb_formula_parts_works_as_expected"/>
    <testcase time="0.00300000000000011" classname="tmb" name="h_mmrm_tmb_formula_parts_works_as_expected"/>
    <testcase time="0.00499999999999901" classname="tmb" name="h_mmrm_tmb_formula_parts_works_as_expected"/>
    <testcase time="0.00400000000000134" classname="tmb" name="h_mmrm_tmb_formula_parts_works_as_expected"/>
    <testcase time="0.0069999999999979" classname="tmb" name="h_mmrm_tmb_formula_parts_works_as_expected"/>
    <testcase time="0.00700000000000145" classname="tmb" name="h_mmrm_tmb_formula_parts_works_as_expected"/>
    <testcase time="0.00700000000000145" classname="tmb" name="h_mmrm_tmb_formula_parts_works_as_expected"/>
    <testcase time="0.00799999999999912" classname="tmb" name="h_mmrm_tmb_formula_parts_works_as_expected"/>
    <testcase time="0.00799999999999912" classname="tmb" name="h_mmrm_tmb_formula_parts_works_as_expected"/>
    <testcase time="0.00900000000000034" classname="tmb" name="h_mmrm_tmb_formula_parts_works_as_expected"/>
    <testcase time="0.0100000000000016" classname="tmb" name="h_mmrm_tmb_formula_parts_works_without_covariates"/>
    <testcase time="0.00399999999999778" classname="tmb" name="h_mmrm_tmb_formula_parts_works_without_covariates"/>
    <testcase time="0.0100000000000016" classname="tmb" name="h_mmrm_tmb_formula_parts_works_as_expected_for_antedependence"/>
    <testcase time="0.00399999999999778" classname="tmb" name="h_mmrm_tmb_formula_parts_works_as_expected_for_antedependence"/>
    <testcase time="0.0150000000000006" classname="tmb" name="h_mmrm_tmb_data_works_as_expected"/>
    <testcase time="0.00100000000000122" classname="tmb" name="h_mmrm_tmb_data_works_as_expected"/>
    <testcase time="0.00100000000000122" classname="tmb" name="h_mmrm_tmb_data_works_as_expected"/>
    <testcase time="0.000999999999997669" classname="tmb" name="h_mmrm_tmb_data_works_as_expected"/>
    <testcase time="0.00100000000000122" classname="tmb" name="h_mmrm_tmb_data_works_as_expected"/>
    <testcase time="0.000999999999997669" classname="tmb" name="h_mmrm_tmb_data_works_as_expected"/>
    <testcase time="0.00400000000000134" classname="tmb" name="h_mmrm_tmb_data_works_as_expected"/>
    <testcase time="0.00199999999999889" classname="tmb" name="h_mmrm_tmb_data_works_as_expected"/>
    <testcase time="0.00400000000000134" classname="tmb" name="h_mmrm_tmb_data_works_as_expected"/>
    <testcase time="0.00400000000000134" classname="tmb" name="h_mmrm_tmb_data_works_as_expected"/>
    <testcase time="0.00399999999999778" classname="tmb" name="h_mmrm_tmb_data_works_as_expected"/>
    <testcase time="0.00400000000000134" classname="tmb" name="h_mmrm_tmb_data_works_as_expected"/>
    <testcase time="0.0150000000000006" classname="tmb" name="h_mmrm_tmb_data_works_as_expected_with_allow_na_response"/>
    <testcase time="0.000999999999997669" classname="tmb" name="h_mmrm_tmb_data_works_as_expected_with_allow_na_response"/>
    <testcase time="0.00100000000000122" classname="tmb" name="h_mmrm_tmb_data_works_as_expected_with_allow_na_response"/>
    <testcase time="0.00100000000000122" classname="tmb" name="h_mmrm_tmb_data_works_as_expected_with_allow_na_response"/>
    <testcase time="0.000999999999997669" classname="tmb" name="h_mmrm_tmb_data_works_as_expected_with_allow_na_response"/>
    <testcase time="0.00200000000000244" classname="tmb" name="h_mmrm_tmb_data_works_as_expected_with_allow_na_response"/>
    <testcase time="0.00399999999999778" classname="tmb" name="h_mmrm_tmb_data_works_as_expected_with_allow_na_response"/>
    <testcase time="0.00100000000000122" classname="tmb" name="h_mmrm_tmb_data_works_as_expected_with_allow_na_response"/>
    <testcase time="0.00400000000000134" classname="tmb" name="h_mmrm_tmb_data_works_as_expected_with_allow_na_response"/>
    <testcase time="0.00399999999999778" classname="tmb" name="h_mmrm_tmb_data_works_as_expected_with_allow_na_response"/>
    <testcase time="0.00400000000000134" classname="tmb" name="h_mmrm_tmb_data_works_as_expected_with_allow_na_response"/>
    <testcase time="0.00399999999999778" classname="tmb" name="h_mmrm_tmb_data_works_as_expected_with_allow_na_response"/>
    <testcase time="0.0150000000000006" classname="tmb" name="h_mmrm_tmb_data_do_not_allow_NA_in_covariates_with_allow_na_response"/>
    <testcase time="0.00100000000000122" classname="tmb" name="h_mmrm_tmb_data_do_not_allow_NA_in_covariates_with_allow_na_response"/>
    <testcase time="0.00199999999999889" classname="tmb" name="h_mmrm_tmb_data_do_not_allow_NA_in_covariates_with_allow_na_response"/>
    <testcase time="0.00100000000000122" classname="tmb" name="h_mmrm_tmb_data_do_not_allow_NA_in_covariates_with_allow_na_response"/>
    <testcase time="0.00100000000000122" classname="tmb" name="h_mmrm_tmb_data_do_not_allow_NA_in_covariates_with_allow_na_response"/>
    <testcase time="0.000999999999997669" classname="tmb" name="h_mmrm_tmb_data_do_not_allow_NA_in_covariates_with_allow_na_response"/>
    <testcase time="0.00400000000000134" classname="tmb" name="h_mmrm_tmb_data_do_not_allow_NA_in_covariates_with_allow_na_response"/>
    <testcase time="0.00199999999999889" classname="tmb" name="h_mmrm_tmb_data_do_not_allow_NA_in_covariates_with_allow_na_response"/>
    <testcase time="0.00400000000000134" classname="tmb" name="h_mmrm_tmb_data_do_not_allow_NA_in_covariates_with_allow_na_response"/>
    <testcase time="0.00399999999999778" classname="tmb" name="h_mmrm_tmb_data_do_not_allow_NA_in_covariates_with_allow_na_response"/>
    <testcase time="0.00400000000000134" classname="tmb" name="h_mmrm_tmb_data_do_not_allow_NA_in_covariates_with_allow_na_response"/>
    <testcase time="0.00499999999999901" classname="tmb" name="h_mmrm_tmb_data_do_not_allow_NA_in_covariates_with_allow_na_response"/>
    <testcase time="0.0150000000000006" classname="tmb" name="h_mmrm_tmb_data_works_as_expected_for_grouped_covariance"/>
    <testcase time="0.00100000000000122" classname="tmb" name="h_mmrm_tmb_data_works_as_expected_for_grouped_covariance"/>
    <testcase time="0.00199999999999889" classname="tmb" name="h_mmrm_tmb_data_works_as_expected_for_grouped_covariance"/>
    <testcase time="0.00100000000000122" classname="tmb" name="h_mmrm_tmb_data_works_as_expected_for_grouped_covariance"/>
    <testcase time="0.000999999999997669" classname="tmb" name="h_mmrm_tmb_data_works_as_expected_for_grouped_covariance"/>
    <testcase time="0.00100000000000122" classname="tmb" name="h_mmrm_tmb_data_works_as_expected_for_grouped_covariance"/>
    <testcase time="0.00499999999999901" classname="tmb" name="h_mmrm_tmb_data_works_as_expected_for_grouped_covariance"/>
    <testcase time="0.00100000000000122" classname="tmb" name="h_mmrm_tmb_data_works_as_expected_for_grouped_covariance"/>
    <testcase time="0.00400000000000134" classname="tmb" name="h_mmrm_tmb_data_works_as_expected_for_grouped_covariance"/>
    <testcase time="0.00399999999999778" classname="tmb" name="h_mmrm_tmb_data_works_as_expected_for_grouped_covariance"/>
    <testcase time="0.00200000000000244" classname="tmb" name="h_mmrm_tmb_data_works_as_expected_for_grouped_covariance"/>
    <testcase time="0.00399999999999778" classname="tmb" name="h_mmrm_tmb_data_works_as_expected_for_grouped_covariance"/>
    <testcase time="0.0139999999999993" classname="tmb" name="h_mmrm_tmb_data_works_as_expected_for_mutli_dimensional_spatial_exponential_covariance"/>
    <testcase time="0.0109999999999992" classname="tmb" name="h_mmrm_tmb_data_works_as_expected_for_mutli_dimensional_spatial_exponential_covariance"/>
    <testcase time="0.00100000000000122" classname="tmb" name="h_mmrm_tmb_data_works_as_expected_for_mutli_dimensional_spatial_exponential_covariance"/>
    <testcase time="0.00100000000000122" classname="tmb" name="h_mmrm_tmb_data_works_as_expected_for_mutli_dimensional_spatial_exponential_covariance"/>
    <testcase time="0.00199999999999889" classname="tmb" name="h_mmrm_tmb_data_works_as_expected_for_mutli_dimensional_spatial_exponential_covariance"/>
    <testcase time="0.00400000000000134" classname="tmb" name="h_mmrm_tmb_data_works_as_expected_for_mutli_dimensional_spatial_exponential_covariance"/>
    <testcase time="0.000999999999997669" classname="tmb" name="h_mmrm_tmb_data_works_as_expected_for_mutli_dimensional_spatial_exponential_covariance"/>
    <testcase time="0.00400000000000134" classname="tmb" name="h_mmrm_tmb_data_works_as_expected_for_mutli_dimensional_spatial_exponential_covariance"/>
    <testcase time="0.00399999999999778" classname="tmb" name="h_mmrm_tmb_data_works_as_expected_for_mutli_dimensional_spatial_exponential_covariance"/>
    <testcase time="0.00200000000000244" classname="tmb" name="h_mmrm_tmb_data_works_as_expected_for_mutli_dimensional_spatial_exponential_covariance"/>
    <testcase time="0.00399999999999778" classname="tmb" name="h_mmrm_tmb_data_works_as_expected_for_mutli_dimensional_spatial_exponential_covariance"/>
    <testcase time="0.00100000000000122" classname="tmb" name="h_mmrm_tmb_data_works_as_expected_for_mutli_dimensional_spatial_exponential_covariance"/>
    <testcase time="0.0160000000000018" classname="tmb" name="h_mmrm_tmb_data_works_also_for_character_ID_variable"/>
    <testcase time="0.00599999999999667" classname="tmb" name="h_mmrm_tmb_data_works_also_for_character_ID_variable"/>
    <testcase time="0.00400000000000134" classname="tmb" name="h_mmrm_tmb_data_works_also_for_character_ID_variable"/>
    <testcase time="0.0139999999999993" classname="tmb" name="h_mmrm_tmb_data_correctly_processes_design_matrix_below_full_rank_correctly"/>
    <testcase time="0.0180000000000007" classname="tmb" name="h_mmrm_tmb_data_gives_error_for_rank_deficient_design_matrix_when_not_accepted"/>
    <testcase time="0.0130000000000017" classname="tmb" name="h_mmrm_tmb_data_catches_case_with_multiple_time_points_per_subject_early"/>
    <testcase time="0.0169999999999995" classname="tmb" name="h_mmrm_tmb_data_has_no_side_effect_of_overwrite_the_weights_in_global_env"/>
    <testcase time="0.0180000000000007" classname="tmb" name="h_mmrm_tmb_data_will_not_be_affecte_by_weights_in_data"/>
    <testcase time="0.00399999999999778" classname="tmb" name="h_mmrm_tmb_data_will_not_be_affecte_by_weights_in_data"/>
    <testcase time="0.0250000000000021" classname="tmb" name="h_mmrm_tmb_data_works_even_if_na.action_is_not_na.omit"/>
    <testcase time="0.00499999999999901" classname="tmb" name="h_mmrm_tmb_data_works_even_if_na.action_is_not_na.omit"/>
    <testcase time="0.0109999999999992" classname="tmb" name="h_mmrm_tmb_data_works_even_if_na.action_is_not_na.omit"/>
    <testcase time="0.00499999999999901" classname="tmb" name="h_mmrm_tmb_data_works_even_if_na.action_is_not_na.omit"/>
    <testcase time="0.0110000000000028" classname="tmb" name="h_mmrm_tmb_data_works_even_if_na.action_is_not_na.omit"/>
    <testcase time="0.00399999999999778" classname="tmb" name="h_mmrm_tmb_data_works_even_if_na.action_is_not_na.omit"/>
    <testcase time="0.0160000000000018" classname="tmb" name="h_mmrm_tmb_data_errors_if_too_many_visit_levels"/>
    <testcase time="0.0150000000000006" classname="tmb" name="h_mmrm_tmb_parameters_works_as_expected_without_start_values"/>
    <testcase time="0.00399999999999778" classname="tmb" name="h_mmrm_tmb_parameters_works_as_expected_without_start_values"/>
    <testcase time="0.0150000000000006" classname="tmb" name="h_mmrm_tmb_parameters_works_as_expected_with_start_values"/>
    <testcase time="0.00400000000000134" classname="tmb" name="h_mmrm_tmb_parameters_works_as_expected_with_start_values"/>
    <testcase time="0.0139999999999993" classname="tmb" name="h_mmrm_tmb_parameters_works_as_expected_with_antedependence"/>
    <testcase time="0.00499999999999901" classname="tmb" name="h_mmrm_tmb_parameters_works_as_expected_with_antedependence"/>
    <testcase time="0.0139999999999993" classname="tmb" name="h_mmrm_tmb_parameters_works_as_expected_with_heterogeneous_antedependence"/>
    <testcase time="0.00500000000000256" classname="tmb" name="h_mmrm_tmb_parameters_works_as_expected_with_heterogeneous_antedependence"/>
    <testcase time="0.0139999999999993" classname="tmb" name="h_mmrm_tmb_parameters_works_as_expected_with_Toeplitz"/>
    <testcase time="0.00499999999999901" classname="tmb" name="h_mmrm_tmb_parameters_works_as_expected_with_Toeplitz"/>
    <testcase time="0.0139999999999993" classname="tmb" name="h_mmrm_tmb_parameters_works_as_expected_with_heterogeneous_Toeplitz"/>
    <testcase time="0.00499999999999901" classname="tmb" name="h_mmrm_tmb_parameters_works_as_expected_with_heterogeneous_Toeplitz"/>
    <testcase time="0.0230000000000032" classname="tmb" name="h_mmrm_tmb_parameters_works_as_expected_with_autoregressive"/>
    <testcase time="0.00400000000000134" classname="tmb" name="h_mmrm_tmb_parameters_works_as_expected_with_autoregressive"/>
    <testcase time="0.0139999999999993" classname="tmb" name="h_mmrm_tmb_parameters_works_as_expected_with_heterogeneous_autoregressive"/>
    <testcase time="0.00400000000000134" classname="tmb" name="h_mmrm_tmb_parameters_works_as_expected_with_heterogeneous_autoregressive"/>
    <testcase time="0.0139999999999993" classname="tmb" name="h_mmrm_tmb_parameters_works_as_expected_with_compound_symmetry"/>
    <testcase time="0.00499999999999901" classname="tmb" name="h_mmrm_tmb_parameters_works_as_expected_with_compound_symmetry"/>
    <testcase time="0.0139999999999993" classname="tmb" name="h_mmrm_tmb_parameters_works_as_expected_with_heterogeneous_compound_symmetry"/>
    <testcase time="0.00400000000000134" classname="tmb" name="h_mmrm_tmb_parameters_works_as_expected_with_heterogeneous_compound_symmetry"/>
    <testcase time="0.0129999999999981" classname="tmb" name="h_mmrm_tmb_parameters_works_as_expected_with_spatial_exponential"/>
    <testcase time="0.00500000000000256" classname="tmb" name="h_mmrm_tmb_parameters_works_as_expected_with_spatial_exponential"/>
    <testcase time="0.00799999999999912" classname="tmb" name="h_mmrm_tmb_assert_start_passes_as_expected_for_sane_start_values"/>
    <testcase time="0.00400000000000134" classname="tmb" name="h_mmrm_tmb_assert_start_passes_as_expected_for_sane_start_values"/>
    <testcase time="0.0119999999999969" classname="tmb" name="h_mmrm_tmb_assert_start_fails_as_expected_for_NaN_objective_function_at_start"/>
    <testcase time="0.0120000000000005" classname="tmb" name="h_mmrm_tmb_assert_start_fails_as_expected_for_NaN_gradient_function_at_start"/>
    <testcase time="0.00800000000000267" classname="tmb" name="h_mmrm_tmb_check_conv_passes_as_expected_for_sane_optimization_result"/>
    <testcase time="0.00399999999999778" classname="tmb" name="h_mmrm_tmb_check_conv_passes_as_expected_for_sane_optimization_result"/>
    <testcase time="0.0130000000000017" classname="tmb" name="h_mmrm_tmb_check_conv_raises_singular_hessian_warning_as_expected"/>
    <testcase time="0.0129999999999981" classname="tmb" name="h_mmrm_tmb_check_conv_warns_if_convergence_code_signals_non_convergence"/>
    <testcase time="0.0139999999999993" classname="tmb" name="h_mmrm_tmb_check_conv_warns_if_theta_vcov_contains_missing_value"/>
    <testcase time="0.0120000000000005" classname="tmb" name="h_mmrm_tmb_check_conv_warns_if_theta_vcov_is_singular"/>
    <testcase time="0.0410000000000004" classname="tmb" name="h_mmrm_tmb_extract_cov_works_as_expected"/>
    <testcase time="0.00500000000000256" classname="tmb" name="h_mmrm_tmb_extract_cov_works_as_expected"/>
    <testcase time="0.036999999999999" classname="tmb" name="h_mmrm_tmb_extract_cov_works_as_expected_for_group_covariance"/>
    <testcase time="0.00499999999999901" classname="tmb" name="h_mmrm_tmb_extract_cov_works_as_expected_for_group_covariance"/>
    <testcase time="0.00400000000000134" classname="tmb" name="h_mmrm_tmb_extract_cov_works_as_expected_for_group_covariance"/>
    <testcase time="0.0389999999999979" classname="tmb" name="h_mmrm_tmb_fit_works_as_expected"/>
    <testcase time="0.00200000000000244" classname="tmb" name="h_mmrm_tmb_fit_works_as_expected"/>
    <testcase time="0.000999999999997669" classname="tmb" name="h_mmrm_tmb_fit_works_as_expected"/>
    <testcase time="0.00500000000000256" classname="tmb" name="h_mmrm_tmb_fit_works_as_expected"/>
    <testcase time="0.00499999999999901" classname="tmb" name="h_mmrm_tmb_fit_works_as_expected"/>
    <testcase time="0.00199999999999889" classname="tmb" name="h_mmrm_tmb_fit_works_as_expected"/>
    <testcase time="0.00499999999999901" classname="tmb" name="h_mmrm_tmb_fit_works_as_expected"/>
    <testcase time="0.00500000000000256" classname="tmb" name="h_mmrm_tmb_fit_works_as_expected"/>
    <testcase time="0.000999999999997669" classname="tmb" name="h_mmrm_tmb_fit_works_as_expected"/>
    <testcase time="0.00200000000000244" classname="tmb" name="h_mmrm_tmb_fit_works_as_expected"/>
    <testcase time="0.00199999999999889" classname="tmb" name="h_mmrm_tmb_fit_works_as_expected"/>
    <testcase time="0.00199999999999889" classname="tmb" name="h_mmrm_tmb_fit_works_as_expected"/>
    <testcase time="0.00500000000000256" classname="tmb" name="h_mmrm_tmb_fit_works_as_expected"/>
    <testcase time="0.00199999999999889" classname="tmb" name="h_mmrm_tmb_fit_works_as_expected"/>
    <testcase time="0.00100000000000122" classname="tmb" name="h_mmrm_tmb_fit_works_as_expected"/>
    <testcase time="0.00199999999999889" classname="tmb" name="h_mmrm_tmb_fit_works_as_expected"/>
    <testcase time="0.0359999999999978" classname="tmb" name="h_mmrm_tmb_fit_works_as_expected_for_grouped_covariance"/>
    <testcase time="0.00200000000000244" classname="tmb" name="h_mmrm_tmb_fit_works_as_expected_for_grouped_covariance"/>
    <testcase time="0.00199999999999889" classname="tmb" name="h_mmrm_tmb_fit_works_as_expected_for_grouped_covariance"/>
    <testcase time="0.00499999999999901" classname="tmb" name="h_mmrm_tmb_fit_works_as_expected_for_grouped_covariance"/>
    <testcase time="0.0130000000000017" classname="tmb" name="h_mmrm_tmb_fit_works_as_expected_for_grouped_covariance"/>
    <testcase time="0.00400000000000134" classname="tmb" name="h_mmrm_tmb_fit_works_as_expected_for_grouped_covariance"/>
    <testcase time="0.00499999999999901" classname="tmb" name="h_mmrm_tmb_fit_works_as_expected_for_grouped_covariance"/>
    <testcase time="0.00199999999999889" classname="tmb" name="h_mmrm_tmb_fit_works_as_expected_for_grouped_covariance"/>
    <testcase time="0.00499999999999901" classname="tmb" name="h_mmrm_tmb_fit_works_as_expected_for_grouped_covariance"/>
    <testcase time="0.00500000000000256" classname="tmb" name="h_mmrm_tmb_fit_works_as_expected_for_grouped_covariance"/>
    <testcase time="0.00199999999999889" classname="tmb" name="h_mmrm_tmb_fit_works_as_expected_for_grouped_covariance"/>
    <testcase time="0.00100000000000122" classname="tmb" name="h_mmrm_tmb_fit_works_as_expected_for_grouped_covariance"/>
    <testcase time="0.00199999999999889" classname="tmb" name="h_mmrm_tmb_fit_works_as_expected_for_grouped_covariance"/>
    <testcase time="0.00199999999999889" classname="tmb" name="h_mmrm_tmb_fit_works_as_expected_for_grouped_covariance"/>
    <testcase time="0.00500000000000256" classname="tmb" name="h_mmrm_tmb_fit_works_as_expected_for_grouped_covariance"/>
    <testcase time="0.000999999999997669" classname="tmb" name="h_mmrm_tmb_fit_works_as_expected_for_grouped_covariance"/>
    <testcase time="0.00199999999999889" classname="tmb" name="h_mmrm_tmb_fit_works_as_expected_for_grouped_covariance"/>
    <testcase time="0.00200000000000244" classname="tmb" name="h_mmrm_tmb_fit_works_as_expected_for_grouped_covariance"/>
    <testcase time="0.0219999999999985" classname="tmb" name="h_mmrm_tmb_fit_errors_when_an_invalid_covariance_type_is_used"/>
    <testcase time="0.00799999999999912" classname="tmb" name="h_mmrm_tmb_fit_errors_when_an_invalid_covariance_type_is_used"/>
    <testcase time="0.0310000000000024" classname="tmb" name="h_mmrm_tmb_works_as_expected_in_a_simple_model_without_covariates_and_ML"/>
    <testcase time="0.00199999999999889" classname="tmb" name="h_mmrm_tmb_works_as_expected_in_a_simple_model_without_covariates_and_ML"/>
    <testcase time="0.00100000000000122" classname="tmb" name="h_mmrm_tmb_works_as_expected_in_a_simple_model_without_covariates_and_ML"/>
    <testcase time="0.00199999999999889" classname="tmb" name="h_mmrm_tmb_works_as_expected_in_a_simple_model_without_covariates_and_ML"/>
    <testcase time="0.00600000000000023" classname="tmb" name="h_mmrm_tmb_works_as_expected_in_a_simple_model_without_covariates_and_ML"/>
    <testcase time="0.00499999999999901" classname="tmb" name="h_mmrm_tmb_works_as_expected_in_a_simple_model_without_covariates_and_ML"/>
    <testcase time="0.00500000000000256" classname="tmb" name="h_mmrm_tmb_works_as_expected_in_a_simple_model_without_covariates_and_ML"/>
    <testcase time="0.00600000000000023" classname="tmb" name="h_mmrm_tmb_works_as_expected_in_a_simple_model_without_covariates_and_ML"/>
    <testcase time="0.032" classname="tmb" name="h_mmrm_tmb_works_as_expected_in_a_simple_model_without_covariates_and_REML"/>
    <testcase time="0.00199999999999889" classname="tmb" name="h_mmrm_tmb_works_as_expected_in_a_simple_model_without_covariates_and_REML"/>
    <testcase time="0.00199999999999889" classname="tmb" name="h_mmrm_tmb_works_as_expected_in_a_simple_model_without_covariates_and_REML"/>
    <testcase time="0.00199999999999889" classname="tmb" name="h_mmrm_tmb_works_as_expected_in_a_simple_model_without_covariates_and_REML"/>
    <testcase time="0.00500000000000256" classname="tmb" name="h_mmrm_tmb_works_as_expected_in_a_simple_model_without_covariates_and_REML"/>
    <testcase time="0.00600000000000023" classname="tmb" name="h_mmrm_tmb_works_as_expected_in_a_simple_model_without_covariates_and_REML"/>
    <testcase time="0.00499999999999901" classname="tmb" name="h_mmrm_tmb_works_as_expected_in_a_simple_model_without_covariates_and_REML"/>
    <testcase time="0.00499999999999901" classname="tmb" name="h_mmrm_tmb_works_as_expected_in_a_simple_model_without_covariates_and_REML"/>
    <testcase time="0.0330000000000013" classname="tmb" name="h_mmrm_tmb_works_with_ad_covariance_structure_and_ML"/>
    <testcase time="0.00199999999999889" classname="tmb" name="h_mmrm_tmb_works_with_ad_covariance_structure_and_ML"/>
    <testcase time="0.00600000000000023" classname="tmb" name="h_mmrm_tmb_works_with_ad_covariance_structure_and_ML"/>
    <testcase time="0.00499999999999901" classname="tmb" name="h_mmrm_tmb_works_with_ad_covariance_structure_and_ML"/>
    <testcase time="0.00600000000000023" classname="tmb" name="h_mmrm_tmb_works_with_ad_covariance_structure_and_ML"/>
    <testcase time="0.00500000000000256" classname="tmb" name="h_mmrm_tmb_works_with_ad_covariance_structure_and_ML"/>
    <testcase time="0.032" classname="tmb" name="h_mmrm_tmb_works_with_ad_covariance_structure_and_REML"/>
    <testcase time="0.00199999999999889" classname="tmb" name="h_mmrm_tmb_works_with_ad_covariance_structure_and_REML"/>
    <testcase time="0.00499999999999901" classname="tmb" name="h_mmrm_tmb_works_with_ad_covariance_structure_and_REML"/>
    <testcase time="0.00600000000000023" classname="tmb" name="h_mmrm_tmb_works_with_ad_covariance_structure_and_REML"/>
    <testcase time="0.00499999999999901" classname="tmb" name="h_mmrm_tmb_works_with_ad_covariance_structure_and_REML"/>
    <testcase time="0.00600000000000023" classname="tmb" name="h_mmrm_tmb_works_with_ad_covariance_structure_and_REML"/>
    <testcase time="0.0310000000000024" classname="tmb" name="h_mmrm_tmb_works_with_adh_covariance_structure_and_ML"/>
    <testcase time="0.00199999999999889" classname="tmb" name="h_mmrm_tmb_works_with_adh_covariance_structure_and_ML"/>
    <testcase time="0.00499999999999901" classname="tmb" name="h_mmrm_tmb_works_with_adh_covariance_structure_and_ML"/>
    <testcase time="0.00600000000000023" classname="tmb" name="h_mmrm_tmb_works_with_adh_covariance_structure_and_ML"/>
    <testcase time="0.00500000000000256" classname="tmb" name="h_mmrm_tmb_works_with_adh_covariance_structure_and_ML"/>
    <testcase time="0.00599999999999667" classname="tmb" name="h_mmrm_tmb_works_with_adh_covariance_structure_and_ML"/>
    <testcase time="0.032" classname="tmb" name="h_mmrm_tmb_works_with_adh_covariance_structure_and_REML"/>
    <testcase time="0.00200000000000244" classname="tmb" name="h_mmrm_tmb_works_with_adh_covariance_structure_and_REML"/>
    <testcase time="0.0139999999999993" classname="tmb" name="h_mmrm_tmb_works_with_adh_covariance_structure_and_REML"/>
    <testcase time="0.00499999999999901" classname="tmb" name="h_mmrm_tmb_works_with_adh_covariance_structure_and_REML"/>
    <testcase time="0.00600000000000023" classname="tmb" name="h_mmrm_tmb_works_with_adh_covariance_structure_and_REML"/>
    <testcase time="0.00499999999999901" classname="tmb" name="h_mmrm_tmb_works_with_adh_covariance_structure_and_REML"/>
    <testcase time="0.032" classname="tmb" name="h_mmrm_tmb_works_with_grouped_adh_covariance_structure_and_ML"/>
    <testcase time="0.00500000000000256" classname="tmb" name="h_mmrm_tmb_works_with_grouped_adh_covariance_structure_and_ML"/>
    <testcase time="0.00600000000000023" classname="tmb" name="h_mmrm_tmb_works_with_grouped_adh_covariance_structure_and_ML"/>
    <testcase time="0.00499999999999901" classname="tmb" name="h_mmrm_tmb_works_with_grouped_adh_covariance_structure_and_ML"/>
    <testcase time="0.00499999999999901" classname="tmb" name="h_mmrm_tmb_works_with_grouped_adh_covariance_structure_and_ML"/>
    <testcase time="0.0330000000000013" classname="tmb" name="h_mmrm_tmb_works_with_grouped_adh_covariance_structure_and_REML"/>
    <testcase time="0.00499999999999901" classname="tmb" name="h_mmrm_tmb_works_with_grouped_adh_covariance_structure_and_REML"/>
    <testcase time="0.00600000000000023" classname="tmb" name="h_mmrm_tmb_works_with_grouped_adh_covariance_structure_and_REML"/>
    <testcase time="0.00499999999999901" classname="tmb" name="h_mmrm_tmb_works_with_grouped_adh_covariance_structure_and_REML"/>
    <testcase time="0.00600000000000023" classname="tmb" name="h_mmrm_tmb_works_with_grouped_adh_covariance_structure_and_REML"/>
    <testcase time="0.0289999999999999" classname="tmb" name="h_mmrm_tmb_works_with_toep_covariance_structure_and_ML"/>
    <testcase time="0.00600000000000023" classname="tmb" name="h_mmrm_tmb_works_with_toep_covariance_structure_and_ML"/>
    <testcase time="0.00600000000000023" classname="tmb" name="h_mmrm_tmb_works_with_toep_covariance_structure_and_ML"/>
    <testcase time="0.00499999999999901" classname="tmb" name="h_mmrm_tmb_works_with_toep_covariance_structure_and_ML"/>
    <testcase time="0.00600000000000023" classname="tmb" name="h_mmrm_tmb_works_with_toep_covariance_structure_and_ML"/>
    <testcase time="0.00500000000000256" classname="tmb" name="h_mmrm_tmb_works_with_toep_covariance_structure_and_ML"/>
    <testcase time="0.0309999999999988" classname="tmb" name="h_mmrm_tmb_works_with_toep_covariance_structure_and_REML"/>
    <testcase time="0.00600000000000023" classname="tmb" name="h_mmrm_tmb_works_with_toep_covariance_structure_and_REML"/>
    <testcase time="0.00600000000000023" classname="tmb" name="h_mmrm_tmb_works_with_toep_covariance_structure_and_REML"/>
    <testcase time="0.00499999999999901" classname="tmb" name="h_mmrm_tmb_works_with_toep_covariance_structure_and_REML"/>
    <testcase time="0.00600000000000023" classname="tmb" name="h_mmrm_tmb_works_with_toep_covariance_structure_and_REML"/>
    <testcase time="0.00600000000000023" classname="tmb" name="h_mmrm_tmb_works_with_toep_covariance_structure_and_REML"/>
    <testcase time="0.0309999999999988" classname="tmb" name="h_mmrm_tmb_works_with_toeph_covariance_structure_and_ML"/>
    <testcase time="0.00600000000000023" classname="tmb" name="h_mmrm_tmb_works_with_toeph_covariance_structure_and_ML"/>
    <testcase time="0.00600000000000023" classname="tmb" name="h_mmrm_tmb_works_with_toeph_covariance_structure_and_ML"/>
    <testcase time="0.00600000000000023" classname="tmb" name="h_mmrm_tmb_works_with_toeph_covariance_structure_and_ML"/>
    <testcase time="0.00499999999999901" classname="tmb" name="h_mmrm_tmb_works_with_toeph_covariance_structure_and_ML"/>
    <testcase time="0.00600000000000023" classname="tmb" name="h_mmrm_tmb_works_with_toeph_covariance_structure_and_ML"/>
    <testcase time="0.0310000000000024" classname="tmb" name="h_mmrm_tmb_works_with_toeph_covariance_structure_and_REML"/>
    <testcase time="0.00499999999999901" classname="tmb" name="h_mmrm_tmb_works_with_toeph_covariance_structure_and_REML"/>
    <testcase time="0.00600000000000023" classname="tmb" name="h_mmrm_tmb_works_with_toeph_covariance_structure_and_REML"/>
    <testcase time="0.00600000000000023" classname="tmb" name="h_mmrm_tmb_works_with_toeph_covariance_structure_and_REML"/>
    <testcase time="0.00600000000000023" classname="tmb" name="h_mmrm_tmb_works_with_toeph_covariance_structure_and_REML"/>
    <testcase time="0.00499999999999901" classname="tmb" name="h_mmrm_tmb_works_with_toeph_covariance_structure_and_REML"/>
    <testcase time="0.0339999999999989" classname="tmb" name="h_mmrm_tmb_works_with_grouped_toeph_covariance_structure_and_ML"/>
    <testcase time="0.0140000000000029" classname="tmb" name="h_mmrm_tmb_works_with_grouped_toeph_covariance_structure_and_ML"/>
    <testcase time="0.00600000000000023" classname="tmb" name="h_mmrm_tmb_works_with_grouped_toeph_covariance_structure_and_ML"/>
    <testcase time="0.00599999999999667" classname="tmb" name="h_mmrm_tmb_works_with_grouped_toeph_covariance_structure_and_ML"/>
    <testcase time="0.00500000000000256" classname="tmb" name="h_mmrm_tmb_works_with_grouped_toeph_covariance_structure_and_ML"/>
    <testcase time="0.00600000000000023" classname="tmb" name="h_mmrm_tmb_works_with_grouped_toeph_covariance_structure_and_ML"/>
    <testcase time="0.00499999999999901" classname="tmb" name="h_mmrm_tmb_works_with_grouped_toeph_covariance_structure_and_ML"/>
    <testcase time="0.00600000000000023" classname="tmb" name="h_mmrm_tmb_works_with_grouped_toeph_covariance_structure_and_ML"/>
    <testcase time="0.0330000000000013" classname="tmb" name="h_mmrm_tmb_works_with_grouped_toeph_covariance_structure_and_REML"/>
    <testcase time="0.00499999999999901" classname="tmb" name="h_mmrm_tmb_works_with_grouped_toeph_covariance_structure_and_REML"/>
    <testcase time="0.00600000000000023" classname="tmb" name="h_mmrm_tmb_works_with_grouped_toeph_covariance_structure_and_REML"/>
    <testcase time="0.00600000000000023" classname="tmb" name="h_mmrm_tmb_works_with_grouped_toeph_covariance_structure_and_REML"/>
    <testcase time="0.00499999999999901" classname="tmb" name="h_mmrm_tmb_works_with_grouped_toeph_covariance_structure_and_REML"/>
    <testcase time="0.00600000000000023" classname="tmb" name="h_mmrm_tmb_works_with_grouped_toeph_covariance_structure_and_REML"/>
    <testcase time="0.00600000000000023" classname="tmb" name="h_mmrm_tmb_works_with_grouped_toeph_covariance_structure_and_REML"/>
    <testcase time="0.00499999999999901" classname="tmb" name="h_mmrm_tmb_works_with_grouped_toeph_covariance_structure_and_REML"/>
    <testcase time="0.0300000000000011" classname="tmb" name="h_mmrm_tmb_works_with_ar1_covariance_structure_and_ML"/>
    <testcase time="0.00600000000000023" classname="tmb" name="h_mmrm_tmb_works_with_ar1_covariance_structure_and_ML"/>
    <testcase time="0.00600000000000023" classname="tmb" name="h_mmrm_tmb_works_with_ar1_covariance_structure_and_ML"/>
    <testcase time="0.00600000000000023" classname="tmb" name="h_mmrm_tmb_works_with_ar1_covariance_structure_and_ML"/>
    <testcase time="0.00499999999999901" classname="tmb" name="h_mmrm_tmb_works_with_ar1_covariance_structure_and_ML"/>
    <testcase time="0.00499999999999901" classname="tmb" name="h_mmrm_tmb_works_with_ar1_covariance_structure_and_ML"/>
    <testcase time="0.0300000000000011" classname="tmb" name="h_mmrm_tmb_works_with_ar1_covariance_structure_and_REML"/>
    <testcase time="0.00599999999999667" classname="tmb" name="h_mmrm_tmb_works_with_ar1_covariance_structure_and_REML"/>
    <testcase time="0.00600000000000023" classname="tmb" name="h_mmrm_tmb_works_with_ar1_covariance_structure_and_REML"/>
    <testcase time="0.00600000000000023" classname="tmb" name="h_mmrm_tmb_works_with_ar1_covariance_structure_and_REML"/>
    <testcase time="0.00600000000000023" classname="tmb" name="h_mmrm_tmb_works_with_ar1_covariance_structure_and_REML"/>
    <testcase time="0.00500000000000256" classname="tmb" name="h_mmrm_tmb_works_with_ar1_covariance_structure_and_REML"/>
    <testcase time="0.0300000000000011" classname="tmb" name="h_mmrm_tmb_works_with_ar1h_covariance_structure_and_ML"/>
    <testcase time="0.00600000000000023" classname="tmb" name="h_mmrm_tmb_works_with_ar1h_covariance_structure_and_ML"/>
    <testcase time="0.00600000000000023" classname="tmb" name="h_mmrm_tmb_works_with_ar1h_covariance_structure_and_ML"/>
    <testcase time="0.00600000000000023" classname="tmb" name="h_mmrm_tmb_works_with_ar1h_covariance_structure_and_ML"/>
    <testcase time="0.00499999999999901" classname="tmb" name="h_mmrm_tmb_works_with_ar1h_covariance_structure_and_ML"/>
    <testcase time="0.00600000000000023" classname="tmb" name="h_mmrm_tmb_works_with_ar1h_covariance_structure_and_ML"/>
    <testcase time="0.0300000000000011" classname="tmb" name="h_mmrm_tmb_works_with_ar1h_covariance_structure_and_REML"/>
    <testcase time="0.00600000000000023" classname="tmb" name="h_mmrm_tmb_works_with_ar1h_covariance_structure_and_REML"/>
    <testcase time="0.00599999999999667" classname="tmb" name="h_mmrm_tmb_works_with_ar1h_covariance_structure_and_REML"/>
    <testcase time="0.00600000000000023" classname="tmb" name="h_mmrm_tmb_works_with_ar1h_covariance_structure_and_REML"/>
    <testcase time="0.00600000000000023" classname="tmb" name="h_mmrm_tmb_works_with_ar1h_covariance_structure_and_REML"/>
    <testcase time="0.00600000000000023" classname="tmb" name="h_mmrm_tmb_works_with_ar1h_covariance_structure_and_REML"/>
    <testcase time="0.0399999999999991" classname="tmb" name="h_mmrm_tmb_works_with_grouped_ar1_covariance_structure_and_ML"/>
    <testcase time="0.00600000000000023" classname="tmb" name="h_mmrm_tmb_works_with_grouped_ar1_covariance_structure_and_ML"/>
    <testcase time="0.00600000000000023" classname="tmb" name="h_mmrm_tmb_works_with_grouped_ar1_covariance_structure_and_ML"/>
    <testcase time="0.00500000000000256" classname="tmb" name="h_mmrm_tmb_works_with_grouped_ar1_covariance_structure_and_ML"/>
    <testcase time="0.00600000000000023" classname="tmb" name="h_mmrm_tmb_works_with_grouped_ar1_covariance_structure_and_ML"/>
    <testcase time="0.00600000000000023" classname="tmb" name="h_mmrm_tmb_works_with_grouped_ar1_covariance_structure_and_ML"/>
    <testcase time="0.0309999999999988" classname="tmb" name="h_mmrm_tmb_works_with_grouped_ar1_covariance_structure_and_REML"/>
    <testcase time="0.00600000000000023" classname="tmb" name="h_mmrm_tmb_works_with_grouped_ar1_covariance_structure_and_REML"/>
    <testcase time="0.00600000000000023" classname="tmb" name="h_mmrm_tmb_works_with_grouped_ar1_covariance_structure_and_REML"/>
    <testcase time="0.00600000000000023" classname="tmb" name="h_mmrm_tmb_works_with_grouped_ar1_covariance_structure_and_REML"/>
    <testcase time="0.00499999999999901" classname="tmb" name="h_mmrm_tmb_works_with_grouped_ar1_covariance_structure_and_REML"/>
    <testcase time="0.00600000000000023" classname="tmb" name="h_mmrm_tmb_works_with_grouped_ar1_covariance_structure_and_REML"/>
    <testcase time="0.0309999999999988" classname="tmb" name="h_mmrm_tmb_works_with_grouped_ar1h_covariance_structure_and_ML"/>
    <testcase time="0.00600000000000023" classname="tmb" name="h_mmrm_tmb_works_with_grouped_ar1h_covariance_structure_and_ML"/>
    <testcase time="0.00600000000000023" classname="tmb" name="h_mmrm_tmb_works_with_grouped_ar1h_covariance_structure_and_ML"/>
    <testcase time="0.00600000000000023" classname="tmb" name="h_mmrm_tmb_works_with_grouped_ar1h_covariance_structure_and_ML"/>
    <testcase time="0.00600000000000023" classname="tmb" name="h_mmrm_tmb_works_with_grouped_ar1h_covariance_structure_and_ML"/>
    <testcase time="0.00600000000000023" classname="tmb" name="h_mmrm_tmb_works_with_grouped_ar1h_covariance_structure_and_ML"/>
    <testcase time="0.0330000000000013" classname="tmb" name="h_mmrm_tmb_works_with_grouped_ar1h_covariance_structure_and_REML"/>
    <testcase time="0.00599999999999667" classname="tmb" name="h_mmrm_tmb_works_with_grouped_ar1h_covariance_structure_and_REML"/>
    <testcase time="0.00600000000000023" classname="tmb" name="h_mmrm_tmb_works_with_grouped_ar1h_covariance_structure_and_REML"/>
    <testcase time="0.00600000000000023" classname="tmb" name="h_mmrm_tmb_works_with_grouped_ar1h_covariance_structure_and_REML"/>
    <testcase time="0.00600000000000023" classname="tmb" name="h_mmrm_tmb_works_with_grouped_ar1h_covariance_structure_and_REML"/>
    <testcase time="0.00600000000000023" classname="tmb" name="h_mmrm_tmb_works_with_grouped_ar1h_covariance_structure_and_REML"/>
    <testcase time="0.0300000000000011" classname="tmb" name="h_mmrm_tmb_works_with_cs_covariance_structure_and_ML"/>
    <testcase time="0.0069999999999979" classname="tmb" name="h_mmrm_tmb_works_with_cs_covariance_structure_and_ML"/>
    <testcase time="0.00600000000000023" classname="tmb" name="h_mmrm_tmb_works_with_cs_covariance_structure_and_ML"/>
    <testcase time="0.00600000000000023" classname="tmb" name="h_mmrm_tmb_works_with_cs_covariance_structure_and_ML"/>
    <testcase time="0.00600000000000023" classname="tmb" name="h_mmrm_tmb_works_with_cs_covariance_structure_and_ML"/>
    <testcase time="0.00500000000000256" classname="tmb" name="h_mmrm_tmb_works_with_cs_covariance_structure_and_ML"/>
    <testcase time="0.0309999999999988" classname="tmb" name="h_mmrm_tmb_works_with_cs_covariance_structure_and_REML"/>
    <testcase time="0.00600000000000023" classname="tmb" name="h_mmrm_tmb_works_with_cs_covariance_structure_and_REML"/>
    <testcase time="0.00600000000000023" classname="tmb" name="h_mmrm_tmb_works_with_cs_covariance_structure_and_REML"/>
    <testcase time="0.00600000000000023" classname="tmb" name="h_mmrm_tmb_works_with_cs_covariance_structure_and_REML"/>
    <testcase time="0.00600000000000023" classname="tmb" name="h_mmrm_tmb_works_with_cs_covariance_structure_and_REML"/>
    <testcase time="0.00600000000000023" classname="tmb" name="h_mmrm_tmb_works_with_cs_covariance_structure_and_REML"/>
    <testcase time="0.0309999999999988" classname="tmb" name="h_mmrm_tmb_works_with_csh_covariance_structure_and_ML"/>
    <testcase time="0.00600000000000023" classname="tmb" name="h_mmrm_tmb_works_with_csh_covariance_structure_and_ML"/>
    <testcase time="0.0150000000000006" classname="tmb" name="h_mmrm_tmb_works_with_csh_covariance_structure_and_ML"/>
    <testcase time="0.00499999999999901" classname="tmb" name="h_mmrm_tmb_works_with_csh_covariance_structure_and_ML"/>
    <testcase time="0.00499999999999901" classname="tmb" name="h_mmrm_tmb_works_with_csh_covariance_structure_and_ML"/>
    <testcase time="0.00600000000000023" classname="tmb" name="h_mmrm_tmb_works_with_csh_covariance_structure_and_ML"/>
    <testcase time="0.0309999999999988" classname="tmb" name="h_mmrm_tmb_works_with_csh_covariance_structure_and_REML"/>
    <testcase time="0.00700000000000145" classname="tmb" name="h_mmrm_tmb_works_with_csh_covariance_structure_and_REML"/>
    <testcase time="0.00600000000000023" classname="tmb" name="h_mmrm_tmb_works_with_csh_covariance_structure_and_REML"/>
    <testcase time="0.00600000000000023" classname="tmb" name="h_mmrm_tmb_works_with_csh_covariance_structure_and_REML"/>
    <testcase time="0.00600000000000023" classname="tmb" name="h_mmrm_tmb_works_with_csh_covariance_structure_and_REML"/>
    <testcase time="0.00600000000000023" classname="tmb" name="h_mmrm_tmb_works_with_csh_covariance_structure_and_REML"/>
    <testcase time="0.0379999999999967" classname="tmb" name="h_mmrm_tmb_works_with_weights_and_ML"/>
    <testcase time="0.00200000000000244" classname="tmb" name="h_mmrm_tmb_works_with_weights_and_ML"/>
    <testcase time="0.00600000000000023" classname="tmb" name="h_mmrm_tmb_works_with_weights_and_ML"/>
    <testcase time="0.00600000000000023" classname="tmb" name="h_mmrm_tmb_works_with_weights_and_ML"/>
    <testcase time="0.00600000000000023" classname="tmb" name="h_mmrm_tmb_works_with_weights_and_ML"/>
    <testcase time="0.00600000000000023" classname="tmb" name="h_mmrm_tmb_works_with_weights_and_ML"/>
    <testcase time="0.0390000000000015" classname="tmb" name="h_mmrm_tmb_works_with_weights_and_REML"/>
    <testcase time="0.00199999999999889" classname="tmb" name="h_mmrm_tmb_works_with_weights_and_REML"/>
    <testcase time="0.00600000000000023" classname="tmb" name="h_mmrm_tmb_works_with_weights_and_REML"/>
    <testcase time="0.00700000000000145" classname="tmb" name="h_mmrm_tmb_works_with_weights_and_REML"/>
    <testcase time="0.00600000000000023" classname="tmb" name="h_mmrm_tmb_works_with_weights_and_REML"/>
    <testcase time="0.00599999999999667" classname="tmb" name="h_mmrm_tmb_works_with_weights_and_REML"/>
    <testcase time="0.0310000000000024" classname="tmb" name="h_mmrm_tmb_works_with_group_cs_covariance_structure_and_ML"/>
    <testcase time="0.00600000000000023" classname="tmb" name="h_mmrm_tmb_works_with_group_cs_covariance_structure_and_ML"/>
    <testcase time="0.0069999999999979" classname="tmb" name="h_mmrm_tmb_works_with_group_cs_covariance_structure_and_ML"/>
    <testcase time="0.00600000000000023" classname="tmb" name="h_mmrm_tmb_works_with_group_cs_covariance_structure_and_ML"/>
    <testcase time="0.00600000000000023" classname="tmb" name="h_mmrm_tmb_works_with_group_cs_covariance_structure_and_ML"/>
    <testcase time="0.00600000000000023" classname="tmb" name="h_mmrm_tmb_works_with_group_cs_covariance_structure_and_ML"/>
    <testcase time="0.032" classname="tmb" name="h_mmrm_tmb_works_with_cs_covariance_structure_and_REML"/>
    <testcase time="0.00600000000000023" classname="tmb" name="h_mmrm_tmb_works_with_cs_covariance_structure_and_REML"/>
    <testcase time="0.00600000000000023" classname="tmb" name="h_mmrm_tmb_works_with_cs_covariance_structure_and_REML"/>
    <testcase time="0.00700000000000145" classname="tmb" name="h_mmrm_tmb_works_with_cs_covariance_structure_and_REML"/>
    <testcase time="0.00600000000000023" classname="tmb" name="h_mmrm_tmb_works_with_cs_covariance_structure_and_REML"/>
    <testcase time="0.00599999999999667" classname="tmb" name="h_mmrm_tmb_works_with_cs_covariance_structure_and_REML"/>
    <testcase time="0.0330000000000013" classname="tmb" name="h_mmrm_tmb_works_with_grouped_csh_covariance_structure_and_ML"/>
    <testcase time="0.00700000000000145" classname="tmb" name="h_mmrm_tmb_works_with_grouped_csh_covariance_structure_and_ML"/>
    <testcase time="0.0139999999999993" classname="tmb" name="h_mmrm_tmb_works_with_grouped_csh_covariance_structure_and_ML"/>
    <testcase time="0.00599999999999667" classname="tmb" name="h_mmrm_tmb_works_with_grouped_csh_covariance_structure_and_ML"/>
    <testcase time="0.00600000000000023" classname="tmb" name="h_mmrm_tmb_works_with_grouped_csh_covariance_structure_and_ML"/>
    <testcase time="0.00600000000000023" classname="tmb" name="h_mmrm_tmb_works_with_grouped_csh_covariance_structure_and_ML"/>
    <testcase time="0.032" classname="tmb" name="h_mmrm_tmb_works_with_grouped_csh_covariance_structure_and_REML"/>
    <testcase time="0.00600000000000023" classname="tmb" name="h_mmrm_tmb_works_with_grouped_csh_covariance_structure_and_REML"/>
    <testcase time="0.00600000000000023" classname="tmb" name="h_mmrm_tmb_works_with_grouped_csh_covariance_structure_and_REML"/>
    <testcase time="0.00600000000000023" classname="tmb" name="h_mmrm_tmb_works_with_grouped_csh_covariance_structure_and_REML"/>
    <testcase time="0.00600000000000023" classname="tmb" name="h_mmrm_tmb_works_with_grouped_csh_covariance_structure_and_REML"/>
    <testcase time="0.00600000000000023" classname="tmb" name="h_mmrm_tmb_works_with_grouped_csh_covariance_structure_and_REML"/>
    <testcase time="0.0309999999999988" classname="tmb" name="h_mmrm_tmb_works_with_group_cs_covariance_structure_and_ML"/>
    <testcase time="0.00700000000000145" classname="tmb" name="h_mmrm_tmb_works_with_group_cs_covariance_structure_and_ML"/>
    <testcase time="0.00600000000000023" classname="tmb" name="h_mmrm_tmb_works_with_group_cs_covariance_structure_and_ML"/>
    <testcase time="0.00600000000000023" classname="tmb" name="h_mmrm_tmb_works_with_group_cs_covariance_structure_and_ML"/>
    <testcase time="0.00600000000000023" classname="tmb" name="h_mmrm_tmb_works_with_group_cs_covariance_structure_and_ML"/>
    <testcase time="0.00600000000000023" classname="tmb" name="h_mmrm_tmb_works_with_group_cs_covariance_structure_and_ML"/>
    <testcase time="0.032" classname="tmb" name="h_mmrm_tmb_works_with_cs_covariance_structure_and_REML"/>
    <testcase time="0.00600000000000023" classname="tmb" name="h_mmrm_tmb_works_with_cs_covariance_structure_and_REML"/>
    <testcase time="0.00600000000000023" classname="tmb" name="h_mmrm_tmb_works_with_cs_covariance_structure_and_REML"/>
    <testcase time="0.0069999999999979" classname="tmb" name="h_mmrm_tmb_works_with_cs_covariance_structure_and_REML"/>
    <testcase time="0.00600000000000023" classname="tmb" name="h_mmrm_tmb_works_with_cs_covariance_structure_and_REML"/>
    <testcase time="0.00600000000000023" classname="tmb" name="h_mmrm_tmb_works_with_cs_covariance_structure_and_REML"/>
    <testcase time="0.032" classname="tmb" name="h_mmrm_tmb_works_with_grouped_csh_covariance_structure_and_ML"/>
    <testcase time="0.00700000000000145" classname="tmb" name="h_mmrm_tmb_works_with_grouped_csh_covariance_structure_and_ML"/>
    <testcase time="0.00600000000000023" classname="tmb" name="h_mmrm_tmb_works_with_grouped_csh_covariance_structure_and_ML"/>
    <testcase time="0.00599999999999667" classname="tmb" name="h_mmrm_tmb_works_with_grouped_csh_covariance_structure_and_ML"/>
    <testcase time="0.00700000000000145" classname="tmb" name="h_mmrm_tmb_works_with_grouped_csh_covariance_structure_and_ML"/>
    <testcase time="0.00600000000000023" classname="tmb" name="h_mmrm_tmb_works_with_grouped_csh_covariance_structure_and_ML"/>
    <testcase time="0.0330000000000013" classname="tmb" name="h_mmrm_tmb_works_with_grouped_csh_covariance_structure_and_REML"/>
    <testcase time="0.00600000000000023" classname="tmb" name="h_mmrm_tmb_works_with_grouped_csh_covariance_structure_and_REML"/>
    <testcase time="0.0069999999999979" classname="tmb" name="h_mmrm_tmb_works_with_grouped_csh_covariance_structure_and_REML"/>
    <testcase time="0.00600000000000023" classname="tmb" name="h_mmrm_tmb_works_with_grouped_csh_covariance_structure_and_REML"/>
    <testcase time="0.00600000000000023" classname="tmb" name="h_mmrm_tmb_works_with_grouped_csh_covariance_structure_and_REML"/>
    <testcase time="0.00700000000000145" classname="tmb" name="h_mmrm_tmb_works_with_grouped_csh_covariance_structure_and_REML"/>
    <testcase time="0.032" classname="tmb" name="h_mmrm_tmb_works_with_sp_exp_covariance_structure_and_ML"/>
    <testcase time="0.0139999999999993" classname="tmb" name="h_mmrm_tmb_works_with_sp_exp_covariance_structure_and_ML"/>
    <testcase time="0.00600000000000023" classname="tmb" name="h_mmrm_tmb_works_with_sp_exp_covariance_structure_and_ML"/>
    <testcase time="0.00600000000000023" classname="tmb" name="h_mmrm_tmb_works_with_sp_exp_covariance_structure_and_ML"/>
    <testcase time="0.0069999999999979" classname="tmb" name="h_mmrm_tmb_works_with_sp_exp_covariance_structure_and_ML"/>
    <testcase time="0.0380000000000003" classname="tmb" name="h_mmrm_tmb_works_with_sp_exp_covariance_structure_and_ML_2_dimension_"/>
    <testcase time="0.00700000000000145" classname="tmb" name="h_mmrm_tmb_works_with_sp_exp_covariance_structure_and_ML_2_dimension_"/>
    <testcase time="0.00600000000000023" classname="tmb" name="h_mmrm_tmb_works_with_sp_exp_covariance_structure_and_ML_2_dimension_"/>
    <testcase time="0.0069999999999979" classname="tmb" name="h_mmrm_tmb_works_with_sp_exp_covariance_structure_and_ML_2_dimension_"/>
    <testcase time="0.00600000000000023" classname="tmb" name="h_mmrm_tmb_works_with_sp_exp_covariance_structure_and_ML_2_dimension_"/>
    <testcase time="0.032" classname="tmb" name="h_mmrm_tmb_works_with_sp_exp_covariance_structure_and_REML"/>
    <testcase time="0.00600000000000023" classname="tmb" name="h_mmrm_tmb_works_with_sp_exp_covariance_structure_and_REML"/>
    <testcase time="0.00700000000000145" classname="tmb" name="h_mmrm_tmb_works_with_sp_exp_covariance_structure_and_REML"/>
    <testcase time="0.00600000000000023" classname="tmb" name="h_mmrm_tmb_works_with_sp_exp_covariance_structure_and_REML"/>
    <testcase time="0.00600000000000023" classname="tmb" name="h_mmrm_tmb_works_with_sp_exp_covariance_structure_and_REML"/>
    <testcase time="0.0399999999999991" classname="tmb" name="h_mmrm_tmb_works_with_sp_exp_covariance_structure_and_REML_2_dimension_"/>
    <testcase time="0.00700000000000145" classname="tmb" name="h_mmrm_tmb_works_with_sp_exp_covariance_structure_and_REML_2_dimension_"/>
    <testcase time="0.00599999999999667" classname="tmb" name="h_mmrm_tmb_works_with_sp_exp_covariance_structure_and_REML_2_dimension_"/>
    <testcase time="0.00700000000000145" classname="tmb" name="h_mmrm_tmb_works_with_sp_exp_covariance_structure_and_REML_2_dimension_"/>
    <testcase time="0.00700000000000145" classname="tmb" name="h_mmrm_tmb_works_with_sp_exp_covariance_structure_and_REML_2_dimension_"/>
    <testcase time="0.0350000000000001" classname="tmb" name="fit_mmrm_also_works_with_character_ID_variable"/>
    <testcase time="0.0279999999999987" classname="tmb" name="fit_mmrm_also_works_with_character_ID_variable"/>
    <testcase time="0.00600000000000023" classname="tmb" name="fit_mmrm_also_works_with_character_ID_variable"/>
    <testcase time="0.032" classname="tmb" name="fit_mmrm_saves_data_name_in_call_element_as_expected"/>
    <testcase time="0.00600000000000023" classname="tmb" name="fit_mmrm_saves_data_name_in_call_element_as_expected"/>
    <testcase time="0.0500000000000007" classname="tmb" name="fit_mmrm_works_even_when_time_point_variable_has_unused_factor_levels"/>
    <testcase time="0.00300000000000011" classname="tmb" name="fit_mmrm_works_even_when_time_point_variable_has_unused_factor_levels"/>
    <testcase time="0.0069999999999979" classname="tmb" name="fit_mmrm_works_even_when_time_point_variable_has_unused_factor_levels"/>
    <testcase time="0.0440000000000005" classname="tmb" name="fit_mmrm_works_if_we_keep_the_unused_factor_levels_for_specific_covariance_structure"/>
    <testcase time="0.00300000000000011" classname="tmb" name="fit_mmrm_works_if_we_keep_the_unused_factor_levels_for_specific_covariance_structure"/>
    <testcase time="0.00600000000000023" classname="tmb" name="fit_mmrm_works_if_we_keep_the_unused_factor_levels_for_specific_covariance_structure"/>
    <testcase time="0.0599999999999987" classname="tmb" name="fit_mmrm_warns_if_we_keep_the_unused_factor_levels_for_unstructured_covariance"/>
    <testcase time="0.00200000000000244" classname="tmb" name="fit_mmrm_warns_if_we_keep_the_unused_factor_levels_for_unstructured_covariance"/>
    <testcase time="0.00600000000000023" classname="tmb" name="fit_mmrm_warns_if_we_keep_the_unused_factor_levels_for_unstructured_covariance"/>
    <testcase time="0.0519999999999996" classname="tmb" name="fit_mmrm_works_with_below_full_rank_original_design_matrix_by_default"/>
    <testcase time="0.00300000000000011" classname="tmb" name="fit_mmrm_works_with_below_full_rank_original_design_matrix_by_default"/>
    <testcase time="0.0159999999999982" classname="tmb" name="fit_mmrm_throws_informative_error_for_non_spatial_cov_with_non_factor"/>
  </testsuite>
  <testsuite name="utils-formula" timestamp="2023-08-25T03:37:39Z" hostname="a611bdc3347a" tests="17" skipped="0" failures="0" errors="0" time="0.11">
    <testcase time="0.0150000000000006" classname="utils_formula" name="h_extract_covariance_terms_returns_a_list_of_possible_covariance_terms"/>
    <testcase time="0.00499999999999901" classname="utils_formula" name="h_extract_covariance_terms_returns_a_list_of_possible_covariance_terms"/>
    <testcase time="0.00400000000000134" classname="utils_formula" name="h_extract_covariance_terms_returns_a_list_of_possible_covariance_terms"/>
    <testcase time="0.00400000000000134" classname="utils_formula" name="h_extract_covariance_terms_returns_a_list_of_possible_covariance_terms"/>
    <testcase time="0.00499999999999901" classname="utils_formula" name="h_extract_covariance_terms_returns_a_list_of_possible_covariance_terms"/>
    <testcase time="0.00399999999999778" classname="utils_formula" name="h_extract_covariance_terms_returns_a_list_of_possible_covariance_terms"/>
    <testcase time="0.0110000000000028" classname="utils_formula" name="h_drop_covariance_terms_identifies_covariance_terms_specifically"/>
    <testcase time="0.00399999999999778" classname="utils_formula" name="h_drop_covariance_terms_identifies_covariance_terms_specifically"/>
    <testcase time="0.00500000000000256" classname="utils_formula" name="h_drop_covariance_terms_identifies_covariance_terms_specifically"/>
    <testcase time="0.00399999999999778" classname="utils_formula" name="h_drop_covariance_terms_identifies_covariance_terms_specifically"/>
    <testcase time="0.0109999999999992" classname="utils_formula" name="h_add_covariance_terms_adds_covariance_variables_as_terms"/>
    <testcase time="0.00500000000000256" classname="utils_formula" name="h_add_covariance_terms_adds_covariance_variables_as_terms"/>
    <testcase time="0.00999999999999801" classname="utils_formula" name="h_drop_terms_works"/>
    <testcase time="0.00499999999999901" classname="utils_formula" name="h_drop_terms_works"/>
    <testcase time="0.00400000000000134" classname="utils_formula" name="h_drop_terms_works"/>
    <testcase time="0.0100000000000016" classname="utils_formula" name="h_add_terms_works_on_adds_is_length_0"/>
    <testcase time="0.00399999999999778" classname="utils_formula" name="h_add_terms_works_on_adds_is_length_0"/>
  </testsuite>
  <testsuite name="utils-nse" timestamp="2023-08-25T03:37:39Z" hostname="a611bdc3347a" tests="20" skipped="0" failures="0" errors="0" time="0.123">
    <testcase time="0.0139999999999993" classname="utils_nse" name="flatten_expr_collapses_expressions_into_sequential_atoms_and_ops"/>
    <testcase time="0.00400000000000134" classname="utils_nse" name="flatten_expr_collapses_expressions_into_sequential_atoms_and_ops"/>
    <testcase time="0.0100000000000016" classname="utils_nse" name="flatten_call_collapses_expressions_into_sequential_atoms_and_ops"/>
    <testcase time="0.00499999999999901" classname="utils_nse" name="flatten_call_collapses_expressions_into_sequential_atoms_and_ops"/>
    <testcase time="0.0100000000000016" classname="utils_nse" name="position_symbol_returns_position_of_a_symbol_in_a_list_of_language"/>
    <testcase time="0.00399999999999778" classname="utils_nse" name="position_symbol_returns_position_of_a_symbol_in_a_list_of_language"/>
    <testcase time="0.00399999999999778" classname="utils_nse" name="position_symbol_returns_position_of_a_symbol_in_a_list_of_language"/>
    <testcase time="0.00500000000000256" classname="utils_nse" name="position_symbol_returns_position_of_a_symbol_in_a_list_of_language"/>
    <testcase time="0.00999999999999801" classname="utils_nse" name="is_infix_identifies_primitive_infix_operators"/>
    <testcase time="0.00400000000000134" classname="utils_nse" name="is_infix_identifies_primitive_infix_operators"/>
    <testcase time="0.00399999999999778" classname="utils_nse" name="is_infix_identifies_primitive_infix_operators"/>
    <testcase time="0.00400000000000134" classname="utils_nse" name="is_infix_identifies_primitive_infix_operators"/>
    <testcase time="0.00400000000000134" classname="utils_nse" name="is_infix_identifies_primitive_infix_operators"/>
    <testcase time="0.00399999999999778" classname="utils_nse" name="is_infix_identifies_primitive_infix_operators"/>
    <testcase time="0.0100000000000016" classname="utils_nse" name="formula_rhs_fetches_the_right_most_part_of_a_formula"/>
    <testcase time="0.00399999999999778" classname="utils_nse" name="formula_rhs_fetches_the_right_most_part_of_a_formula"/>
    <testcase time="0.00400000000000134" classname="utils_nse" name="formula_rhs_fetches_the_right_most_part_of_a_formula"/>
    <testcase time="0.00999999999999801" classname="utils_nse" name="format_symbols_formats_variables_as_though_they_were_passed_to_a_formula"/>
    <testcase time="0.00500000000000256" classname="utils_nse" name="format_symbols_formats_variables_as_though_they_were_passed_to_a_formula"/>
    <testcase time="0.00399999999999778" classname="utils_nse" name="format_symbols_formats_variables_as_though_they_were_passed_to_a_formula"/>
  </testsuite>
  <testsuite name="utils" timestamp="2023-08-25T03:37:39Z" hostname="a611bdc3347a" tests="63" skipped="0" failures="0" errors="0" time="0.417">
    <testcase time="0.0150000000000006" classname="utils" name="h_record_all_outputs_correctly_removes_specified_messages"/>
    <testcase time="0.0109999999999992" classname="utils" name="h_record_all_outputs_works_as_expected_with_no_removal_list_given_for_messages"/>
    <testcase time="0.017000000000003" classname="utils" name="h_record_all_outputs_catches_divergence_errors_warnings_messages_as_expected"/>
    <testcase time="0.000999999999997669" classname="utils" name="h_record_all_outputs_catches_divergence_errors_warnings_messages_as_expected"/>
    <testcase time="0.0120000000000005" classname="utils" name="trace_of_a_matrix_works_as_expected"/>
    <testcase time="0.00400000000000134" classname="utils" name="trace_of_a_matrix_works_as_expected"/>
    <testcase time="0.0109999999999992" classname="utils" name="h_split_control_split_the_control_args_based_on_optimizers"/>
    <testcase time="0.00400000000000134" classname="utils" name="h_split_control_split_the_control_args_based_on_optimizers"/>
    <testcase time="0.00399999999999778" classname="utils" name="h_split_control_split_the_control_args_based_on_optimizers"/>
    <testcase time="0.00400000000000134" classname="utils" name="h_split_control_split_the_control_args_based_on_optimizers"/>
    <testcase time="0.00399999999999778" classname="utils" name="h_split_control_split_the_control_args_based_on_optimizers"/>
    <testcase time="0.00400000000000134" classname="utils" name="h_split_control_split_the_control_args_based_on_optimizers"/>
    <testcase time="0.00400000000000134" classname="utils" name="h_split_control_split_the_control_args_based_on_optimizers"/>
    <testcase time="0.00399999999999778" classname="utils" name="h_split_control_split_the_control_args_based_on_optimizers"/>
    <testcase time="0.00400000000000134" classname="utils" name="h_split_control_split_the_control_args_based_on_optimizers"/>
    <testcase time="0.00999999999999801" classname="utils" name="h_split_control_split_the_control_args_with_updated_arguments"/>
    <testcase time="0.00400000000000134" classname="utils" name="h_split_control_split_the_control_args_with_updated_arguments"/>
    <testcase time="0.00400000000000134" classname="utils" name="h_split_control_split_the_control_args_with_updated_arguments"/>
    <testcase time="0.00399999999999778" classname="utils" name="h_split_control_split_the_control_args_with_updated_arguments"/>
    <testcase time="0.00400000000000134" classname="utils" name="h_split_control_split_the_control_args_with_updated_arguments"/>
    <testcase time="0.00400000000000134" classname="utils" name="h_split_control_split_the_control_args_with_updated_arguments"/>
    <testcase time="0.00399999999999778" classname="utils" name="h_split_control_split_the_control_args_with_updated_arguments"/>
    <testcase time="0.00400000000000134" classname="utils" name="h_split_control_split_the_control_args_with_updated_arguments"/>
    <testcase time="0.0129999999999981" classname="utils" name="h_get_optimizers_works_for_default_optimizers"/>
    <testcase time="0.00600000000000023" classname="utils" name="h_get_optimizers_works_for_default_optimizers"/>
    <testcase time="0.0100000000000016" classname="utils" name="h_get_optimizers_works_added_arguments"/>
    <testcase time="0.0109999999999992" classname="utils" name="h_get_optimizers_works_custom_optimizer"/>
    <testcase time="0.00400000000000134" classname="utils" name="h_get_optimizers_works_custom_optimizer"/>
    <testcase time="0.0120000000000005" classname="utils" name="h_optimizer_fun_return_correct_optimizer"/>
    <testcase time="0.00499999999999901" classname="utils" name="h_optimizer_fun_return_correct_optimizer"/>
    <testcase time="0.00499999999999901" classname="utils" name="h_optimizer_fun_return_correct_optimizer"/>
    <testcase time="0.00600000000000023" classname="utils" name="h_optimizer_fun_return_correct_optimizer"/>
    <testcase time="0.00400000000000134" classname="utils" name="h_optimizer_fun_return_correct_optimizer"/>
    <testcase time="0.00399999999999778" classname="utils" name="h_optimizer_fun_return_correct_optimizer"/>
    <testcase time="0.00400000000000134" classname="utils" name="h_optimizer_fun_return_correct_optimizer"/>
    <testcase time="0.00400000000000134" classname="utils" name="h_optimizer_fun_return_correct_optimizer"/>
    <testcase time="0.0119999999999969" classname="utils" name="h_partial_fun_args_works_correctly_to_add_attributes"/>
    <testcase time="0.00400000000000134" classname="utils" name="h_partial_fun_args_works_correctly_to_add_attributes"/>
    <testcase time="0.00400000000000134" classname="utils" name="h_partial_fun_args_works_correctly_to_add_attributes"/>
    <testcase time="0.00399999999999778" classname="utils" name="h_partial_fun_args_works_correctly_to_add_attributes"/>
    <testcase time="0.0100000000000016" classname="utils" name="fill_names_completes_names_of_input_values"/>
    <testcase time="0.00399999999999778" classname="utils" name="fill_names_completes_names_of_input_values"/>
    <testcase time="0.00400000000000134" classname="utils" name="fill_names_completes_names_of_input_values"/>
    <testcase time="0.00499999999999901" classname="utils" name="fill_names_completes_names_of_input_values"/>
    <testcase time="0.0100000000000016" classname="utils" name="h_get_cov_default_works_correctly"/>
    <testcase time="0.00400000000000134" classname="utils" name="h_get_cov_default_works_correctly"/>
    <testcase time="0.00399999999999778" classname="utils" name="h_get_cov_default_works_correctly"/>
    <testcase time="0.00400000000000134" classname="utils" name="h_get_cov_default_works_correctly"/>
    <testcase time="0.00600000000000023" classname="utils" name="h_get_cov_default_works_correctly"/>
    <testcase time="0.0120000000000005" classname="utils" name="h_confirm_large_levels_errors_for_large_number"/>
    <testcase time="0.00799999999999912" classname="utils" name="h_confirm_large_levels_errors_for_large_number"/>
    <testcase time="0.00999999999999801" classname="utils" name="h_default_value_works"/>
    <testcase time="0.00400000000000134" classname="utils" name="h_default_value_works"/>
    <testcase time="0.00400000000000134" classname="utils" name="h_default_value_works"/>
    <testcase time="0.00900000000000034" classname="utils" name="h_factor_ref_works"/>
    <testcase time="0.00399999999999778" classname="utils" name="h_factor_ref_works"/>
    <testcase time="0.00199999999999889" classname="utils" name="h_factor_ref_works"/>
    <testcase time="0.00500000000000256" classname="utils" name="h_factor_ref_works"/>
    <testcase time="0.0299999999999976" classname="utils" name="h_factor_ref_fails_on_non_existing_level"/>
    <testcase time="0.00900000000000034" classname="utils" name="h_factor_ref_works_with_character"/>
    <testcase time="0.00400000000000134" classname="utils" name="h_factor_ref_works_with_character"/>
    <testcase time="0.00799999999999912" classname="utils" name="h_factor_ref_allows_NA_in_x"/>
    <testcase time="0.00400000000000134" classname="utils" name="h_factor_ref_allows_NA_in_x"/>
  </testsuite>
</testsuites>
